
Gurobi 9.5.2 (win64) logging started Thu Apr  6 03:02:55 2023

Set parameter LogFile to value "2023-04-05_23hr-02min-04sec/Nodes100_Arcs6680_LocNodes75/Formulation-2Instance-1.log"
Set parameter TimeLimit to value 1200
Set parameter IntFeasTol to value 1e-09
Set parameter DualReductions to value 0
Set parameter NonConvex to value 2
Gurobi Optimizer version 9.5.2 build v9.5.2rc0 (win64)
Thread count: 4 physical cores, 8 logical processors, using up to 8 threads
Optimize a model with 6956 rows, 13810 columns and 40780 nonzeros
Model fingerprint: 0x74496bbe
Model has 6780 quadratic objective terms
Model has 6780 SOS constraints
Variable types: 13735 continuous, 75 integer (75 binary)
Coefficient statistics:
  Matrix range     [4e-04, 2e+02]
  Objective range  [1e-04, 1e+03]
  QObjective range [9e-04, 8e+00]
  Bounds range     [1e+00, 1e+00]
  RHS range        [1e-04, 7e+03]
Presolve time: 0.03s
Presolved: 6956 rows, 13810 columns, 40780 nonzeros
Presolved model has 6780 SOS constraint(s)
Presolved model has 6780 quadratic objective terms
Variable types: 13735 continuous, 75 integer (75 binary)

Root simplex log...

Iteration    Objective       Primal Inf.    Dual Inf.      Time
   19455    3.0475590e+05   6.963897e+02   0.000000e+00      5s
   21058    3.0407875e+05   0.000000e+00   0.000000e+00      6s

Root relaxation: objective 3.040787e+05, 21058 iterations, 6.28 seconds (7.98 work units)

    Nodes    |    Current Node    |     Objective Bounds      |     Work
 Expl Unexpl |  Obj  Depth IntInf | Incumbent    BestBd   Gap | It/Node Time

     0     0 304078.749    0  442          - 304078.749      -     -    6s
H    0     0                    286263.75792 304077.580  6.22%     -   25s
     0     0 304077.580    0  442 286263.758 304077.580  6.22%     -   25s
H    0     2                    287033.23767 304077.580  5.94%     -   73s
     0     2 304077.580    0  442 287033.238 304077.580  5.94%     -   73s
     3     8 303919.646    2  446 287033.238 304026.791  5.92%  54.3   75s
H   23    31                    293496.59813 303945.714  3.56%  47.8   84s
H   30    35                    293827.94575 303945.714  3.44%  49.5   88s
    45    52 303145.956   12  483 293827.946 303945.714  3.44%  55.8   92s
H   57    60                    298938.87580 303945.714  1.67%  51.8   99s
    59    65 303442.171   16  489 298938.876 303945.714  1.67%  51.6  103s
H   64    69                    299712.83645 303945.714  1.41%  54.0  112s
    76    88 303432.085   17  488 299712.836 303945.714  1.41%  67.2  115s
   112   123 303369.403   21  502 299712.836 303945.714  1.41%  64.1  120s
   132   146 303328.194   26  519 299712.836 303945.714  1.41%  68.3  126s
H  149   160                    300942.81396 303945.714  1.00%  67.4  133s
   159   181 303272.396   29  523 300942.814 303945.714  1.00%  67.7  139s
   180   197 303243.983   33  525 300942.814 303945.714  1.00%  69.3  142s
   196   216 303220.090   37  520 300942.814 303945.714  1.00%  72.4  148s
   215   238 303205.203   39  510 300942.814 303945.714  1.00%  75.5  154s
H  229   238                    302568.19500 303945.714  0.46%  77.0  171s
   268   281 303068.654   45  560 302568.195 303945.714  0.46%  75.4  191s
   300   309 303172.952   49  522 302568.195 303945.714  0.46%  75.6  202s
   330   326 303163.088   52  524 302568.195 303945.714  0.46%  75.4  218s
   351   356 303160.121   54  524 302568.195 303945.714  0.46%  78.1  223s
   362   356 303363.164   56  476 302568.195 303945.714  0.46%  78.7  230s
   404   397 303143.858   59  519 302568.195 303945.714  0.46%  78.7  236s
   428   397 303347.211   63  474 302568.195 303945.714  0.46%  78.5  249s
   436   406     cutoff   64      302568.195 303945.714  0.46%  80.1  252s
   448   406 303235.445   74  524 302568.195 303945.714  0.46%  79.7  258s
   461   437 302848.349   70  528 302568.195 303945.714  0.46%  80.7  268s
H  482   423                    302671.78894 303945.714  0.42%  80.5  275s
   507   464 303075.848   82  541 302671.789 303945.714  0.42%  80.0  292s
   525   464 303183.876   71  458 302671.789 303945.714  0.42%  80.6  312s
   539   480 302899.999   84  581 302671.789 303945.714  0.42%  80.4  328s
   559   529 303075.013   86  529 302671.789 303945.714  0.42%  79.7  331s
   610   558     cutoff   93      302671.789 303945.714  0.42%  78.6  335s
   647   586 303054.763   99  518 302671.789 303945.714  0.42%  78.1  348s
   677   628 303020.627  103  512 302671.789 303945.714  0.42%  79.0  352s
   729   665 303038.631  109  513 302671.789 303945.714  0.42%  78.5  403s
   784   703 302928.320  119  470 302671.789 303945.714  0.42%  79.4  414s
   836   745     cutoff  124      302671.789 303945.714  0.42%  79.7  424s
   857   745     cutoff  125      302671.789 303945.714  0.42%  79.9  425s
   900   796 303024.592  134  496 302671.789 303945.714  0.42%  79.3  449s
   916   796 303012.416  143  496 302671.789 303945.714  0.42%  79.0  463s
   967   842 303001.194  149  493 302671.789 303945.714  0.42%  79.3  474s
  1037   890 302996.964  158  484 302671.789 303945.714  0.42%  79.2  485s
  1135   952 302874.028  176  500 302671.789 303945.714  0.42%  78.7  503s
  1217  1016 302959.613  188  486 302671.789 303945.714  0.42%  78.0  543s
  1245  1016 302951.681  202  477 302671.789 303945.714  0.42%  77.5  556s
  1276  1016 303074.455  186  493 302671.789 303945.714  0.42%  77.1  569s
  1323  1065 302951.666  203  476 302671.789 303945.714  0.42%  77.2  594s
  1356  1065 303064.990  196  491 302671.789 303945.714  0.42%  76.8  608s
  1396  1065 303235.861  171  418 302671.789 303945.714  0.42%  77.2  621s
  1410  1124 302946.546  212  469 302671.789 303945.714  0.42%  77.2  627s
  1432  1124 302718.287  224  520 302671.789 303945.714  0.42%  76.9  641s
  1453  1124 302841.910  211  505 302671.789 303945.714  0.42%  76.8  654s
H 1505   671                    303025.16234 303945.714  0.30%  76.9  758s
H 1506   387                    303151.85164 303945.714  0.26%  76.9  758s
  1509   384     cutoff  229      303151.852 303945.714  0.26%  76.8  864s
  1519   384 303592.889    8  451 303151.852 303945.714  0.26%  76.6  878s
H 1524   384                    303152.01070 303932.378  0.26%  76.4  878s
  1527   384     cutoff  178      303152.011 303932.378  0.26%  76.3  885s
  1532   445 303581.225    9  455 303152.011 303932.378  0.26%  76.1  892s
  1628   445 303827.842    4  451 303152.011 303932.378  0.26%  74.2  899s
  1655   525 303309.595   29  480 303152.011 303932.378  0.26%  73.9  912s
  1722   525 303195.210   60  482 303152.011 303932.378  0.26%  72.0  925s
  1943   680 303179.883   65  489 303152.011 303900.427  0.25%  66.7  966s
  2018   680 303675.496    6  458 303152.011 303891.556  0.24%  64.9  973s
  2163   680 303395.831   18  517 303152.011 303891.556  0.24%  62.1 1000s
  2211   680 303348.832   31  497 303152.011 303891.556  0.24%  61.4 1013s
H 2234   680                    303152.01213 303891.556  0.24%  61.0 1066s
  2235   681 303423.687   19   29 303152.012 303891.556  0.24%  61.0 1071s
  2237   682 303480.766   13  826 303152.012 303891.556  0.24%  61.0 1139s
  2238   683 303171.256   24  704 303152.012 303891.556  0.24%  60.9 1149s

Explored 2239 nodes (177432 simplex iterations) in 1200.08 seconds (538.70 work units)
Thread count was 8 (of 8 available processors)

Solution count 10: 303152 303152 303152 ... 293828

Time limit reached
Best objective 3.031520121275e+05, best bound 3.038915561583e+05, gap 0.2440%

User-callback calls 23038, time in user-callback 606.04 sec
