
Gurobi 9.5.2 (win64) logging started Wed Apr  5 23:23:56 2023

Set parameter LogFile to value "2023-04-05_23hr-02min-04sec/Nodes100_Arcs1510_LocNodes75/Formulation-2Instance-1.log"
Set parameter TimeLimit to value 1200
Set parameter IntFeasTol to value 1e-09
Set parameter DualReductions to value 0
Set parameter NonConvex to value 2
Gurobi Optimizer version 9.5.2 build v9.5.2rc0 (win64)
Thread count: 4 physical cores, 8 logical processors, using up to 8 threads
Optimize a model with 1786 rows, 3470 columns and 9760 nonzeros
Model fingerprint: 0xc1c190c8
Model has 1610 quadratic objective terms
Model has 1610 SOS constraints
Variable types: 3395 continuous, 75 integer (75 binary)
Coefficient statistics:
  Matrix range     [4e-04, 2e+02]
  Objective range  [1e-03, 1e+03]
  QObjective range [9e-04, 8e+00]
  Bounds range     [1e+00, 1e+00]
  RHS range        [1e-03, 7e+03]
Presolve time: 0.00s
Presolved: 1786 rows, 3470 columns, 9760 nonzeros
Presolved model has 1610 SOS constraint(s)
Presolved model has 1610 quadratic objective terms
Variable types: 3395 continuous, 75 integer (75 binary)

Root relaxation: objective 4.462419e+05, 4834 iterations, 0.61 seconds (0.61 work units)

    Nodes    |    Current Node    |     Objective Bounds      |     Work
 Expl Unexpl |  Obj  Depth IntInf | Incumbent    BestBd   Gap | It/Node Time

     0     0 446241.928    0  105          - 446241.928      -     -    0s
H    0     0                    428624.36849 446223.192  4.11%     -    2s
     0     0 446223.192    0  105 428624.368 446223.192  4.11%     -    2s
H    0     2                    434929.64714 446223.192  2.60%     -    6s
     0     2 446223.192    0  105 434929.647 446223.192  2.60%     -    6s
H   57    60                    437787.36901 445992.375  1.87%  12.7    9s
H   64    69                    439990.12796 445992.375  1.36%  13.0   10s
H  149   155                    444404.45249 445992.375  0.36%  15.4   12s
H  257   191                    444441.50694 445821.778  0.31%  13.1   13s
H  302   217                    444601.73413 445821.778  0.27%  13.0   14s
   310   230 444917.651   30  112 444601.734 445821.778  0.27%  13.0   15s
H  343   228                    444799.35078 445821.778  0.23%  12.8   16s
H  365   222                    444826.80458 445821.778  0.22%  12.6   17s
H  427   224                    444827.38895 445792.300  0.22%  11.9   18s
   506   234 445588.300    8  105 444827.389 445738.420  0.20%  11.4   20s
H  523   234                    444827.89093 445738.420  0.20%  11.4   21s
   642   218 445061.799   16  117 444827.891 445724.965  0.20%  10.8   27s
   874   307     cutoff   39      444827.891 445644.489  0.18%   9.7   32s
H  897   304                    444829.47483 445637.423  0.18%   9.8   33s
H  909   304                    444829.49186 445637.423  0.18%   9.7   34s
*  963   327             138    444829.49273 445637.423  0.18%   9.5   35s
  1134   408 444914.247   50   77 444829.493 445637.423  0.18%   9.4   42s
  1388   501 444861.961   75   52 444829.493 445637.423  0.18%   9.0   46s
H 1398   499                    444829.68802 445637.423  0.18%   8.9   47s
  1456   532 444853.834   84   47 444829.688 445637.423  0.18%   8.9   50s
H 1467   532                    444830.13771 445637.423  0.18%   8.9   51s
  1612   595 444838.110  100   32 444830.138 445637.423  0.18%   8.8   57s
  1701   633     cutoff  111      444830.138 445535.619  0.16%   8.6   61s
  1793   687 445240.016   18   96 444830.138 445535.619  0.16%   8.5   67s
  1988   758 444868.412   59   72 444830.138 445406.475  0.13%   8.4   71s
  2089   759 445217.336   14   29 444830.138 445403.995  0.13%   8.3   75s
H 2090   722                    444830.59979 445403.995  0.13%   8.3  101s
  2094   724 445374.131   12  175 444830.600 445403.995  0.13%   8.3  152s
H 2096   690                    444830.59991 445403.995  0.13%  11.1  191s
  2097   690 444982.712   37  830 444830.600 445386.694  0.13%  11.1  198s
H 2099   657                    444830.62315 445386.694  0.13%  11.1  241s
  2103   660 445067.183   15  821 444830.623 445386.694  0.13%  14.0  260s
H 2105   628                    444832.03588 445386.694  0.12%  14.0  275s
  2107   630 445386.694   40  759 444832.036 445386.694  0.12%  16.7  280s
  2109   631 445386.694   41  701 444832.036 445386.694  0.12%  16.8  312s
  2175   660 445137.679   47  719 444832.036 445386.694  0.12%  16.8  316s
  2317   683 445020.197   49  711 444832.036 445386.694  0.12%  16.6  321s
  2472   689 444854.322   60  699 444832.036 445386.694  0.12%  16.2  325s
H 2563   705                    444834.95967 445386.694  0.12%  16.0  329s
  2576   724 445177.686   54  698 444834.960 445386.694  0.12%  16.0  331s
  2691   752     cutoff   61      444834.960 445386.694  0.12%  15.7  335s
  2862   793 444969.053   64  711 444834.960 445386.694  0.12%  15.3  341s
  3003   812 444851.523   78  699 444834.960 445386.694  0.12%  15.0  347s
  3102   813 445190.787   51  711 444834.960 445386.694  0.12%  14.9  350s
  3204   829 445093.496   52  711 444834.960 445386.694  0.12%  14.8  356s
  3323   855 445024.016   53  714 444834.960 445386.694  0.12%  14.6  360s
  3450   872     cutoff   56      444834.960 445386.694  0.12%  14.5  366s
  3526   872 444899.598   57  701 444834.960 445386.694  0.12%  14.4  370s
H 3603   812                    444836.94646 445386.694  0.12%  14.3  381s
  3616   810 444976.418   56  716 444836.946 445386.694  0.12%  14.3  385s
  3700   814 444859.888  128  622 444836.946 445386.694  0.12%  14.2  390s
  3894   892     cutoff   88      444836.946 445386.694  0.12%  14.0  399s
  4004   917 444843.509  101  675 444836.946 445377.040  0.12%  13.8  400s
  4216  1037 445140.121   46  709 444836.946 445367.847  0.12%  13.6  408s
  4346  1071 444868.913   46  715 444836.946 445358.226  0.12%  13.4  413s
  4424  1071     cutoff   53      444836.946 445339.948  0.11%  13.3  415s
  4604  1140     cutoff   46      444836.946 445331.592  0.11%  13.2  420s
  4892  1240 444960.907   60  705 444836.946 445304.880  0.11%  13.0  427s
  5061  1240 444843.946   86  689 444836.946 445297.952  0.10%  12.9  433s
  5231  1352 445109.623   54  700 444836.946 445290.284  0.10%  12.8  438s
  5408  1381 445146.603   52  715 444836.946 445279.570  0.10%  12.7  443s
  5572  1436 445063.383   54  711 444836.946 445271.717  0.10%  12.7  450s
  5703  1436 445154.334   57  692 444836.946 445265.280  0.10%  12.6  455s
  5967  1590 444940.834   58  707 444836.946 445243.910  0.09%  12.5  464s
  6120  1590 444963.773   59  706 444836.946 445234.486  0.09%  12.4  467s
  6331  1667     cutoff   56      444836.946 445225.295  0.09%  12.3  472s
  6407  1719     cutoff   53      444836.946 445222.217  0.09%  12.3  476s
  6649  1816     cutoff   65      444836.946 445209.528  0.08%  12.2  481s
  6933  1916 445033.027   55  704 444836.946 445199.663  0.08%  12.1  494s
  7125  1916 444896.524   64  705 444836.946 445191.591  0.08%  12.0  502s
  7236  2005 444996.724   56  694 444836.946 445178.695  0.08%  12.0  506s
  7524  2070 444869.836   66  690 444836.946 445166.020  0.07%  11.9  517s
  7660  2070 444994.157   58  703 444836.946 445159.638  0.07%  11.9  521s
  7814  2133 444851.058   70  702 444836.946 445148.548  0.07%  11.8  525s
  8158  2201     cutoff   62      444836.946 445127.088  0.07%  11.7  532s
  8569  2295 445008.092   56  692 444836.946 445117.002  0.06%  11.6  542s
  9008  2319 444905.441   59  710 444836.946 445106.701  0.06%  11.5  550s
  9467  2379 444930.759   60  714 444836.946 445087.822  0.06%  11.4  565s
  9975  2408     cutoff   59      444836.946 445081.137  0.05%  11.3  578s
 10249  2408 445028.953   50  712 444836.946 445073.580  0.05%  11.2  584s
 10325  2436     cutoff   57      444836.946 445069.581  0.05%  11.2  586s
 10551  2436     cutoff   82      444836.946 445064.778  0.05%  11.2  590s
 10949  2496 445002.220   58  705 444836.946 445061.115  0.05%  11.1  599s
 11617  2488 444954.283   56  712 444836.946 445043.558  0.05%  11.0  613s
 12195  2488 444900.299   56  708 444836.946 445039.820  0.05%  10.9  622s
 12317  2425     cutoff   61      444836.946 445027.296  0.04%  10.9  629s
 12806  2425 444866.155   74  688 444836.946 445023.621  0.04%  10.8  641s
 13090  2339     cutoff   66      444836.946 445006.724  0.04%  10.7  649s
 13995  2346     cutoff   61      444836.946 444986.661  0.03%  10.5  668s
 14197  2346 444923.338   81  687 444836.946 444986.188  0.03%  10.5  674s
 14294  2346 444842.209  103  663 444836.946 444985.970  0.03%  10.5  676s
 15044  2282     cutoff   74      444836.946 444971.218  0.03%  10.3  703s
 16145  2360 444846.573   88  677 444836.946 444945.419  0.02%  10.0  736s
 16209  2360 444855.848  131  635 444836.946 444945.419  0.02%  10.0  742s
 16771  2360 444897.562   71  702 444836.946 444944.471  0.02%   9.9  754s
 17348  2340     cutoff   66      444836.946 444941.585  0.02%   9.8  768s
 17570  2340 444899.181   67  693 444836.946 444940.034  0.02%   9.7  772s
 18304  2144     cutoff  117      444836.946 444933.006  0.02%   9.6  790s
 19547  2144 444841.941   74  698 444836.946 444902.397  0.01%   9.4  803s
 19581  2033     cutoff   64      444836.946 444900.505  0.01%   9.4  808s
 19732  2033 444841.775   77  702 444836.946 444900.505  0.01%   9.3  813s
 20720  2169     cutoff   78      444836.946 444889.808  0.01%   9.2  830s
 20848  2169 444840.377  146  616 444836.946 444889.489  0.01%   9.2  835s
 22103  2195 444842.922  110  661 444836.946 444883.052  0.01%   9.0  869s
 22228  2195 444840.210  148  616 444836.946 444883.052  0.01%   9.0  874s

Explored 23690 nodes (212033 simplex iterations) in 911.58 seconds (155.84 work units)
Thread count was 8 (of 8 available processors)

Solution count 10: 444837 444835 444832 ... 444829

Optimal solution found (tolerance 1.00e-04)
Best objective 4.448369464631e+05, best bound 4.448741352913e+05, gap 0.0084%

User-callback calls 55497, time in user-callback 579.11 sec
