
Gurobi 9.5.2 (win64) logging started Mon Mar 27 21:49:37 2023

Set parameter LogFile to value "2023-03-27_20hr-25min-09sec/Nodes30_Arcs35_LocNodes22/Formulation-1Instance-3.log"
Set parameter TimeLimit to value 600
Set parameter IntFeasTol to value 1e-09
Set parameter DualReductions to value 0
Set parameter NonConvex to value 2
Gurobi Optimizer version 9.5.2 build v9.5.2rc0 (win64)
Thread count: 4 physical cores, 8 logical processors, using up to 8 threads
Optimize a model with 118 rows, 204 columns and 418 nonzeros
Model fingerprint: 0xd6e2dd53
Model has 22 quadratic objective terms
Model has 65 SOS constraints
Variable types: 182 continuous, 22 integer (22 binary)
Coefficient statistics:
  Matrix range     [1e-01, 2e+02]
  Objective range  [3e+00, 2e+02]
  QObjective range [2e+00, 2e+00]
  Bounds range     [1e+00, 1e+00]
  RHS range        [4e-02, 2e+03]
Presolve removed 1 rows and 2 columns
Presolve time: 0.00s
Presolved: 162 rows, 226 columns, 526 nonzeros
Presolved model has 63 SOS constraint(s)
Presolved model has 22 bilinear constraint(s)
Variable types: 204 continuous, 22 integer (22 binary)

Root relaxation: unbounded, 113 iterations, 0.00 seconds (0.00 work units)

    Nodes    |    Current Node    |     Objective Bounds      |     Work
 Expl Unexpl |  Obj  Depth IntInf | Incumbent    BestBd   Gap | It/Node Time

     0     0  postponed    0               -          -      -     -    0s
     0     0  postponed    0               -          -      -     -    0s
Exploring 100 nodes in MinRel heuristic
No solution found by MinRel heuristic
     0     2  postponed    0               -          -      -     -    0s
Exploring 10000 nodes in MinRel heuristic
H 4604   961                    -10784.78972          -      -  24.9    2s
Feasible solution found by MinRel heuristic at node 1185
 10373   975  postponed   42      -10784.790          -      -  25.8    5s
H10455   975                    -9367.789724          -      -  25.9    5s
 24187   841  postponed   31      -9367.7897          -      -  20.8   10s
H28120   899                    194772.75421          -      -  20.1   11s
H35359  1117                    625181.96752          -      -  19.4   14s
 36499  1440 infeasible   43      625181.968          -      -  19.3   15s
H36738  1432                    635106.49387          -      -  19.2   15s
H36875  1432                    635108.64502          -      -  19.2   15s
H38204  1267                    641989.70767          -      -  18.9   15s
H38240  1255                    649316.45035          -      -  18.9   15s
H38377  1254                    650515.29054          -      -  18.9   15s
H39559  1229                    650515.31751          -      -  18.7   16s
*39606  1229             127    650515.31771          -      -  18.7   16s
*43393  1113              77    651405.80744          -      -  18.4   17s
*43396  1113              78    651405.80796          -      -  18.4   17s
 49186  1192  postponed   41      651405.808          -      -  18.2   20s
 61660  1180 infeasible   38      651405.808          -      -  17.7   25s
 74057  1297 infeasible   44      651405.808          -      -  17.4   30s
H78836  1405                    655577.76023          -      -  17.2   31s
H82004  1424                    657878.65611          -      -  17.1   33s
 84900  1425 infeasible   37      657878.656          -      -  17.1   35s
H87326  1557                    658273.62252          -      -  17.1   36s
*96125  1697              89    658851.38696          -      -  16.9   39s
 97068  1676     cutoff   43      658851.387          -      -  16.8   40s
H100212  1932                    658981.86851          -      -  16.8   41s
H102369  1748                    659498.86851          -      -  16.7   42s
*105080  1958             167    659500.41551          -      -  16.6   43s
H105081  1958                    659500.41815          -      -  16.6   43s
*105088  1958             168    659500.49157          -      -  16.6   43s
*105089  1958             168    659500.50478          -      -  16.6   43s
H107976  2043                    660400.95011          -      -  16.5   44s
H108097  2041                    660512.31830          -      -  16.5   44s
H108265  2000                    660670.31830          -      -  16.5   44s
H108977  1993                    660745.09716          -      -  16.5   44s
 109388  2500 infeasible   40      660745.097          -      -  16.5   45s
H110083  2498                    660826.63624          -      -  16.5   45s
H110171  2487                    660912.92298          -      -  16.5   45s
H110308  2487                    660914.07488          -      -  16.4   45s
H110344  2439                    661299.09716          -      -  16.4   45s
 121273  2091  postponed   39      661299.097          -      -  16.3   50s
 133374  2212 infeasible   40      661299.097          -      -  16.1   55s
 145447  2325 infeasible   41      661299.097          -      -  16.0   60s
 160154  2567 infeasible   41      661299.097          -      -  15.8   65s
 174370  2653  postponed   39      661299.097          -      -  15.7   70s
 188942  2772 infeasible   38      661299.097          -      -  15.7   75s
 202202  2782 infeasible   31      661299.097          -      -  15.7   80s
 216114  3100 infeasible   41      661299.097          -      -  15.7   85s
 230180  3503 infeasible   44      661299.097          -      -  15.7   90s
 246087  3835  postponed   41      661299.097          -      -  15.6   95s
 259245  4000 infeasible   36      661299.097          -      -  15.6  100s
 273454  4310 infeasible   43      661299.097          -      -  15.6  105s
 288079  4597 infeasible   34      661299.097          -      -  15.6  110s
 301145  4804 673937.393   50   20 661299.097          -      -  15.7  115s
 313342  5035 infeasible   40      661299.097          -      -  15.7  120s
 327205  5177 infeasible   34      661299.097          -      -  15.7  125s
 341528  5145  postponed   39      661299.097          -      -  15.7  130s
 355994  5518  postponed   35      661299.097          -      -  15.7  135s
*364042  5667             181    661353.61136          -      -  15.7  137s
*364044  5667             182    661356.35889          -      -  15.7  137s
*364046  5667             183    661356.49620          -      -  15.7  137s
*364048  5667             184    661356.50304          -      -  15.7  137s
*364052  5667             186    661356.50335          -      -  15.7  137s
 368910  5785 664077.948   63    8 661356.503          -      -  15.7  140s
 383585  6036  postponed   39      661356.503          -      -  15.7  145s
 397156  6250 infeasible   32      661356.503          -      -  15.7  150s
 412032  6214     cutoff   48      661356.503          -      -  15.6  155s
 425251  6482 infeasible   43      661356.503          -      -  15.6  160s
 438855  6569  postponed   46      661356.503          -      -  15.6  165s
 452134  6627  postponed   26      661356.503          -      -  15.6  170s
H461662  6658                    661521.88828          -      -  15.6  173s
H465022  6616                    661575.40408          -      -  15.5  174s
 465132  6613 infeasible   33      661575.404          -      -  15.5  175s
 474271  6731 infeasible   37      661575.404          -      -  15.6  180s
 490301  6807  postponed   36      661575.404          -      -  15.6  185s
 502912  6757 infeasible   32      661575.404          -      -  15.6  190s
H503952  7097                    661763.71311          -      -  15.6  190s
*505853  7736             100    661772.38320 705925.247  6.67%  15.5  190s
*505855  7736             101    661772.38330 705925.247  6.67%  15.5  190s
*507465  8355             117    661772.81770 704386.010  6.44%  15.5  191s
*507466  8355             117    661772.83966 704386.010  6.44%  15.5  191s
*507467  8355             116    661772.86227 704386.010  6.44%  15.5  191s
*507468  8355             115    661772.88645 704386.010  6.44%  15.5  191s
*507469  8355             114    661772.91142 704386.010  6.44%  15.5  191s
H508688  8963                    661824.57213 703000.217  6.22%  15.5  191s
H509193  9247                    661997.57213 703000.217  6.19%  15.5  191s
H509560  9207                    662054.83178 702392.477  6.09%  15.5  191s
H510567  9304                    662380.83178 701794.985  5.95%  15.4  192s
 522645 13824 662981.418   74    9 662380.832 697680.314  5.33%  15.2  195s
 543461 21507     cutoff   71      662380.832 694205.520  4.80%  14.7  200s
*549145 23389             138    662416.78673 693547.447  4.70%  14.6  201s
*549898 23697             139    662420.20625 693441.070  4.68%  14.6  201s
 563864 28764 663231.119   66    7 662420.206 692152.487  4.49%  14.3  205s
 585282 35292 662804.608   68    8 662420.206 690709.911  4.27%  13.9  210s
 606527 41784     cutoff   61      662420.206 689505.802  4.09%  13.6  215s
 628564 47666 669168.608   63   12 662420.206 688464.271  3.93%  13.2  220s
H642132 50987                    662431.21381 687823.545  3.83%  13.0  223s
 650965 53297     cutoff   66      662431.214 687429.583  3.77%  12.9  225s
H651964 53430                    662503.80678 687411.247  3.76%  12.9  225s
H652101 53420                    662506.47394 687411.247  3.76%  12.9  225s
H652910 53669                    662506.48188 687411.247  3.76%  12.9  225s
*652927 53667             155    662506.48208 687411.247  3.76%  12.9  225s
 673325 58418 679143.893   56    6 662506.482 686474.082  3.62%  12.6  230s
*677484 59245             125    662507.38992 686320.728  3.59%  12.6  230s
*689492 60997             149    662654.17907 685828.741  3.50%  12.4  233s
H689493 60997                    662654.17915 685828.741  3.50%  12.4  233s
*692170 61484             108    662727.15562 685728.737  3.47%  12.4  234s
*692254 61484             136    662727.18308 685728.737  3.47%  12.4  234s
*693076 61621             145    662727.21945 685695.770  3.47%  12.4  234s
 696223 62239     cutoff   64      662727.219 685568.219  3.45%  12.3  235s
 715690 65453 683704.982   53   10 662727.219 684844.645  3.34%  12.1  240s
 737933 69130     cutoff   61      662727.219 683934.431  3.20%  11.8  245s
 760373 72272     cutoff   67      662727.219 683025.411  3.06%  11.6  250s
 783525 75009 663768.111   57    7 662727.219 682184.175  2.94%  11.4  255s
 806993 77432 665176.120   63    9 662727.219 681356.631  2.81%  11.1  260s
 830604 79462 680108.042   52    7 662727.219 680560.850  2.69%  10.9  265s
 853503 81402 663296.825   58    7 662727.219 679839.682  2.58%  10.7  270s
 876110 83123 662902.889   72    8 662727.219 679181.686  2.48%  10.6  275s
 897987 84716     cutoff   56      662727.219 678580.047  2.39%  10.4  280s
 920234 86175     cutoff   66      662727.219 677993.965  2.30%  10.2  285s
 943211 87581 666786.843   62   10 662727.219 677459.177  2.22%  10.1  290s
 964814 88999 662962.185   56    6 662727.219 676983.160  2.15%   9.9  295s
 986566 90065 673942.122   54    9 662727.219 676532.697  2.08%   9.8  300s
 1007026 91013 666023.333   63   13 662727.219 676096.206  2.02%   9.7  305s
 1028315 91951 664767.176   65   10 662727.219 675652.334  1.95%   9.6  310s
 1050486 93090 667355.439   66   11 662727.219 675203.236  1.88%   9.5  315s
 1072316 93962 666885.741   65   12 662727.219 674783.542  1.82%   9.4  320s
 1094132 94822 665252.345   62   10 662727.219 674395.569  1.76%   9.3  325s
 1117289 95387 673274.300   53    7 662727.219 673977.048  1.70%   9.2  330s
 1138683 96088     cutoff   54      662727.219 673603.139  1.64%   9.1  335s
 1160906 96675 668819.283   60    9 662727.219 673227.273  1.58%   9.0  340s
 1182076 97016 670816.264   55    8 662727.219 672897.286  1.53%   8.9  345s
 1203766 96893     cutoff   67      662727.219 672549.863  1.48%   8.8  350s
 1224886 96669     cutoff   61      662727.219 672193.131  1.43%   8.7  355s
 1245748 96197 662816.432   62    7 662727.219 671868.095  1.38%   8.7  360s
 1266499 95603     cutoff   63      662727.219 671532.340  1.33%   8.6  365s
 1286762 94888     cutoff   64      662727.219 671208.341  1.28%   8.5  370s
H1290230 94697                    662736.36682 671170.097  1.27%   8.5  370s
 1308311 93862 666078.125   64    7 662736.367 670877.843  1.23%   8.5  375s
 1330315 92755     cutoff   63      662736.367 670539.698  1.18%   8.4  380s
 1352197 91258 669305.406   57    8 662736.367 670211.708  1.13%   8.3  385s
 1373650 89830 665965.407   61    9 662736.367 669907.882  1.08%   8.3  390s
 1395589 88065 669287.276   54    9 662736.367 669584.379  1.03%   8.2  395s
 1414662 86102 666368.707   54   13 662736.367 669305.001  0.99%   8.2  400s
 1436647 83807 662809.418   69    5 662736.367 668984.402  0.94%   8.1  405s
 1455512 81601     cutoff   68      662736.367 668708.499  0.90%   8.1  410s
 1476280 78898 664742.398   64   10 662736.367 668384.114  0.85%   8.0  415s
 1495241 76194 665384.507   61   10 662736.367 668091.957  0.81%   8.0  420s
 1514976 73510     cutoff   62      662736.367 667798.769  0.76%   7.9  425s
 1535113 70627 665755.030   65    9 662736.367 667507.673  0.72%   7.9  430s
 1557192 67291     cutoff   65      662736.367 667174.196  0.67%   7.9  435s
 1577522 64141 662751.840   68    8 662736.367 666856.987  0.62%   7.8  440s
 1598312 60587     cutoff   64      662736.367 666532.009  0.57%   7.8  445s
 1617835 57137 663066.178   73    8 662736.367 666224.272  0.53%   7.8  450s
 1639065 52910 663081.749   70    9 662736.367 665877.740  0.47%   7.7  455s
 1660263 48479     cutoff   70      662736.367 665537.021  0.42%   7.7  460s
 1679342 44387     cutoff   64      662736.367 665225.238  0.38%   7.7  465s
 1700970 39384     cutoff   77      662736.367 664878.830  0.32%   7.6  470s
 1721167 34377     cutoff   69      662736.367 664573.225  0.28%   7.6  475s
H1726421 33541                    662744.22246 664512.146  0.27%   7.6  476s
 1738885 29755     cutoff   75      662744.222 664323.699  0.24%   7.6  480s
 1757910 23673     cutoff   59      662744.222 664022.885  0.19%   7.5  485s
 1777273 15930 662952.092   67    5 662744.222 663653.485  0.14%   7.5  490s
*1793185  8464             114    662744.22720 663240.812  0.07%   7.5  493s
*1793187  8464             115    662744.22744 663240.812  0.07%   7.5  493s
 1799768  4033     cutoff   72      662744.227 663012.293  0.04%   7.5  495s
H1803078  3290                    662744.85517 662936.075  0.03%   7.5  495s
*1804395  2878             117    662744.85736 662913.148  0.03%   7.5  496s

Explored 1808215 nodes (13508979 simplex iterations) in 497.00 seconds (86.57 work units)
Thread count was 8 (of 8 available processors)

Solution count 10: 662745 662745 662744 ... 662654

Optimal solution found (tolerance 1.00e-04)
Best objective 6.627448573613e+05, best bound 6.627961373599e+05, gap 0.0077%

User-callback calls 3628643, time in user-callback 36.77 sec
