
Gurobi 9.5.2 (win64) logging started Thu Apr  6 02:22:21 2023

Set parameter LogFile to value "2023-04-05_23hr-02min-04sec/Nodes100_Arcs5740_LocNodes75/Formulation-2Instance-1.log"
Set parameter TimeLimit to value 1200
Set parameter IntFeasTol to value 1e-09
Set parameter DualReductions to value 0
Set parameter NonConvex to value 2
Gurobi Optimizer version 9.5.2 build v9.5.2rc0 (win64)
Thread count: 4 physical cores, 8 logical processors, using up to 8 threads
Optimize a model with 6016 rows, 11930 columns and 35140 nonzeros
Model fingerprint: 0xe4002cde
Model has 5840 quadratic objective terms
Model has 5840 SOS constraints
Variable types: 11855 continuous, 75 integer (75 binary)
Coefficient statistics:
  Matrix range     [4e-04, 2e+02]
  Objective range  [1e-04, 1e+03]
  QObjective range [9e-04, 8e+00]
  Bounds range     [1e+00, 1e+00]
  RHS range        [1e-04, 7e+03]
Presolve time: 0.06s
Presolved: 6016 rows, 11930 columns, 35140 nonzeros
Presolved model has 5840 SOS constraint(s)
Presolved model has 5840 quadratic objective terms
Variable types: 11855 continuous, 75 integer (75 binary)

Root relaxation: objective 3.115802e+05, 18289 iterations, 4.39 seconds (6.24 work units)

    Nodes    |    Current Node    |     Objective Bounds      |     Work
 Expl Unexpl |  Obj  Depth IntInf | Incumbent    BestBd   Gap | It/Node Time

     0     0 311580.247    0  346          - 311580.247      -     -    4s
H    0     0                    292596.93861 311579.769  6.49%     -   20s
     0     0 311579.769    0  346 292596.939 311579.769  6.49%     -   20s
H    0     2                    292961.15011 311579.769  6.36%     -   49s
     0     2 311579.769    0  346 292961.150 311579.769  6.36%     -   49s
     1     4 311468.166    1  331 292961.150 311575.985  6.35%  91.0   50s
H   23    29                    297880.58326 311464.620  4.56%  44.7   58s
H   28    33                    298369.95228 311464.620  4.39%  43.0  108s
    51    60 310980.078   14  337 298369.952 311464.620  4.39%  42.5  112s
H   57    60                    304928.12146 311464.620  2.14%  43.3  118s
H   64    67                    305844.25085 311464.620  1.84%  44.1  124s
    74    86 310866.029   19  337 305844.251 311464.620  1.84%  47.6  128s
    85   100 310827.539   21  347 305844.251 311464.620  1.84%  48.9  130s
H   99   104                    306118.01291 311464.620  1.75%  48.9  133s
   114   128 310748.303   27  357 306118.013 311464.620  1.75%  55.4  137s
   139   156 310647.552   32  366 306118.013 311464.620  1.75%  58.1  141s
H  149   156                    307149.87295 311464.620  1.40%  56.5  146s
   172   187 310115.061   36  426 307149.873 311464.620  1.40%  59.1  152s
   186   197 310620.853   36  361 307149.873 311464.620  1.40%  59.0  155s
   196   214 310617.120   38  357 307149.873 311464.620  1.40%  60.8  160s
H  226   232                    307528.69037 311464.620  1.28%  63.1  168s
H  229   232                    308587.39163 311464.620  0.93%  62.7  173s
   231   248 310577.581   43  360 308587.392 311464.620  0.93%  63.9  175s
   247   261 310575.367   45  360 308587.392 311464.620  0.93%  65.2  181s
   260   285 310067.791   47  371 308587.392 311464.620  0.93%  68.3  190s
   284   303 310573.970   47  359 308587.392 311464.620  0.93%  70.0  202s
   293   303 310528.944   53  440 308587.392 311464.620  0.93%  72.0  207s
   320   336 310571.072   49  358 308587.392 311464.620  0.93%  73.2  217s
H  325   334                    309654.52056 311464.620  0.58%  73.1  226s
H  351   246                    310490.68228 311464.620  0.31%  75.0  234s
   364   243 310555.023   59  353 310490.682 311464.620  0.31%  76.1  237s
   436   257 310542.579   71  342 310490.682 311464.620  0.31%  67.6  251s
   476   257     cutoff   73      310490.682 311464.620  0.31%  62.9  257s
   512   283 310524.712   80  342 310490.682 311464.620  0.31%  61.2  264s
   538   283 310499.567   81  374 310490.682 311464.620  0.31%  58.9  270s
   591   311 310514.171   93  339 310490.682 311464.620  0.31%  56.2  304s
   661   354     cutoff  107      310490.682 311412.720  0.30%  53.5  305s
   732   385 310685.519   14  332 310490.682 311412.720  0.30%  52.2  313s
   772   385 310603.699   87  260 310490.682 311412.720  0.30%  52.0  319s
   789   431 310921.307   20  329 310490.682 311412.720  0.30%  51.6  321s
   797   431 310879.425   27  341 310490.682 311412.720  0.30%  51.4  333s
   809   431 310494.492   41  430 310490.682 311412.720  0.30%  51.4  338s
   825   431 310679.454   49  406 310490.682 311412.720  0.30%  51.2  349s
   861   464 310823.960   32  332 310490.682 311412.720  0.30%  50.4  352s
H  872   431                    310515.31001 311412.720  0.29%  50.5  357s
   928   465 310785.000   40  330 310515.310 311412.720  0.29%  49.9  364s
  1008   465 310544.998  118  269 310515.310 311412.720  0.29%  48.7  382s
H 1024   320                    310622.08381 311412.720  0.25%  48.6  390s
  1082   320     cutoff  123      310622.084 311412.720  0.25%  47.8  400s
  1204   383 310737.625   69  321 310622.084 311412.720  0.25%  45.2  410s
H 1281   329                    310658.11204 311412.720  0.24%  44.9  434s
  1282   323 310736.093   47   28 310658.112 311412.720  0.24%  44.9  438s
  1284   324 311115.534   10  635 310658.112 311412.720  0.24%  44.8  481s
  1285   325 311016.855   12  505 310658.112 311412.720  0.24%  44.8  488s
H 1286   309                    310658.12399 311412.720  0.24%  44.8  551s
  1294   319 311209.203   18  831 310658.124 311412.720  0.24%  58.1  555s
  1316   334 311072.395   20  835 310658.124 311386.623  0.23%  57.8  563s
  1324   341 311004.668   21  829 310658.124 311386.623  0.23%  57.8  565s
  1332   345 311113.820   22  845 310658.124 311386.623  0.23%  57.9  571s
  1337   351 310974.509   23  842 310658.124 311386.623  0.23%  57.9  577s
  1346   353 310922.118   25  841 310658.124 311386.623  0.23%  57.9  582s
  1347   352 311062.880   24  839 310658.124 311386.623  0.23%  57.9  587s
  1361   365 310842.557   26  845 310658.124 311386.623  0.23%  57.8  590s
  1362   364 311031.612   26  840 310658.124 311386.623  0.23%  57.9  595s
  1382   378 310813.038   29  848 310658.124 311386.623  0.23%  57.9  602s
  1392   385 310958.409   29  839 310658.124 311386.623  0.23%  57.9  608s
  1404   391 311019.149   32  852 310658.124 311386.623  0.23%  57.8  615s
  1416   394 310878.857   31  855 310658.124 311386.623  0.23%  57.7  622s
  1425   398     cutoff   35      310658.124 311380.285  0.23%  57.5  628s
  1453   403 310744.795   37  806 310658.124 311380.285  0.23%  57.3  634s
  1456   408 311258.620   20  795 310658.124 311380.285  0.23%  57.3  636s
  1480   426 311206.971   23  823 310658.124 311380.285  0.23%  57.0  643s
  1501   428 311105.004   25  843 310658.124 311380.285  0.23%  56.8  655s
  1518   436 311050.226   26  833 310658.124 311380.285  0.23%  56.7  661s
  1540   442 310983.425   28  836 310658.124 311380.285  0.23%  56.5  667s
  1556   437 310851.294   48  856 310658.124 311380.285  0.23%  56.3  673s
  1571   454 311064.266   23  804 310658.124 311380.285  0.23%  56.3  681s
  1580   451 310816.152   49  858 310658.124 311380.285  0.23%  56.2  687s
  1592   463 310805.890   38  829 310658.124 311380.285  0.23%  56.1  698s
  1598   461 310685.346   32  807 310658.124 311380.285  0.23%  56.0  704s
  1617   464 310764.264   44  837 310658.124 311380.285  0.23%  55.8  710s
  1653   456     cutoff   48      310658.124 311380.285  0.23%  55.2  727s
  1715   446 310746.600   63  853 310658.124 311350.545  0.22%  54.3  735s
  1777   472 310697.018   38  852 310658.124 311313.975  0.21%  53.3  742s
  1856   489 310736.232   25  839 310658.124 311313.975  0.21%  52.5  760s
  1909   489     cutoff   26      310658.124 311312.292  0.21%  51.6  767s
  1976   490 310668.602   36  824 310658.124 311310.565  0.21%  50.9  781s
  2074   504 310696.288   56  855 310658.124 311292.999  0.20%  49.4  791s
  2115   490 310726.077   37  833 310658.124 311292.999  0.20%  49.0  799s
  2127   499 311017.655   22  835 310658.124 311292.999  0.20%  48.9  806s
  2218   511 310749.984   30  832 310658.124 311292.999  0.20%  48.3  820s
  2253   511 310902.377   28  817 310658.124 311292.999  0.20%  48.1  826s
  2313   532 310704.391   28  863 310658.124 311279.758  0.20%  48.0 1015s
  2335   557 311014.603   23  802 310658.124 311273.226  0.20%  47.8 1021s
  2358   557 310910.786   38  832 310658.124 311273.226  0.20%  47.8 1027s
  2371   578 311011.971   29  862 310658.124 311273.226  0.20%  47.7 1041s
  2434   633     cutoff   43      310658.124 311250.216  0.19%  47.2 1047s
  2467   633 310809.201   35  812 310658.124 311250.216  0.19%  47.1 1058s
  2494   633 311135.228   24  822 310658.124 311250.216  0.19%  46.9 1079s
  2512   690 310753.926   41  880 310658.124 311247.822  0.19%  46.8 1080s
  2608   740 310851.911   36  806 310658.124 311245.640  0.19%  46.3 1104s
  2698   803 311169.126   25  859 310658.124 311245.640  0.19%  45.7 1117s
  2725   803 310678.157   41  891 310658.124 311245.640  0.19%  45.6 1122s
  2794   858 310683.635   52  880 310658.124 311231.458  0.18%  45.4 1130s
  2803   858 310660.156   59  883 310658.124 311231.458  0.18%  45.2 1141s
  2820   858 310712.028   32  827 310658.124 311231.458  0.18%  45.2 1153s
  2895   907 310658.419   35  831 310658.124 311227.936  0.18%  44.6 1161s
  2914   907 310873.121   30  861 310658.124 311227.936  0.18%  44.6 1167s
  2976   962 310833.587   28  858 310658.124 311225.768  0.18%  44.5 1174s
  3050   962 311033.945   22  805 310658.124 311220.862  0.18%  44.0 1195s

Explored 3093 nodes (153930 simplex iterations) in 1206.90 seconds (541.33 work units)
Thread count was 8 (of 8 available processors)

Solution count 10: 310658 310658 310622 ... 306118

Time limit reached
Best objective 3.106581239859e+05, best bound 3.112208623339e+05, gap 0.1811%

User-callback calls 20238, time in user-callback 656.58 sec
