
Gurobi 9.5.2 (win64) logging started Thu Apr  6 02:02:09 2023

Set parameter LogFile to value "2023-04-05_23hr-02min-04sec/Nodes100_Arcs5270_LocNodes75/Formulation-2Instance-1.log"
Set parameter TimeLimit to value 1200
Set parameter IntFeasTol to value 1e-09
Set parameter DualReductions to value 0
Set parameter NonConvex to value 2
Gurobi Optimizer version 9.5.2 build v9.5.2rc0 (win64)
Thread count: 4 physical cores, 8 logical processors, using up to 8 threads
Optimize a model with 5546 rows, 10990 columns and 32320 nonzeros
Model fingerprint: 0x3e3ba83e
Model has 5370 quadratic objective terms
Model has 5370 SOS constraints
Variable types: 10915 continuous, 75 integer (75 binary)
Coefficient statistics:
  Matrix range     [4e-04, 2e+02]
  Objective range  [1e-04, 1e+03]
  QObjective range [9e-04, 8e+00]
  Bounds range     [1e+00, 1e+00]
  RHS range        [1e-04, 7e+03]
Presolve time: 0.02s
Presolved: 5546 rows, 10990 columns, 32320 nonzeros
Presolved model has 5370 SOS constraint(s)
Presolved model has 5370 quadratic objective terms
Variable types: 10915 continuous, 75 integer (75 binary)

Root relaxation: objective 3.146203e+05, 16820 iterations, 3.92 seconds (5.35 work units)

    Nodes    |    Current Node    |     Objective Bounds      |     Work
 Expl Unexpl |  Obj  Depth IntInf | Incumbent    BestBd   Gap | It/Node Time

     0     0 314620.325    0  319          - 314620.325      -     -    4s
H    0     0                    294062.00091 314613.599  6.99%     -   17s
     0     0 314613.599    0  319 294062.001 314613.599  6.99%     -   17s
H    0     2                    294387.50193 314613.599  6.87%     -   45s
     0     2 314613.599    0  319 294387.502 314613.599  6.87%     -   45s
H   23    29                    297545.98256 314520.430  5.70%  38.3   53s
H   28    33                    297668.19148 314520.430  5.66%  37.6   54s
    32    37 314114.709   10  321 297668.191 314520.430  5.66%  40.4   55s
H   57    60                    307217.87566 314520.430  2.38%  40.2   61s
    65    70 313821.132   18  327 307217.876 314520.430  2.38%  39.9   68s
    81    91 313752.560   21  334 307217.876 314520.430  2.38%  45.6   70s
   106   118 313669.969   24  331 307217.876 314520.430  2.38%  44.7   76s
H  149   157                    311275.81406 314520.430  1.04%  44.5   83s
   156   164 312845.300   32  410 311275.814 314520.430  1.04%  45.4   85s
   173   185 312977.801   34  359 311275.814 314520.430  1.04%  48.8   90s
   216   238 313386.117   40  329 311275.814 314520.430  1.04%  51.8   98s
   233   238 313572.558   40  341 311275.814 314520.430  1.04%  52.6  108s
   246   260 313384.163   42  327 311275.814 314520.430  1.04%  53.7  110s
   259   279 313378.887   44  326 311275.814 314520.430  1.04%  53.8  119s
H  264   279                    311500.60134 314520.430  0.97%  53.5  124s
   278   283 313370.083   46  329 311500.601 314520.430  0.97%  55.6  127s
   300   320 313147.327   48  305 311500.601 314520.430  0.97%  58.8  135s
   319   329 313084.274   52  322 311500.601 314520.430  0.97%  60.6  143s
H  325   317                    312904.76967 314520.430  0.52%  60.6  148s
   328   342 313353.568   52  327 312904.770 314520.430  0.52%  61.0  151s
   357   359 313347.949   56  319 312904.770 314520.430  0.52%  61.7  158s
   386   379     cutoff   59      312904.770 314520.430  0.52%  61.2  160s
   416   395     cutoff   61      312904.770 314520.430  0.52%  61.9  167s
   423   395 313295.265   71  334 312904.770 314520.430  0.52%  62.0  172s
   446   420 313338.294   64  311 312904.770 314520.430  0.52%  61.8  179s
   475   441 313334.425   67  307 312904.770 314520.430  0.52%  62.0  186s
   486   441     cutoff   78      312904.770 314520.430  0.52%  61.8  193s
   502   477 313219.561   73  298 312904.770 314520.430  0.52%  62.5  203s
   511   477 313217.693   77  296 312904.770 314520.430  0.52%  62.3  215s
   556   505 313216.971   78  296 312904.770 314520.430  0.52%  60.6  229s
   592   545 313214.618   81  292 312904.770 314520.430  0.52%  60.3  232s
   640   587 313211.135   85  287 312904.770 314520.430  0.52%  60.2  246s
H  694   560                    312991.95071 314520.430  0.49%  58.8  251s
   717   610 313176.192  105  277 312991.951 314520.430  0.49%  58.8  263s
   768   664 313173.420  107  272 312991.951 314520.430  0.49%  58.6  280s
   797   664     cutoff  113      312991.951 314520.430  0.49%  57.7  285s
H  817   594                    313094.13124 314520.430  0.46%  56.9  290s
   961   627 313236.637  143  307 313094.131 314520.430  0.46%  53.2  316s
   997   662 313147.999  144  243 313094.131 314520.430  0.46%  52.6  324s
  1124   688     cutoff  163      313094.131 314520.430  0.46%  50.1  332s
  1256   734     cutoff  189      313094.131 314479.288  0.44%  47.2  344s
  1311   734     cutoff  188      313094.131 314479.288  0.44%  46.6  361s
H 1316   724                    313103.82684 314479.288  0.44%  46.5  365s
H 1326   724                    313103.92791 314479.288  0.44%  46.2  371s
  1390   788 314107.679   11  353 313103.928 314479.288  0.44%  45.3  386s
  1405   788 313833.607   24  370 313103.928 314479.288  0.44%  45.3  396s
  1447   788 314123.440    6  340 313103.928 314479.288  0.44%  44.8  406s
  1470   788 313381.917  155  307 313103.928 314479.288  0.44%  44.9  410s
  1490   788 313414.395  165  277 313103.928 314479.288  0.44%  44.8  420s
H 1510   626                    313216.76924 314479.288  0.40%  45.1  427s
H 1588   511                    313277.61678 314479.288  0.38%  44.8  495s
H 1600   504                    313347.46912 314479.288  0.36%  44.7  502s
H 1602   435                    313407.78284 314479.288  0.34%  44.7  508s
  1615   435 314278.164    5  332 313407.783 314479.288  0.34%  45.0  513s
  1634   435 313598.866   20  350 313407.783 314479.288  0.34%  45.0  522s
  1642   435 313424.980   27  353 313407.783 314479.288  0.34%  45.0  532s
  1725   484 313680.568   48  361 313407.783 314479.288  0.34%  44.3  539s
  1898   588 313606.849   63  337 313407.783 314479.288  0.34%  42.8  566s
  1963   588 313840.507   18  313 313407.783 314479.288  0.34%  42.7  576s
H 2051   473                    313470.72478 314479.288  0.32%  42.2  603s
  2052   474 314030.188   12   27 313470.725 314479.288  0.32%  42.2  606s
  2054   475 314041.259   11  480 313470.725 314479.288  0.32%  42.1  642s
  2055   476 314366.554    5  373 313470.725 314479.288  0.32%  42.1  648s
  2057   477 313639.299   33  373 313470.725 314479.288  0.32%  42.1  673s
  2058   479 314476.865   11  652 313470.725 314479.288  0.32%  49.7  700s
  2074   492 314289.896   15  639 313470.725 314457.252  0.31%  49.7  708s
  2087   500 314144.526   17  615 313470.725 314437.915  0.31%  49.7  710s
  2120   523 313970.540   20  636 313470.725 314437.915  0.31%  49.6  754s
H 2123   498                    313470.87653 314437.915  0.31%  49.6  754s
  2125   507 313942.860   21  638 313470.877 314437.915  0.31%  49.6  755s
  2134   516 313900.559   22  642 313470.877 314437.915  0.31%  49.6  764s
  2146   519 313862.177   23  644 313470.877 314437.915  0.31%  49.6  770s
  2183   547 313767.377   26  646 313470.877 314437.915  0.31%  49.6  775s
  2223   570 313866.770   32  690 313470.877 314437.915  0.31%  49.3  783s
  2232   579 313668.876   32  647 313470.877 314437.915  0.31%  49.2  788s
  2273   589 313595.277   35  653 313470.877 314437.915  0.31%  49.0  802s
  2318   606 313473.058   43  654 313470.877 314437.637  0.31%  48.6  806s
  2340   599 313755.982   43  697 313470.877 314437.637  0.31%  48.3  812s
  2358   604 314023.075   17  658 313470.877 314437.637  0.31%  48.2  818s
  2389   611 314218.768   18  677 313470.877 314437.637  0.31%  47.9  836s
  2469   613 313630.447   60  678 313470.877 314437.637  0.31%  47.4  844s
  2477   629 313913.409   25  676 313470.877 314437.637  0.31%  47.4  845s
  2488   626 313988.868   21  681 313470.877 314437.637  0.31%  47.4  854s
  2500   647 313809.960   30  673 313470.877 314437.637  0.31%  47.4  855s
  2543   654 313715.622   38  680 313470.877 314437.637  0.31%  47.2  860s
  2556   650 313788.545   25  697 313470.877 314437.637  0.31%  47.0  866s
  2585   667     cutoff   44      313470.877 314437.637  0.31%  46.9  871s
  2609   659 313617.913   74  689 313470.877 314437.637  0.31%  46.8  876s
  2671   681 313600.488   53  668 313470.877 314437.637  0.31%  46.3  883s
  2716   678 313578.144   62  662 313470.877 314437.637  0.31%  46.0  894s
  2750   677 313566.875   66  656 313470.877 314437.637  0.31%  45.9  904s
  2804   669 313562.431   68  660 313470.877 314437.637  0.31%  45.5  906s
  2838   658     cutoff   97      313470.877 314437.637  0.31%  45.2  911s
  2861   678 313543.419   76  657 313470.877 314437.637  0.31%  45.1  917s
  2919   674     cutoff   83      313470.877 314437.637  0.31%  44.7  924s
  2940   667 313729.834   36  707 313470.877 314437.637  0.31%  44.5  929s
  2984   673 313530.151   93  646 313470.877 314437.637  0.31%  44.2  930s
  3010   665 314094.630   18  688 313470.877 314437.637  0.31%  44.0  939s
  3016   663 313568.093  118  655 313470.877 314437.637  0.31%  44.0  945s
H 3021   645                    313480.70501 314437.637  0.31%  43.9  949s
  3051   663 313521.216  101  641 313480.705 314437.637  0.31%  43.8  955s
  3084   652 314140.143   17  659 313480.705 314437.637  0.31%  43.5  960s
  3128   642     cutoff  109      313480.705 314437.637  0.31%  43.2  965s
  3148   636 313810.440   24  658 313480.705 314437.637  0.31%  43.0  971s
  3211   630     cutoff  119      313480.705 314437.637  0.31%  42.6  983s
  3251   616 313543.175  143  637 313480.705 314437.637  0.31%  42.3  988s
  3302   623     cutoff  133      313480.705 314437.637  0.31%  41.9  990s
  3389   594 313503.066  176  538 313480.705 314437.637  0.31%  41.2 1009s
  3390   614     cutoff  147      313480.705 314437.637  0.31%  41.2 1010s
  3478   630     cutoff  160      313480.705 314389.046  0.29%  40.6 1026s
  3577   651 313748.249   30  682 313480.705 314327.456  0.27%  39.9 1047s
H 3615   651                    313480.74261 314297.875  0.26%  39.9 1057s
  3668   700 313776.444   19  661 313480.743 314297.875  0.26%  39.5 1068s
  3759   744 313778.141   23  645 313480.743 314297.875  0.26%  39.2 1083s
  3859   791 313568.890   27  664 313480.743 314293.363  0.26%  38.8 1103s
  3879   791 314119.239   23  688 313480.743 314293.363  0.26%  38.7 1114s
  3964   853 313915.350   29  691 313480.743 314288.455  0.26%  38.4 1134s
  4072   910 314024.183   20  656 313480.743 314275.741  0.25%  38.1 1141s
  4094   910 314135.455   21  683 313480.743 314275.741  0.25%  38.1 1150s
  4180  1012 313986.029   26  676 313480.743 314255.569  0.25%  38.0 1172s
  4281  1012 313669.190   29  664 313480.743 314255.569  0.25%  37.8 1186s
  4307  1012 313946.641   20  654 313480.743 314255.569  0.25%  37.7 1195s

Explored 4315 nodes (179717 simplex iterations) in 1200.75 seconds (408.22 work units)
Thread count was 8 (of 8 available processors)

Solution count 10: 313481 313481 313471 ... 313094

Time limit reached
Best objective 3.134807426096e+05, best bound 3.142555687635e+05, gap 0.2472%

User-callback calls 19028, time in user-callback 797.59 sec
