
Gurobi 9.5.2 (win64) logging started Thu Apr  6 01:21:17 2023

Set parameter LogFile to value "2023-04-05_23hr-02min-04sec/Nodes100_Arcs4330_LocNodes75/Formulation-2Instance-1.log"
Set parameter TimeLimit to value 1200
Set parameter IntFeasTol to value 1e-09
Set parameter DualReductions to value 0
Set parameter NonConvex to value 2
Gurobi Optimizer version 9.5.2 build v9.5.2rc0 (win64)
Thread count: 4 physical cores, 8 logical processors, using up to 8 threads
Optimize a model with 4606 rows, 9110 columns and 26680 nonzeros
Model fingerprint: 0x11e20bb5
Model has 4430 quadratic objective terms
Model has 4430 SOS constraints
Variable types: 9035 continuous, 75 integer (75 binary)
Coefficient statistics:
  Matrix range     [4e-04, 2e+02]
  Objective range  [9e-04, 1e+03]
  QObjective range [9e-04, 8e+00]
  Bounds range     [1e+00, 1e+00]
  RHS range        [9e-04, 7e+03]
Presolve time: 0.02s
Presolved: 4606 rows, 9110 columns, 26680 nonzeros
Presolved model has 4430 SOS constraint(s)
Presolved model has 4430 quadratic objective terms
Variable types: 9035 continuous, 75 integer (75 binary)

Root relaxation: objective 3.305624e+05, 14083 iterations, 2.31 seconds (3.35 work units)

    Nodes    |    Current Node    |     Objective Bounds      |     Work
 Expl Unexpl |  Obj  Depth IntInf | Incumbent    BestBd   Gap | It/Node Time

     0     0 330562.402    0  272          - 330562.402      -     -    2s
H    0     0                    316135.60114 330551.576  4.56%     -   14s
     0     0 330551.576    0  272 316135.601 330551.576  4.56%     -   14s
H    0     0                    317356.75522 330551.576  4.16%     -   31s
     0     2 330551.576    0  272 317356.755 330551.576  4.16%     -   32s
H   22    24                    317473.62889 330470.841  4.09%  26.7   36s
H   28    33                    318674.43627 330470.841  3.70%  45.1   39s
    32    38 330111.011    9  284 318674.436 330470.841  3.70%  44.6   40s
H   56    62                    319215.08944 330470.841  3.53%  37.3   45s
H   63    68                    319744.69176 330470.841  3.35%  36.6   49s
    76    85 329788.696   19  306 319744.692 330470.841  3.35%  35.7   51s
   130   137 329509.871   30  319 319744.692 330470.841  3.35%  39.3   56s
H  148   151                    325910.93102 330470.841  1.40%  41.9   61s
   157   173 329428.918   33  318 325910.931 330470.841  1.40%  45.0   66s
   186   202 328478.947   37  381 325910.931 330470.841  1.40%  48.9   70s
H  225   233                    326482.01379 330470.841  1.22%  51.5   77s
H  228   233                    327773.12504 330470.841  0.82%  52.5   81s
   245   266 329400.415   42  309 327773.125 330470.841  0.82%  55.8   86s
   262   266 329349.228   43  310 327773.125 330470.841  0.82%  56.0   90s
   267   283 328404.284   46  338 327773.125 330470.841  0.82%  57.1   96s
H  291   298                    328340.38311 330470.841  0.65%  57.9  100s
   339   327 329271.483   52  304 328340.383 330470.841  0.65%  56.4  108s
   344   348 329333.580   56  312 328340.383 330470.841  0.65%  56.3  111s
   373   376 329138.132   59  319 328340.383 330470.841  0.65%  57.1  116s
   416   403 329220.295   64  312 328340.383 330470.841  0.65%  57.9  126s
   438   434 329309.225   66  305 328340.383 330470.841  0.65%  58.1  131s
   463   434 328655.852   66  331 328340.383 330470.841  0.65%  58.8  135s
   471   461 329303.932   70  302 328340.383 330470.841  0.65%  58.8  140s
   504   480 329302.675   72  300 328340.383 330470.841  0.65%  59.1  152s
   529   500 329268.943   74  318 328340.383 330470.841  0.65%  59.3  164s
   553   526 328978.034   79  321 328340.383 330470.841  0.65%  59.7  166s
H  622   531                    328583.17280 330470.841  0.57%  60.4  171s
   634   572 329283.157   86  292 328583.173 330470.841  0.57%  60.0  176s
   681   610 329111.815   92  290 328583.173 330470.841  0.57%  59.2  186s
   694   610 329160.169  100  286 328583.173 330470.841  0.57%  59.0  190s
   727   614 329271.490   98  281 328583.173 330470.841  0.57%  58.9  234s
   731   656 329143.883   99  311 328583.173 330470.841  0.57%  59.0  236s
   781   713 329061.114  107  312 328583.173 330470.841  0.57%  58.7  242s
   844   776 329251.457  116  263 328583.173 330470.841  0.57%  58.3  249s
H  864   605                    329005.57967 330470.841  0.45%  58.0  263s
   929   625     cutoff  130      329005.580 330470.841  0.45%  57.3  275s
  1080   648 329143.015  147  243 329005.580 330470.841  0.45%  53.1  282s
  1169   648 329368.592  148  258 329005.580 330470.841  0.45%  50.4  291s
  1242   688 329136.982  166  226 329005.580 330470.841  0.45%  49.1  302s
  1261   688 329132.189  176  216 329005.580 330470.841  0.45%  48.8  314s
  1330   688 329357.909  163  246 329005.580 330470.841  0.45%  46.9  322s
  1400   736     cutoff  185      329005.580 330470.841  0.45%  46.1  339s
  1494   736     cutoff  191      329005.580 330470.841  0.45%  44.8  356s
  1540   794 329040.296  207  187 329005.580 330470.841  0.45%  44.0  366s
  1598   794 329616.857   27  352 329005.580 330470.841  0.45%  43.2  384s
  1613   794     cutoff  187      329005.580 330470.841  0.45%  43.2  388s
H 1633   640                    329089.22659 330470.841  0.42%  42.9  392s
  1678   708     cutoff  229      329089.227 330382.919  0.39%  42.6  401s
  1707   708 329498.679   36  334 329089.227 330355.037  0.38%  42.5  405s
  1800   779 329600.085   10  309 329089.227 330355.037  0.38%  41.9  413s
  1831   779 329427.464   52  336 329089.227 330355.037  0.38%  41.8  421s
  1868   779     cutoff   15      329089.227 330355.037  0.38%  41.5  425s
  1950   853 330022.377    8  296 329089.227 330308.580  0.37%  40.9  435s
  2141   854 329229.050   67   28 329089.227 330308.580  0.37%  39.0  457s
  2143   855 329372.686   11  364 329089.227 330308.580  0.37%  39.0  480s
  2146   857 329482.268   11  267 329089.227 330308.580  0.37%  38.9  582s
  2147   859 330308.580   11  501 329089.227 330308.580  0.37%  44.9  596s
  2163   872 330096.607   15  497 329089.227 330308.580  0.37%  44.8  601s
  2167   875 329932.877   15  506 329089.227 330308.580  0.37%  44.8  605s
  2180   886 329919.957   17  499 329089.227 330304.153  0.37%  44.7  611s
  2187   888 329869.287   18  497 329089.227 330304.153  0.37%  44.9  654s
  2191   891 329827.110   18  504 329089.227 330304.153  0.37%  44.8  655s
  2259   945 329459.710   27  520 329089.227 330304.153  0.37%  44.7  667s
  2285   958 329364.119   31  531 329089.227 330304.153  0.37%  44.5  672s
  2288   957 329644.721   29  542 329089.227 330304.153  0.37%  44.5  675s
  2356   995 329210.591   38  529 329089.227 330304.153  0.37%  44.2  683s
  2373  1000 329121.293   41  526 329089.227 330302.242  0.37%  44.2  691s
  2383   996 329420.631   40  560 329089.227 330302.242  0.37%  44.0  697s
  2391   994 329707.239   44  561 329089.227 330302.242  0.37%  44.0  701s
  2406  1022 330107.870   22  523 329089.227 330302.242  0.37%  44.0  705s
  2453  1024 329122.145   49  569 329089.227 330302.242  0.37%  43.8  710s
  2495  1022 329295.923   55  555 329089.227 330302.242  0.37%  43.6  718s
  2516  1030     cutoff   58      329089.227 330302.242  0.37%  43.6  723s
  2564  1032 329722.006   50  559 329089.227 330302.242  0.37%  43.5  728s
  2606  1036 329203.131   57  584 329089.227 330302.242  0.37%  43.3  734s
H 2627   997                    329191.40760 330302.242  0.34%  43.1  738s
  2678  1030 329599.007   66  565 329191.408 330302.242  0.34%  43.1  741s
H 2679   966                    329445.27106 330302.242  0.26%  43.0  745s
H 2728   970                    329445.27184 330302.242  0.26%  43.0  749s
H 2731   969                    329445.27195 330302.242  0.26%  43.0  752s
  2765   958 329786.233   30  524 329445.272 330302.242  0.26%  42.8  759s
  2778   981 329636.356   79  516 329445.272 330302.242  0.26%  42.8  761s
  2836   994 329620.356   84  516 329445.272 330302.242  0.26%  42.6  765s
  2897   997 329609.245   88  514 329445.272 330302.242  0.26%  42.3  770s
  2926   987     cutoff   93      329445.272 330302.242  0.26%  42.2  777s
  2979  1005 329572.605  103  494 329445.272 330302.242  0.26%  41.9  789s
  3003  1028 329520.654   98  512 329445.272 330302.242  0.26%  41.8  798s
  3072  1036 329572.506  104  505 329445.272 330302.242  0.26%  41.4  806s
  3156  1032 329452.002  112  499 329445.272 330302.242  0.26%  41.0  818s
  3226  1035     cutoff  119      329445.272 330302.242  0.26%  40.7  823s
  3271  1020     cutoff  134      329445.272 330302.242  0.26%  40.4  827s
  3313  1045 329548.727  131  487 329445.272 330302.242  0.26%  40.2  838s
  3356  1031 329528.778  146  469 329445.272 330302.242  0.26%  40.0  853s
  3401  1032     cutoff  138      329445.272 330302.242  0.26%  39.8  859s
  3440  1019 329454.494   44  518 329445.272 330302.242  0.26%  39.5  871s
  3497  1037 329527.514  148  472 329445.272 330302.242  0.26%  39.2  875s
  3567  1014 329601.711   35  549 329445.272 330302.242  0.26%  38.9  883s
  3586  1047 329517.976  161  462 329445.272 330302.242  0.26%  38.9  891s
H 3597  1044                    329445.33917 330302.242  0.26%  38.8  894s
  3671  1039     cutoff  171      329445.339 330302.242  0.26%  38.6  903s
  3758  1033 329503.674  179  447 329445.339 330302.242  0.26%  38.2  914s
  3788  1023     cutoff   23      329445.339 330302.242  0.26%  38.1  919s
  3867  1039     cutoff  195      329445.339 330302.242  0.26%  37.8  934s
  3898  1028 330010.114   17  475 329445.339 330302.242  0.26%  37.6  938s
  3982  1033     cutoff  210      329445.339 330302.242  0.26%  37.4  940s
  4078  1001     cutoff   35      329445.339 330302.242  0.26%  36.9  950s
  4228  1011 329476.760  241  436 329445.339 330302.242  0.26%  36.4  969s
  4265   999 329476.979   31  531 329445.339 330302.242  0.26%  36.2  973s
  4299   988     cutoff  275      329445.339 330302.242  0.26%  36.1  981s
  4372  1003 329473.084  260  428 329445.339 330302.242  0.26%  35.7  994s
  4503  1014     cutoff  278      329445.339 330302.242  0.26%  35.4 1003s
  4638   969     cutoff  300      329445.339 330302.242  0.26%  35.0 1111s
H 4639   942                    329445.51841 330302.242  0.26%  35.0 1111s
  4675  1023 329445.996  314  414 329445.518 330126.958  0.21%  34.8 1115s
  4770  1023 330038.516   17  490 329445.518 330126.958  0.21%  34.7 1121s
  4803  1095 329487.407   25  520 329445.518 330117.087  0.20%  34.6 1127s
  4953  1095 329511.695   35  551 329445.518 330116.518  0.20%  34.3 1139s
  4962  1140     cutoff   22      329445.518 330106.761  0.20%  34.3 1145s
  5145  1221 329595.766   26  530 329445.518 330096.111  0.20%  33.8 1161s
  5182  1221     cutoff   23      329445.518 330095.609  0.20%  33.8 1168s
  5277  1317 329878.767   27  524 329445.518 330087.860  0.19%  33.7 1180s
  5436  1402 329501.685   44  547 329445.518 330083.813  0.19%  33.6 1199s

Explored 5594 nodes (200936 simplex iterations) in 1231.43 seconds (458.51 work units)
Thread count was 8 (of 8 available processors)

Solution count 10: 329446 329445 329445 ... 328340

Time limit reached
Best objective 3.294455184136e+05, best bound 3.300745687801e+05, gap 0.1909%

User-callback calls 26026, time in user-callback 728.06 sec
