
Gurobi 9.5.2 (win64) logging started Thu Apr  6 04:43:51 2023

Set parameter LogFile to value "2023-04-05_23hr-02min-04sec/Nodes100_Arcs9030_LocNodes75/Formulation-2Instance-1.log"
Set parameter TimeLimit to value 1200
Set parameter IntFeasTol to value 1e-09
Set parameter DualReductions to value 0
Set parameter NonConvex to value 2
Gurobi Optimizer version 9.5.2 build v9.5.2rc0 (win64)
Thread count: 4 physical cores, 8 logical processors, using up to 8 threads
Optimize a model with 9306 rows, 18510 columns and 54880 nonzeros
Model fingerprint: 0xcf345451
Model has 9130 quadratic objective terms
Model has 9130 SOS constraints
Variable types: 18435 continuous, 75 integer (75 binary)
Coefficient statistics:
  Matrix range     [4e-04, 2e+02]
  Objective range  [1e-04, 1e+03]
  QObjective range [9e-04, 8e+00]
  Bounds range     [1e+00, 1e+00]
  RHS range        [1e-04, 7e+03]
Presolve time: 0.06s
Presolved: 9306 rows, 18510 columns, 54880 nonzeros
Presolved model has 9130 SOS constraint(s)
Presolved model has 9130 quadratic objective terms
Variable types: 18435 continuous, 75 integer (75 binary)

Root simplex log...

Iteration    Objective       Primal Inf.    Dual Inf.      Time
   15993    3.2702599e+05   1.897630e+04   0.000000e+00      5s
   21893    2.9822588e+05   1.702965e+03   0.000000e+00     10s
   25923    2.9704052e+05   0.000000e+00   0.000000e+00     14s

Root relaxation: objective 2.970405e+05, 25923 iterations, 13.40 seconds (18.25 work units)

    Nodes    |    Current Node    |     Objective Bounds      |     Work
 Expl Unexpl |  Obj  Depth IntInf | Incumbent    BestBd   Gap | It/Node Time

     0     0 297040.519    0  535          - 297040.519      -     -   13s
     0     0 297040.053    0  535          - 297040.053      -     -   32s
     0     2 297040.053    0  535          - 297040.053      -     -   93s
     1     4 296925.349    1  536          - 297040.050      -   127   96s
     7    12 296808.385    3  540          - 296946.052      -  85.9  101s
    19    24 296719.756    5  524          - 296944.867      -  74.9  106s
    39    45 296588.202    9  519          - 296944.867      -  70.4  110s
    54    65 296459.823   13  539          - 296944.867      -  70.4  122s
    71    79 296402.029   17  562          - 296944.867      -  74.3  130s
    87    98 296386.819   19  560          - 296944.867      -  79.3  136s
    97   108 296143.778   21  550          - 296944.867      -  85.2  146s
   107   124 296380.824   21  565          - 296944.867      -  90.5  152s
   123   143 296374.998   23  566          - 296944.867      -  88.5  157s
   142   151 295882.206   26  575          - 296944.867      -  90.2  169s
   150   168 296361.798   26  577          - 296944.867      -  93.2  176s
   186   199 296326.553   31  568          - 296944.867      -  90.0  185s
   198   212 296081.760   33  539          - 296944.867      -  92.9  193s
   211   229 296323.371   33  573          - 296944.867      -  95.1  199s
   228   248 296322.620   34  573          - 296944.867      -  98.7  202s
   247   271 296276.214   37  556          - 296944.867      -  98.4  205s
   270   289 296309.119   40  564          - 296944.867      -  94.5  213s
   288   313 295951.253   42  535          - 296944.867      -  95.1  219s
   312   336 296240.989   44  582          - 296944.867      -  97.6  226s
   335   358 296303.934   45  561          - 296944.867      -   101  231s
   373   382 296300.791   49  561          - 296944.867      -   103  242s
   381   408 296146.372   51  564          - 296944.867      -   105  248s
   407   436 295986.409   54  536          - 296944.867      -   106  254s
   435   454 296283.888   58  554          - 296944.867      -   106  269s
   453   462 295858.863   60  579          - 296944.867      -   110  278s
   461   495 296281.823   60  557          - 296944.867      -   110  293s
   494   545 296272.524   64  550          - 296944.867      -   110  300s
   544   585 296269.348   68  548          - 296944.867      -   109  310s
   584   637 296264.781   73  546          - 296944.867      -   109  320s
   636   669 296148.172   77  592          - 296944.867      -   108  329s
   668   705 296254.810   80  541          - 296944.867      -   108  344s
   704   755 296246.156   87  541          - 296944.867      -   109  354s
   754   825 296239.926   95  537          - 296944.867      -   110  366s
   824   848 296162.850  108  527          - 296944.867      -   109  486s
   847   888 296052.402  111  525          - 296944.867      -   107  498s
   887   946 296071.433  115  558          - 296944.867      -   109  510s
   947  1013 296094.034  119  554          - 296944.867      -   110  520s
  1018  1079 296151.043  128  525          - 296944.867      -   111  531s
  1086  1125 293849.588  134  866          - 296944.867      -   112  542s
  1134  1170 296148.250  135  519          - 296944.867      -   113  556s
  1181  1215 296070.202  139  539          - 296944.867      -   117  573s
  1230  1307 296081.526  148  550          - 296944.867      -   118  588s
  1326  1382 296112.137  157  497          - 296944.867      -   119  600s
  1409  1434 296109.399  165  493          - 296944.867      -   121  612s
  1467  1497 296104.451  174  493          - 296944.867      -   125  629s
  1544  1555 296097.591  186  481          - 296944.867      -   130  643s
  1612  1628 infeasible  195               - 296944.867      -   133  658s
  1699  1686 296038.681  205  498          - 296944.867      -   137  673s
  1785  1756 295672.066  216  683          - 296944.867      -   142  691s
  1875  1869 296079.799  227  462          - 296944.867      -   145  709s
  2006  1935 infeasible  244               - 296944.867      -   146  728s
  2100  2016 296071.803  258  436          - 296944.867      -   148  752s
  2213  2102 infeasible  276               - 296944.867      -   152  771s
  2325  2191 296038.132  292  380          - 296944.867      -   154  792s
  2440  2262 296058.692  305  415          - 296944.867      -   157  811s
  2557  2342 296058.238  312  406          - 296944.867      -   161  835s
  2679  2418 296056.782  321  403          - 296944.867      -   165  856s
  2799  2498 296026.448  338  375          - 296944.867      -   169  877s
  2911  2605 296007.385  354  353          - 296944.867      -   173  902s
  3072  2713 296002.340  377  343          - 296944.867      -   176  926s
  3236  2791 infeasible  387               - 296944.867      -   178  951s
  3386  2896 295998.375  395  345          - 296944.867      -   181  979s
  3553  2984 295994.228  408  353          - 296944.867      -   182 1012s
  3695  3074 295985.355  427  369          - 296944.867      -   186 1041s
  3829  3153 295980.603  439  387          - 296944.867      -   190 1069s
  3992  3225 295979.522  454  384          - 296944.867      -   193 1099s
  4132  3288 295727.501  475  442          - 296944.867      -   198 1132s
  4289  3372 295969.432  496  389          - 296944.867      -   202 1164s
  4471  3460 295965.797  519  379          - 296944.867      -   206 1199s
  4667  3468 295960.550  548  360          - 296944.867      -   209 1200s

Explored 4677 nodes (1000820 simplex iterations) in 1200.05 seconds (2525.53 work units)
Thread count was 8 (of 8 available processors)

Solution count 0

Time limit reached
Best objective -, best bound 2.969448672946e+05, gap -

User-callback calls 24628, time in user-callback 0.26 sec
