
Gurobi 9.5.2 (win64) logging started Thu Apr  6 02:42:40 2023

Set parameter LogFile to value "2023-04-05_23hr-02min-04sec/Nodes100_Arcs6210_LocNodes75/Formulation-2Instance-1.log"
Set parameter TimeLimit to value 1200
Set parameter IntFeasTol to value 1e-09
Set parameter DualReductions to value 0
Set parameter NonConvex to value 2
Gurobi Optimizer version 9.5.2 build v9.5.2rc0 (win64)
Thread count: 4 physical cores, 8 logical processors, using up to 8 threads
Optimize a model with 6486 rows, 12870 columns and 37960 nonzeros
Model fingerprint: 0x1b6eee2a
Model has 6310 quadratic objective terms
Model has 6310 SOS constraints
Variable types: 12795 continuous, 75 integer (75 binary)
Coefficient statistics:
  Matrix range     [4e-04, 2e+02]
  Objective range  [1e-04, 1e+03]
  QObjective range [9e-04, 8e+00]
  Bounds range     [1e+00, 1e+00]
  RHS range        [1e-04, 7e+03]
Presolve time: 0.07s
Presolved: 6486 rows, 12870 columns, 37960 nonzeros
Presolved model has 6310 SOS constraint(s)
Presolved model has 6310 quadratic objective terms
Variable types: 12795 continuous, 75 integer (75 binary)

Root simplex log...

Iteration    Objective       Primal Inf.    Dual Inf.      Time
   19001    3.0800130e+05   3.785592e+01   0.000000e+00      5s
   19419    3.0796427e+05   0.000000e+00   0.000000e+00      6s

Root relaxation: objective 3.079643e+05, 19419 iterations, 5.13 seconds (7.15 work units)

    Nodes    |    Current Node    |     Objective Bounds      |     Work
 Expl Unexpl |  Obj  Depth IntInf | Incumbent    BestBd   Gap | It/Node Time

     0     0 307964.267    0  392          - 307964.267      -     -    5s
H    0     0                    288507.41812 307964.149  6.74%     -   25s
     0     0 307964.149    0  392 288507.418 307964.149  6.74%     -   25s
H    0     2                    289176.33929 307964.149  6.50%     -   72s
     0     2 307964.149    0  392 289176.339 307964.149  6.50%     -   72s
    11    16 307671.060    4  393 289176.339 307866.107  6.46%  60.3   75s
H   23    30                    294549.38180 307866.107  4.52%  50.2   83s
H   29    34                    295139.09720 307866.107  4.31%  50.7   85s
    44    52 307442.338   11  378 295139.097 307866.107  4.31%  59.0   90s
H   57    59                    301068.72773 307866.107  2.26%  53.9   96s
    66    73 307346.823   15  372 301068.728 307866.107  2.26%  54.8  106s
    77    91 307301.722   18  388 301068.728 307866.107  2.26%  66.2  110s
   116   127 307111.382   24  346 301068.728 307866.107  2.26%  68.3  117s
   135   148 307076.816   27  407 301068.728 307866.107  2.26%  73.0  121s
H  149   159                    303402.07852 307866.107  1.47%  71.5  129s
   158   174 307173.128   29  395 303402.079 307866.107  1.47%  75.8  130s
   185   206 307151.953   31  397 303402.079 307866.107  1.47%  74.5  135s
   226   239 307118.134   35  406 303402.079 307866.107  1.47%  74.2  149s
H  229   239                    304894.82132 307866.107  0.97%  73.7  155s
   238   261 307038.178   38  420 304894.821 307866.107  0.97%  74.8  161s
   260   280 307036.471   39  425 304894.821 307866.107  0.97%  73.7  171s
   278   280 305178.940   43  534 304894.821 307866.107  0.97%  75.7  179s
   279   296 307019.318   43  427 304894.821 307866.107  0.97%  75.5  183s
   295   313 307018.123   44  427 304894.821 307866.107  0.97%  78.5  194s
   312   327 306802.862   46  448 304894.821 307866.107  0.97%  79.3  202s
   328   354 307015.692   46  431 304894.821 307866.107  0.97%  81.9  211s
   357   370 306221.556   50  496 304894.821 307866.107  0.97%  84.2  225s
   373   397 307009.456   50  432 304894.821 307866.107  0.97%  86.2  230s
H  408   421                    305737.54725 307866.107  0.70%  88.7  240s
   413   421 307037.772   60  489 305737.547 307866.107  0.70%  88.9  246s
   428   440 306696.312   57  440 305737.547 307866.107  0.70%  88.8  264s
   451   467 306944.136   60  418 305737.547 307866.107  0.70%  88.8  273s
H  464   467                    305748.70526 307866.107  0.69%  88.7  279s
H  482   469                    306248.86718 307866.107  0.53%  90.3  285s
H  485   469                    306300.29945 307866.107  0.51%  90.2  291s
H  488   468                    306383.22625 307866.107  0.48%  89.8  297s
   494   468 306621.084   69  479 306383.226 307866.107  0.48%  91.2  304s
   495   524 306874.830   65  423 306383.226 307866.107  0.48%  91.0  306s
   504   524 306825.981   70  426 306383.226 307866.107  0.48%  90.3  320s
   561   566 306805.571   73  435 306383.226 307866.107  0.48%  88.1  330s
   638   611 307006.696   90  419 306383.226 307866.107  0.48%  86.1  341s
   672   653 306461.191   87  457 306383.226 307866.107  0.48%  85.4  351s
   684   653 307091.732  108  492 306383.226 307866.107  0.48%  85.1  357s
   697   653 306836.467  115  530 306383.226 307866.107  0.48%  85.3  369s
   722   696     cutoff   93      306383.226 307866.107  0.48%  85.2  384s
   771   744 infeasible   98      306383.226 307866.107  0.48%  84.7  395s
   790   744 306868.174  122  482 306383.226 307866.107  0.48%  84.5  401s
   835   782 306756.559  107  415 306383.226 307866.107  0.48%  83.6  405s
H  852   780                    306390.92275 307866.107  0.48%  83.6  412s
   860   780 307118.499  116  423 306390.923 307866.107  0.48%  83.4  425s
   877   834 306749.687  112  413 306390.923 307866.107  0.48%  83.3  435s
   918   834 307059.991  119  425 306390.923 307866.107  0.48%  82.6  442s
   934   834 306688.638  131  450 306390.923 307866.107  0.48%  83.0  448s
   959   880 306747.629  120  405 306390.923 307866.107  0.48%  82.1  452s
  1032   930 306649.813  130  352 306390.923 307866.107  0.48%  81.4  462s
H 1081   836                    306546.75190 307866.107  0.43%  80.2  469s
H 1091   546                    306844.53045 307866.107  0.33%  79.9  476s
  1120   599     cutoff  143      306844.530 307828.203  0.32%  79.4  480s
  1250   599     cutoff  170      306844.530 307828.203  0.32%  75.0  529s
  1271   599 307342.644   14  366 306844.530 307828.203  0.32%  74.5  541s
  1285   711     cutoff   25      306844.530 307828.203  0.32%  74.4  551s
  1356   711 306851.346  171  410 306844.530 307828.203  0.32%  72.9  577s
  1391   711 307301.122   23  466 306844.530 307828.203  0.32%  71.7  590s
  1415   711 307128.229   32  377 306844.530 307828.203  0.32%  71.3  603s
  1442   760 307045.285   45  470 306844.530 307828.203  0.32%  70.7  664s
  1448   760 306962.887   47  516 306844.530 307828.203  0.32%  70.6  675s
  1576   761 307034.252  137   28 306844.530 307828.203  0.32%  67.0  736s
  1578   762 307747.144    4  586 306844.530 307828.203  0.32%  66.9  798s
  1579   763 306962.603   97  502 306844.530 307828.203  0.32%  66.9  806s
  1581   764 307114.544   35  502 306844.530 307828.203  0.32%  66.8 1130s
  1600   782 307581.794   14  855 306844.530 307826.034  0.32%  78.1 1137s
  1614   793 307532.943   16  871 306844.530 307817.802  0.32%  78.3 1144s
  1620   796 307529.849   17  866 306844.530 307817.802  0.32%  78.2 1145s
  1647   815 307023.486   20  903 306844.530 307817.802  0.32%  78.0 1153s
  1665   829 307289.117   21  881 306844.530 307817.802  0.32%  77.8 1156s
  1671   827 307348.356   28  916 306844.530 307817.802  0.32%  77.6 1162s
  1677   840 307382.169   22  887 306844.530 307817.802  0.32%  77.6 1171s
  1697   855 307223.597   26  888 306844.530 307817.802  0.32%  77.9 1176s
  1709   860 307110.565   28  887 306844.530 307817.802  0.32%  77.7 1183s
  1718   870 307164.266   30  898 306844.530 307817.802  0.32%  77.5 1185s
  1754   892 307126.243   34  899 306844.530 307817.802  0.32%  77.1 1191s
  1768   887 307226.597   40  940 306844.530 307817.802  0.32%  76.9 1204s

Explored 1771 nodes (155638 simplex iterations) in 1204.45 seconds (521.85 work units)
Thread count was 8 (of 8 available processors)

Solution count 10: 306845 306547 306391 ... 301069

Time limit reached
Best objective 3.068445304474e+05, best bound 3.078178016861e+05, gap 0.3172%

User-callback calls 17666, time in user-callback 498.92 sec
