
Gurobi 9.5.2 (win64) logging started Thu Apr  6 01:41:58 2023

Set parameter LogFile to value "2023-04-05_23hr-02min-04sec/Nodes100_Arcs4800_LocNodes75/Formulation-2Instance-1.log"
Set parameter TimeLimit to value 1200
Set parameter IntFeasTol to value 1e-09
Set parameter DualReductions to value 0
Set parameter NonConvex to value 2
Gurobi Optimizer version 9.5.2 build v9.5.2rc0 (win64)
Thread count: 4 physical cores, 8 logical processors, using up to 8 threads
Optimize a model with 5076 rows, 10050 columns and 29500 nonzeros
Model fingerprint: 0x80eea825
Model has 4900 quadratic objective terms
Model has 4900 SOS constraints
Variable types: 9975 continuous, 75 integer (75 binary)
Coefficient statistics:
  Matrix range     [4e-04, 2e+02]
  Objective range  [9e-04, 1e+03]
  QObjective range [9e-04, 8e+00]
  Bounds range     [1e+00, 1e+00]
  RHS range        [9e-04, 7e+03]
Presolve time: 0.02s
Presolved: 5076 rows, 10050 columns, 29500 nonzeros
Presolved model has 4900 SOS constraint(s)
Presolved model has 4900 quadratic objective terms
Variable types: 9975 continuous, 75 integer (75 binary)

Root relaxation: objective 3.232047e+05, 15392 iterations, 3.01 seconds (4.10 work units)

    Nodes    |    Current Node    |     Objective Bounds      |     Work
 Expl Unexpl |  Obj  Depth IntInf | Incumbent    BestBd   Gap | It/Node Time

     0     0 323204.729    0  317          - 323204.729      -     -    3s
H    0     0                    305588.39927 323190.868  5.76%     -   15s
     0     0 323190.868    0  317 305588.399 323190.868  5.76%     -   15s
H    0     2                    306898.06950 323190.868  5.31%     -   34s
     0     2 323190.868    0  317 306898.069 323190.868  5.31%     -   34s
     3     8 322861.850    2  300 306898.069 323148.942  5.30%  61.0   35s
    23    30 322571.638    7  317 306898.069 323112.584  5.28%  37.2   42s
    29    34 322524.086    8  308 306898.069 323112.584  5.28%  33.5   47s
H   57    65                    312731.91237 323112.584  3.32%  45.0   52s
    64    72 322264.702   14  324 312731.912 323112.584  3.32%  44.0   57s
    99   107 322009.004   20  357 312731.912 323112.584  3.32%  42.4   60s
   126   138 321881.857   23  347 312731.912 323112.584  3.32%  47.1   65s
H  149   154                    319316.08678 323112.584  1.19%  47.1   70s
   164   181 321696.203   30  350 319316.087 323112.584  1.19%  48.9   75s
   208   224 321675.173   35  343 319316.087 323112.584  1.19%  57.2   81s
   232   240 321957.964   40  357 319316.087 323112.584  1.19%  57.1   92s
   252   273 321653.615   40  341 319316.087 323112.584  1.19%  57.8  114s
   266   273 321379.564   47  367 319316.087 323112.584  1.19%  59.6  121s
   293   311 321645.965   46  335 319316.087 323112.584  1.19%  59.7  129s
   310   328 321640.436   48  335 319316.087 323112.584  1.19%  61.6  135s
H  325   328                    319560.60997 323112.584  1.11%  61.2  140s
   350   388 321630.156   53  334 319560.610 323112.584  1.11%  62.7  149s
   387   410 321617.917   58  336 319560.610 323112.584  1.11%  61.7  151s
H  406   410                    319869.62057 323112.584  1.01%  61.7  156s
   409   447 321605.516   61  338 319869.621 323112.584  1.01%  61.8  163s
   424   447 322095.739   67  342 319869.621 323112.584  1.01%  62.2  167s
   446   471 321415.110   64  325 319869.621 323112.584  1.01%  63.6  174s
   470   509 321315.182   66  340 319869.621 323112.584  1.01%  63.8  180s
   493   509 322020.451   75  343 319869.621 323112.584  1.01%  62.9  192s
   497   509 321829.143   77  399 319869.621 323112.584  1.01%  62.9  201s
   508   513 321417.314   72  350 319869.621 323112.584  1.01%  63.4  251s
H  511   511                    320242.34032 323112.584  0.90%  63.2  254s
   512   552 321533.566   72  332 320242.340 323112.584  0.90%  63.1  257s
   586   595 321518.026   81  328 320242.340 323112.584  0.90%  65.1  262s
   600   624 321513.029   84  325 320242.340 323112.584  0.90%  65.4  265s
   635   663 321364.790   89  343 320242.340 323112.584  0.90%  67.4  273s
   676   708 321278.640   93  347 320242.340 323112.584  0.90%  68.6  288s
   705   708 322006.077  100  321 320242.340 323112.584  0.90%  68.5  300s
   780   806 321490.996  103  317 320242.340 323112.584  0.90%  69.0  314s
   827   861 321484.680  109  314 320242.340 323112.584  0.90%  69.8  322s
   835   861 321479.018  113  310 320242.340 323112.584  0.90%  69.7  330s
   884   933     cutoff  115      320242.340 323112.584  0.90%  69.7  342s
   901   933 321771.309  123  282 320242.340 323112.584  0.90%  69.3  346s
   962  1001 320781.661  123  356 320242.340 323112.584  0.90%  69.7  350s
  1040  1065 321413.153  134  299 320242.340 323112.584  0.90%  69.6  365s
H 1074  1031                    320700.54410 323112.584  0.75%  70.1  369s
  1099  1031 321687.687  149  314 320700.544 323112.584  0.75%  70.5  377s
  1111  1031 321682.982  156  310 320700.544 323112.584  0.75%  70.3  385s
H 1161  1023                    321010.65944 323112.584  0.65%  70.0  402s
  1192  1077 321346.512  152  287 321010.659 323112.584  0.65%  70.3  413s
  1221  1077 321335.712  167  283 321010.659 323112.584  0.65%  69.5  422s
  1260  1077 321611.063  180  274 321010.659 323112.584  0.65%  68.6  430s
  1312  1131 321332.340  171  283 321010.659 323112.584  0.65%  68.8  442s
  1343  1131 321323.538  186  280 321010.659 323112.584  0.65%  68.3  449s
  1365  1131 321598.279  190  269 321010.659 323112.584  0.65%  67.9  458s
H 1389  1128                    321023.09235 323112.584  0.65%  67.6  462s
  1394  1128 321823.068  184  278 321023.092 323112.584  0.65%  67.7  470s
  1454  1185 321281.236  191  283 321023.092 323112.584  0.65%  67.3  490s
H 1492  1022                    321277.54630 323112.584  0.57%  66.4  494s
  1593  1094     cutoff  217      321277.546 323042.719  0.55%  65.9  502s
H 1636   892                    321453.76339 323006.024  0.48%  65.3  511s
H 1691   509                    321749.15625 323006.024  0.39%  64.3  519s
  1741   591 322540.864   14  338 321749.156 323006.024  0.39%  63.7  522s
  1760   591 322221.612   26  377 321749.156 323006.024  0.39%  63.4  531s
  1831   591 321755.580  230  264 321749.156 323006.024  0.39%  62.5  535s
  1876   591 322432.431   13  336 321749.156 323006.024  0.39%  61.7  542s
  1930   706 322041.248   43  372 321749.156 323006.024  0.39%  61.0  546s
  1949   706 322006.032   53  366 321749.156 323006.024  0.39%  60.8  554s
H 2088   491                    321925.32408 323006.024  0.34%  59.5  568s
H 2101   377                    322009.42076 323006.024  0.31%  59.5  593s
  2102   360 322350.100   18   26 322009.421 323006.024  0.31%  59.4  595s
  2104   361 322363.850   19  473 322009.421 323006.024  0.31%  59.4  626s
  2105   362 322305.366   17  368 322009.421 323006.024  0.31%  59.3  631s
  2107   363 322592.187   14  368 322009.421 323006.024  0.31%  59.3  853s
  2108   365 323006.024   14  649 322009.421 323006.024  0.31%  66.0  873s
  2116   372 322841.024   17  652 322009.421 323006.024  0.31%  65.9  875s
  2156   398 322652.633   22  675 322009.421 322959.445  0.30%  65.6  882s
  2168   407 322532.098   23  680 322009.421 322959.445  0.30%  65.5  888s
  2174   412 322142.119   24  690 322009.421 322959.445  0.30%  65.5  893s
  2175   412 322696.779   25  701 322009.421 322959.445  0.30%  65.5  897s
  2181   418 322558.029   24  675 322009.421 322959.445  0.30%  65.5  900s
  2189   424 322490.411   25  682 322009.421 322959.445  0.30%  65.4  905s
  2237   453 322241.523   33  686 322009.421 322959.445  0.30%  64.9  911s
  2266   476 322102.273   36  687 322009.421 322959.445  0.30%  64.4  921s
  2294   484 322073.120   41  705 322009.421 322959.445  0.30%  64.0  927s
  2331   487     cutoff   45      322009.421 322955.708  0.29%  63.3  934s
  2354   484 322866.084   22  685 322009.421 322955.708  0.29%  63.1  938s
  2364   497 322178.616   45  708 322009.421 322955.708  0.29%  63.0  943s
  2400   505 322285.493   20  695 322009.421 322955.708  0.29%  62.6  948s
  2433   537 322425.439   35  706 322009.421 322955.708  0.29%  62.2  953s
  2486   537 322156.840   55  710 322009.421 322955.708  0.29%  61.5  962s
  2498   549 322098.103   40  737 322009.421 322955.708  0.29%  61.4  967s
  2538   550 322256.867   45  696 322009.421 322955.708  0.29%  60.9  971s
  2578   547 322148.835   50  701 322009.421 322955.708  0.29%  60.3  976s
  2617   538     cutoff   54      322009.421 322955.708  0.29%  59.8  981s
  2710   525 322240.587   19  650 322009.421 322955.708  0.29%  58.4  989s
  2716   532 322088.483   72  695 322009.421 322955.708  0.29%  58.4  990s
  2807   524 322578.570   20  632 322009.421 322955.708  0.29%  57.0 1008s
  2819   533 322061.186   84  685 322009.421 322955.708  0.29%  56.9 1013s
  2884   537 322038.569   90  667 322009.421 322955.708  0.29%  56.0 1022s
  2942   520 322035.304   96  679 322009.421 322955.708  0.29%  55.3 1027s
  2961   514 322080.910   39  691 322009.421 322955.708  0.29%  55.1 1031s
  3006   504 322013.709  104  683 322009.421 322916.252  0.28%  54.6 1040s
  3106   502 322471.373   26  672 322009.421 322916.252  0.28%  53.8 1200s

Explored 3110 nodes (182793 simplex iterations) in 1200.07 seconds (547.07 work units)
Thread count was 8 (of 8 available processors)

Solution count 10: 322009 321925 321749 ... 319870

Time limit reached
Best objective 3.220094207637e+05, best bound 3.229162523089e+05, gap 0.2816%

User-callback calls 21329, time in user-callback 501.03 sec
