
Gurobi 9.5.2 (win64) logging started Thu Apr  6 03:43:18 2023

Set parameter LogFile to value "2023-04-05_23hr-02min-04sec/Nodes100_Arcs7620_LocNodes75/Formulation-2Instance-1.log"
Set parameter TimeLimit to value 1200
Set parameter IntFeasTol to value 1e-09
Set parameter DualReductions to value 0
Set parameter NonConvex to value 2
Gurobi Optimizer version 9.5.2 build v9.5.2rc0 (win64)
Thread count: 4 physical cores, 8 logical processors, using up to 8 threads
Optimize a model with 7896 rows, 15690 columns and 46420 nonzeros
Model fingerprint: 0x15ac8a2f
Model has 7720 quadratic objective terms
Model has 7720 SOS constraints
Variable types: 15615 continuous, 75 integer (75 binary)
Coefficient statistics:
  Matrix range     [4e-04, 2e+02]
  Objective range  [1e-04, 1e+03]
  QObjective range [9e-04, 8e+00]
  Bounds range     [1e+00, 1e+00]
  RHS range        [1e-04, 7e+03]
Presolve time: 0.11s
Presolved: 7896 rows, 15690 columns, 46420 nonzeros
Presolved model has 7720 SOS constraint(s)
Presolved model has 7720 quadratic objective terms
Variable types: 15615 continuous, 75 integer (75 binary)

Root simplex log...

Iteration    Objective       Primal Inf.    Dual Inf.      Time
   18986    3.2362731e+05   1.133226e+04   0.000000e+00      5s
   24011    3.0012077e+05   0.000000e+00   0.000000e+00      9s

Root relaxation: objective 3.001208e+05, 24011 iterations, 8.81 seconds (10.04 work units)

    Nodes    |    Current Node    |     Objective Bounds      |     Work
 Expl Unexpl |  Obj  Depth IntInf | Incumbent    BestBd   Gap | It/Node Time

     0     0 300120.766    0  461          - 300120.766      -     -    9s
     0     0 300120.407    0  461          - 300120.407      -     -   27s
     0     2 300120.407    0  461          - 300120.407      -     -   68s
     3     8 299929.060    2  487          - 300074.872      -  89.0   71s
    15    20 299791.643    5  516          - 300029.567      -  61.6   75s
    30    37 299675.077    7  507          - 300029.567      -  65.8   80s
    60    69 299249.213   13  550          - 300029.567      -  65.6   90s
    79    88 299426.421   17  562          - 300029.567      -  70.0   95s
   113   128 299178.197   23  547          - 300029.567      -  76.0  103s
   127   140 299157.440   25  508          - 300029.567      -  80.0  107s
   139   157 299326.886   27  589          - 300029.567      -  79.1  112s
   171   182 299249.331   33  589          - 300029.567      -  79.7  117s
   181   197 299285.766   34  591          - 300029.567      -  82.7  122s
   196   213 299278.904   36  595          - 300029.567      -  84.8  128s
   212   231 299276.375   38  595          - 300029.567      -  88.5  131s
   230   252 299271.934   40  592          - 300029.567      -  88.1  138s
   251   274 299251.943   44  563          - 300029.567      -  90.8  146s
   273   290 299263.442   46  588          - 300029.567      -  92.7  150s
   289   315 299253.068   49  583          - 300029.567      -  95.2  155s
   314   338 297025.754   54  778          - 300029.567      -  97.8  162s
   337   353 299247.183   54  580          - 300029.567      -  97.3  167s
   352   371 299246.341   56  579          - 300029.567      -  98.9  172s
   370   396 299243.502   58  579          - 300029.567      -   101  178s
   395   428 298963.079   65  563          - 300029.567      -   103  184s
   427   455 299223.766   69  570          - 300029.567      -   102  192s
   454   493 299211.666   73  570          - 300029.567      -   103  199s
   492   529 299210.994   74  570          - 300029.567      -   103  203s
   530   575 299201.472   78  569          - 300029.567      -   104  211s
   576   600 299181.603   85  564          - 300029.567      -   103  220s
   603   647 299178.812   90  562          - 300029.567      -   106  225s
   650   699 299155.800   94  533          - 300029.567      -   104  231s
   702   747 299155.076  102  567          - 300029.567      -   103  238s
   750   773 297509.734  108  757          - 300029.567      -   103  264s
   776   827 298997.323  109  539          - 300029.567      -   106  271s
   830   860 299130.352  118  557          - 300029.567      -   106  279s
   865   905 299128.579  122  555          - 300029.567      -   108  287s
   912   954 299124.176  127  550          - 300029.567      -   109  295s
   965  1014 299121.955  134  546          - 300029.567      -   112  303s
  1027  1063 299073.214  147  546          - 300029.567      -   112  313s
  1084  1097 299044.620  153  542          - 300029.567      -   116  323s
  1126  1156 infeasible  160               - 300029.567      -   118  332s
  1195  1216 298789.540  169  601          - 300029.567      -   119  341s
  1261  1235 299043.786  178  556          - 300029.567      -   121  444s
  1282  1331 298564.247  181  609          - 300029.567      -   121  457s
  1382  1423 299029.304  193  540          - 300029.567      -   123  467s
  1484  1505 298373.005  203  586          - 300029.567      -   123  477s
  1574  1586 298966.279  211  559          - 300029.567      -   124  487s
  1665  1670 infeasible  222               - 300029.567      -   126  500s
  1765  1742 298954.788  232  540          - 300029.567      -   127  511s
  1855  1820 298942.761  246  535          - 300029.567      -   130  522s
  1945  1890 298935.198  259  540          - 300029.567      -   133  534s
  2049  1951 298895.194  271  541          - 300029.567      -   135  547s
  2146  2040 infeasible  288               - 300029.567      -   140  559s
  2261  2107 infeasible  304               - 300029.567      -   141  573s
  2362  2165 298902.265  312  506          - 300029.567      -   144  589s
  2454  2240 298850.551  328  469          - 300029.567      -   148  604s
  2565  2286 297348.498  341  662          - 300029.567      -   151  621s
  2643  2344 298836.449  351  461          - 300029.567      -   155  637s
  2755  2407 298807.955  368  479          - 300029.567      -   160  654s
  2852  2513 infeasible  384               - 300029.567      -   162  671s
  3004  2594 297807.369  405  575          - 300029.567      -   164  689s
  3137  2667 298804.299  417  446          - 300029.567      -   166  708s
  3270  2744 infeasible  435               - 300029.567      -   169  729s
  3413  2830 298789.801  460  431          - 300029.567      -   172  751s
  3569  2895 infeasible  479               - 300029.567      -   175  772s
  3704  2989 298779.743  494  422          - 300029.567      -   177  793s
  3880  3059 298770.822  516  415          - 300029.567      -   179  815s
  4046  3134 298760.942  537  425          - 300029.567      -   182  838s
  4207  3195 298754.891  560  428          - 300029.567      -   185  863s
  4364  3238 298753.331  582  421          - 300029.567      -   188  889s
  4525  3322 298427.374  608  455          - 300029.567      -   191  914s
  4701  3401 298740.672  629  410          - 300029.567      -   195  941s
  4892  3465 298727.151  659  406          - 300029.567      -   197  969s
  5046  3522 298717.085  685  404          - 300029.567      -   201  999s
  5228  3524 298723.708  335   25          - 300029.567      -   205 1026s
  5230  3526 298866.114  552   25          - 300029.567      -   205 1077s
  5231  3529 299999.423   10  458          - 300029.567      -   209 1158s
  5233  3533 299941.592   11  455          - 300024.891      -   209 1184s
  5237  3535 299888.352   12  474          - 300021.700      -   209 1192s
  5245  3541 299847.165   13  471          - 299972.865      -   209 1196s
  5253  3546 299804.088   14  486          - 299951.345      -   209 1200s

Explored 5257 nodes (1121064 simplex iterations) in 1200.07 seconds (2288.42 work units)
Thread count was 8 (of 8 available processors)

Solution count 0

Time limit reached
Best objective -, best bound 2.999513454772e+05, gap -

User-callback calls 28629, time in user-callback 0.30 sec
