
Gurobi 9.5.2 (win64) logging started Mon Mar 27 23:24:46 2023

Set parameter LogFile to value "2023-03-27_20hr-25min-09sec/Nodes30_Arcs55_LocNodes22/Formulation-1Instance-3.log"
Set parameter TimeLimit to value 600
Set parameter IntFeasTol to value 1e-09
Set parameter DualReductions to value 0
Set parameter NonConvex to value 2
Gurobi Optimizer version 9.5.2 build v9.5.2rc0 (win64)
Thread count: 4 physical cores, 8 logical processors, using up to 8 threads
Optimize a model with 138 rows, 244 columns and 538 nonzeros
Model fingerprint: 0x11acab5e
Model has 22 quadratic objective terms
Model has 85 SOS constraints
Variable types: 222 continuous, 22 integer (22 binary)
Coefficient statistics:
  Matrix range     [8e-02, 2e+02]
  Objective range  [3e+00, 2e+02]
  QObjective range [2e+00, 2e+00]
  Bounds range     [1e+00, 1e+00]
  RHS range        [2e-02, 2e+03]
Presolve removed 1 rows and 4 columns
Presolve time: 0.00s
Presolved: 182 rows, 264 columns, 637 nonzeros
Presolved model has 81 SOS constraint(s)
Presolved model has 22 bilinear constraint(s)
Variable types: 242 continuous, 22 integer (22 binary)

Root relaxation: unbounded, 126 iterations, 0.00 seconds (0.00 work units)

    Nodes    |    Current Node    |     Objective Bounds      |     Work
 Expl Unexpl |  Obj  Depth IntInf | Incumbent    BestBd   Gap | It/Node Time

     0     0  postponed    0               -          -      -     -    0s
     0     0  postponed    0               -          -      -     -    0s
Exploring 100 nodes in MinRel heuristic
No solution found by MinRel heuristic
     0     2  postponed    0               -          -      -     -    0s
Exploring 10000 nodes in MinRel heuristic
MinRel: 1314 nodes explored, relaxation 1.10e+02, total elapsed time 5s
H 3294   938                    -8812.118382          -      -  50.9    6s
Feasible solution found by MinRel heuristic at node 5322
H 3412   968                    -7741.118382          -      -  56.9    6s
H 3471  1005                    10858.547486          -      -  58.9    7s
H 3471   963                    201030.00565          -      -  58.9    7s
H 3570   890                    201214.00565          -      -  58.5    7s
H 4000   820                    201922.19279          -      -  55.6    7s
H 4848   745                    202937.07425          -      -  52.7    7s
H 5998   886                    203122.27235          -      -  48.9    8s
H 6847  1167                    203122.27240          -      -  47.1    9s
  8053  1550 infeasible   42      203122.272          -      -  46.9   10s
H 9357  1911                    203122.27244          -      -  46.0   10s
H15437  2927                    344002.79382 2166129.13   530%  33.7   14s
H15440  2909                    362900.23907 2166129.13   497%  33.7   14s
 17672  3342 infeasible   24      362900.239 2024245.39   458%  31.0   15s
 31072  4686 622699.360   32   50 362900.239 1226221.81   238%  23.1   20s
 46874  6025 426283.716   33   33 362900.239 825535.681   127%  19.3   25s
 61846  7181 471191.739   37   43 362900.239 706469.043  94.7%  17.8   30s
 75450  8293 596500.284   34   54 362900.239 639534.483  76.2%  17.2   35s
 88318  8674 430491.654   31   41 362900.239 594691.008  63.9%  17.2   40s
 101016  8788     cutoff   34      362900.239 558474.075  53.9%  17.3   45s
H105021  8755                    362964.46243 549329.850  51.3%  17.3   46s
 111056  8852     cutoff   44      362964.462 531103.575  46.3%  17.3   50s
H114119  8819                    363080.97593 522673.845  44.0%  17.2   51s
H115650  8849                    363108.10468 519241.268  43.0%  17.2   52s
 123414  8778 infeasible   34      363108.105 496835.990  36.8%  17.2   55s
 137052 11023 396489.292   62   13 363108.105 470993.191  29.7%  16.8   60s
H145203 13423                    363223.80891 464364.485  27.8%  16.4   62s
*145302 13423             166    363223.80970 464364.485  27.8%  16.4   62s
H145856 13179                    363604.80970 464129.382  27.6%  16.3   62s
 152843 15229 412242.063   54   17 363604.810 459279.774  26.3%  16.0   65s
H159207 17891                    363781.97885 456618.975  25.5%  15.7   67s
H159344 17887                    363789.44288 456618.975  25.5%  15.7   67s
*159461 17887             251    363789.44361 456618.975  25.5%  15.7   67s
H160448 17808                    363962.44361 456293.709  25.4%  15.6   67s
 169732 21063 369558.352   70   12 363962.444 452635.646  24.4%  15.2   70s
 186585 26810 364027.189   93    8 363962.444 448326.117  23.2%  14.5   75s
 203904 33271 369186.225   70    9 363962.444 444397.970  22.1%  13.8   80s
 219714 38971 398724.547   57   11 363962.444 441730.343  21.4%  13.3   85s
 237084 45436 391563.432   65   12 363962.444 439524.968  20.8%  12.8   90s
 254163 51969 infeasible   65      363962.444 437722.563  20.3%  12.4   95s
H265591 56014                    363962.44368 436364.656  19.9%  12.2   98s
 269589 57516 infeasible   50      363962.444 436021.292  19.8%  12.1  100s
 287164 63749     cutoff   73      363962.444 434236.795  19.3%  11.8  105s
H295141 66110                    363962.44375 433554.849  19.1%  11.6  108s
 300320 67953 368257.718   61    7 363962.444 433145.564  19.0%  11.5  110s
 316759 73592 401294.491   63   12 363962.444 431836.656  18.6%  11.3  115s
 334204 79622 392427.613   63   14 363962.444 430560.696  18.3%  11.1  120s
 349973 84465 377206.318   67   13 363962.444 429504.757  18.0%  10.9  125s
 367399 89909 425607.506   56   15 363962.444 428348.131  17.7%  10.7  130s
 383238 95083 infeasible   54      363962.444 427459.286  17.4%  10.5  135s
 400599 100597 382027.856   64   14 363962.444 426505.343  17.2%  10.3  140s
 416557 105370 391974.998   59   12 363962.444 425708.124  17.0%  10.2  145s
 433229 110239 375847.190   67   12 363962.444 424866.672  16.7%  10.1  150s
 450252 115502     cutoff   74      363962.444 424115.194  16.5%   9.9  155s
 466200 120066     cutoff   70      363962.444 423445.231  16.3%   9.8  160s
 481652 124493 408299.212   55   20 363962.444 422833.967  16.2%   9.7  165s
H484116 124969                    363962.44382 422725.252  16.1%   9.7  165s
 496326 129144 379601.665   46   43 363962.444 422280.067  16.0%   9.6  170s
 512651 133995 377360.882   59    7 363962.444 421663.947  15.9%   9.5  175s
 529707 138755 371430.656   67   11 363962.444 421002.090  15.7%   9.4  180s
 547617 143622 369740.710   66   10 363962.444 420340.541  15.5%   9.4  185s
 562377 148038 365911.252   74    6 363962.444 419848.311  15.4%   9.3  190s
 580370 153278 379036.074   72   13 363962.444 419295.884  15.2%   9.2  195s
 597964 158609     cutoff   80      363962.444 418786.055  15.1%   9.1  200s
 615468 163228 384191.582   62   11 363962.444 418240.428  14.9%   9.1  205s
 630339 167411 404258.634   56   16 363962.444 417800.111  14.8%   9.0  210s
 647812 172475 397249.601   57   19 363962.444 417303.853  14.7%   8.9  215s
 665302 177437 369240.461   57   13 363962.444 416799.782  14.5%   8.9  220s
 682123 181366 375032.190   59    9 363962.444 416337.468  14.4%   8.8  225s
 696295 185181 376757.117   67   15 363962.444 415959.317  14.3%   8.8  230s
 713146 189391 392465.362   62   13 363962.444 415547.980  14.2%   8.7  235s
 728534 193240     cutoff   65      363962.444 415218.017  14.1%   8.7  240s
 746558 197820 364049.700   72   10 363962.444 414812.032  14.0%   8.6  245s
 759309 201145     cutoff   59      363962.444 414521.936  13.9%   8.6  250s
 775942 205099     cutoff   78      363962.444 414163.841  13.8%   8.6  255s
 793267 209553 365886.427   66    9 363962.444 413802.228  13.7%   8.5  260s
 810448 213597     cutoff   64      363962.444 413438.581  13.6%   8.5  265s
 826559 217347 infeasible   62      363962.444 413083.384  13.5%   8.4  270s
 843411 221186 infeasible   66      363962.444 412734.133  13.4%   8.4  275s
 860759 225348     cutoff   78      363962.444 412394.501  13.3%   8.4  280s
 878236 229404 380164.372   62   12 363962.444 412038.468  13.2%   8.3  285s
 891018 232388     cutoff   60      363962.444 411776.774  13.1%   8.3  290s
 905869 235472 384867.805   64   13 363962.444 411479.296  13.1%   8.3  295s
 920534 239122 403646.278   63   12 363962.444 411204.422  13.0%   8.2  300s
 934577 242445 365376.814   71    9 363962.444 410954.223  12.9%   8.2  305s
 947823 245428 366485.485   69    9 363962.444 410738.919  12.9%   8.2  310s
 961099 248527 408196.774   59   14 363962.444 410501.636  12.8%   8.2  315s
 973265 251231 368284.332   63   11 363962.444 410282.226  12.7%   8.1  320s
 987393 254376 373742.190   60    8 363962.444 410039.649  12.7%   8.1  325s
 1001728 257509 infeasible   66      363962.444 409792.000  12.6%   8.1  330s
 1014253 260452 366049.607   58   15 363962.444 409584.468  12.5%   8.1  335s
 1028399 263434 388203.212   56   23 363962.444 409357.418  12.5%   8.1  340s
 1042991 266649 infeasible   73      363962.444 409123.278  12.4%   8.0  345s
 1056532 269555     cutoff   66      363962.444 408899.115  12.3%   8.0  350s
 1070057 272306     cutoff   64      363962.444 408717.759  12.3%   8.0  355s
 1083016 275228     cutoff   70      363962.444 408515.463  12.2%   8.0  360s
 1099472 278876     cutoff   73      363962.444 408268.366  12.2%   8.0  365s
 1115104 282284 372666.378   66   11 363962.444 408036.223  12.1%   7.9  370s
 1130483 285576     cutoff   72      363962.444 407795.936  12.0%   7.9  375s
 1144431 288522     cutoff   67      363962.444 407582.879  12.0%   7.9  380s
 1159994 291664     cutoff   60      363962.444 407351.999  11.9%   7.9  385s
 1175783 294944     cutoff   63      363962.444 407138.224  11.9%   7.9  390s
 1192384 298535     cutoff   66      363962.444 406909.700  11.8%   7.8  395s
 1208251 301673     cutoff   70      363962.444 406685.653  11.7%   7.8  400s
 1224317 305183     cutoff   62      363962.444 406462.751  11.7%   7.8  405s
 1241326 308362     cutoff   63      363962.444 406230.040  11.6%   7.8  410s
 1256068 311572 368743.759   74    7 363962.444 406027.304  11.6%   7.8  415s
 1270146 314586     cutoff   61      363962.444 405829.778  11.5%   7.8  420s
 1286429 317987 366800.328   69   12 363962.444 405621.371  11.4%   7.8  425s
 1303670 321190 364387.429   78   13 363962.444 405406.910  11.4%   7.7  430s
 1320907 324518 394651.017   62   15 363962.444 405182.761  11.3%   7.7  435s
 1337108 327662 403711.770   61   16 363962.444 404988.386  11.3%   7.7  440s
 1352375 330492 366948.565   77    9 363962.444 404792.447  11.2%   7.7  445s
 1369669 333662 383677.367   62   11 363962.444 404576.180  11.2%   7.7  450s
 1382798 336111 394841.364   54   11 363962.444 404416.614  11.1%   7.7  455s
 1399136 339134     cutoff   68      363962.444 404205.845  11.1%   7.7  460s
 1414683 342155 379265.293   57   11 363962.444 404032.337  11.0%   7.7  465s
H1415216 340702                    364145.32352 404031.231  11.0%   7.7  465s
H1417030 341081                    364145.32359 404007.782  10.9%   7.6  465s
 1429301 343159 402678.778   52   17 364145.324 403864.144  10.9%   7.6  470s
 1445036 345979     cutoff   65      364145.324 403677.914  10.9%   7.6  475s
H1448907 346499                    364145.32369 403638.188  10.8%   7.6  476s
 1459625 348512 365063.667   67   11 364145.324 403513.359  10.8%   7.6  480s
 1476583 351449 375763.891   60   13 364145.324 403332.843  10.8%   7.6  485s
 1492192 353958 364540.323   87    8 364145.324 403150.427  10.7%   7.6  490s
 1508893 356783 400948.061   64   14 364145.324 402959.802  10.7%   7.6  495s
 1525817 359714 368783.089   63    9 364145.324 402776.036  10.6%   7.6  500s
H1536486 361442                    364145.32391 402657.846  10.6%   7.6  503s
 1540574 362219 367779.417   67   14 364145.324 402613.623  10.6%   7.6  505s
 1557824 365139     cutoff   64      364145.324 402429.794  10.5%   7.6  510s
H1563695 366044                    364145.32396 402370.651  10.5%   7.6  512s
 1570581 367249 375107.964   71   11 364145.324 402293.208  10.5%   7.6  515s
 1586517 369863 369070.191   64   11 364145.324 402119.903  10.4%   7.5  520s
 1600697 372149 378229.359   71   14 364145.324 401977.021  10.4%   7.5  525s
 1615094 374493 376474.985   65   11 364145.324 401826.976  10.3%   7.5  530s
 1630357 376894 370715.649   73   10 364145.324 401669.814  10.3%   7.5  535s
 1645569 379261 398409.913   54   10 364145.324 401512.682  10.3%   7.5  540s
 1661300 382120 373191.190   65    9 364145.324 401356.498  10.2%   7.5  545s
 1678919 384863     cutoff   56      364145.324 401187.869  10.2%   7.5  550s
 1695145 387426     cutoff   62      364145.324 401020.216  10.1%   7.5  555s
 1709536 389642 384967.641   61   12 364145.324 400883.574  10.1%   7.5  560s
 1725340 392016 380360.834   53   24 364145.324 400737.177  10.0%   7.5  565s
 1741910 394577     cutoff   67      364145.324 400575.419  10.0%   7.5  570s
H1754561 396319                    364145.32400 400446.546  10.0%   7.5  574s
 1757411 396902 367593.435   65   10 364145.324 400416.596  10.0%   7.5  575s
 1773310 399565     cutoff   63      364145.324 400275.536  9.92%   7.5  580s
 1789983 402174 383165.789   61   11 364145.324 400117.160  9.88%   7.5  585s
 1804690 404545     cutoff   65      364145.324 399977.610  9.84%   7.5  590s
 1820484 407005 infeasible   51      364145.324 399835.009  9.80%   7.4  595s
 1836320 409405     cutoff   67      364145.324 399689.188  9.76%   7.4  600s

Cutting planes:
  Implied bound: 5

Explored 1837163 nodes (13666330 simplex iterations) in 600.02 seconds (137.57 work units)
Thread count was 8 (of 8 available processors)

Solution count 10: 364145 364145 364145 ... 363962

Time limit reached
Best objective 3.641453240038e+05, best bound 3.996813607151e+05, gap 9.7588%

User-callback calls 3706814, time in user-callback 37.77 sec
