
Gurobi 9.5.2 (win64) logging started Mon Mar 27 23:35:04 2023

Set parameter LogFile to value "2023-03-27_20hr-25min-09sec/Nodes30_Arcs55_LocNodes22/Formulation-1Instance-4.log"
Set parameter TimeLimit to value 600
Set parameter IntFeasTol to value 1e-09
Set parameter DualReductions to value 0
Set parameter NonConvex to value 2
Gurobi Optimizer version 9.5.2 build v9.5.2rc0 (win64)
Thread count: 4 physical cores, 8 logical processors, using up to 8 threads
Optimize a model with 138 rows, 244 columns and 538 nonzeros
Model fingerprint: 0x62af847f
Model has 22 quadratic objective terms
Model has 85 SOS constraints
Variable types: 222 continuous, 22 integer (22 binary)
Coefficient statistics:
  Matrix range     [2e-02, 2e+02]
  Objective range  [3e+00, 2e+02]
  QObjective range [2e+00, 2e+00]
  Bounds range     [1e+00, 1e+00]
  RHS range        [3e-01, 2e+03]
Presolve time: 0.01s
Presolved: 183 rows, 268 columns, 650 nonzeros
Presolved model has 85 SOS constraint(s)
Presolved model has 22 bilinear constraint(s)
Variable types: 246 continuous, 22 integer (22 binary)

Root relaxation: unbounded, 144 iterations, 0.00 seconds (0.00 work units)

    Nodes    |    Current Node    |     Objective Bounds      |     Work
 Expl Unexpl |  Obj  Depth IntInf | Incumbent    BestBd   Gap | It/Node Time

     0     0  postponed    0               -          -      -     -    0s
     0     0  postponed    0               -          -      -     -    0s
Exploring 100 nodes in MinRel heuristic
No solution found by MinRel heuristic
     0     2  postponed    0               -          -      -     -    0s
Exploring 10000 nodes in MinRel heuristic
H 4024   904                    -10945.25179          -      -  38.2    4s
Feasible solution found by MinRel heuristic at node 6829
H 4837   969                    -9766.251791          -      -  37.6    4s
H 4876   913                    -9042.832921          -      -  37.7    4s
  5812   740  postponed   35      -9042.8329          -      -  39.9    5s
 12656  1169  postponed   34      -9042.8329          -      -  44.9   10s
 19484  1421 infeasible   37      -9042.8329          -      -  44.6   15s
 28576  1705  postponed   28      -9042.8329          -      -  41.8   20s
 36053  1795 infeasible   28      -9042.8329          -      -  42.8   25s
 42466  1902 infeasible   40      -9042.8329          -      -  43.9   30s
 49576  1990 infeasible   36      -9042.8329          -      -  44.4   35s
 56312  2122 infeasible   53      -9042.8329          -      -  44.9   40s
H59918  2185                    145479.64113          -      -  45.0   43s
 62982  1951  postponed   29      145479.641          -      -  45.3   45s
 68992  1885 infeasible   36      145479.641          -      -  45.6   50s
 74438  2021  postponed   36      145479.641          -      -  47.1   55s
 79730  1943  postponed   40      145479.641          -      -  48.0   60s
 85249  1952  postponed   39      145479.641          -      -  48.7   65s
 90020  1973 infeasible   41      145479.641          -      -  49.1   70s
 96563  1954 infeasible   41      145479.641          -      -  49.1   75s
H98378  2020                    400831.80355          -      -  49.3   76s
 102543  1989 infeasible   46      400831.804          -      -  49.1   80s
H106325  2760                    426604.41364          -      -  48.7   84s
H107946  2432                    426768.34402          -      -  48.4   86s
H107946  2394                    426784.41364          -      -  48.4   86s
H109652  2477                    426790.53179          -      -  48.2   87s
H110327  2441                    426946.53179          -      -  48.1   88s
 111745  2481  postponed   55      426946.532          -      -  47.9   90s
H112516  2472                    427026.29068          -      -  47.9   90s
 117850  2746  postponed   38      427026.291          -      -  47.5   96s
 124109  3344     cutoff   55      427026.291          -      -  47.0  100s
H126601  3976                    428988.01444          -      -  46.9  102s
*126683  3976             193    428988.01532          -      -  46.9  102s
*126685  3976             194    428988.01554          -      -  46.9  102s
H127151  3898                    431614.97404          -      -  46.8  102s
H128291  5140                    432493.03481          -      -  46.7  103s
H129293  4870                    439738.08360          -      -  46.3  103s
H129344  4858                    439989.53827          -      -  46.3  103s
H129481  4856                    440046.31198          -      -  46.2  103s
 130388  3720  postponed   33      440046.312          -      -  46.1  105s
H131122  3566                    440210.31198          -      -  46.2  105s
H133136  3695                    440366.31198          -      -  46.2  106s
 137123  3951 infeasible   45      440366.312          -      -  45.9  110s
H138789  3862                    443319.05095          -      -  45.7  111s
 143127  4107 infeasible   54      443319.051          -      -  45.4  115s
 149005  4332 infeasible   41      443319.051          -      -  45.1  120s
H150367  4103                    447788.66627          -      -  45.1  121s
 154933  4155 infeasible   33      447788.666          -      -  44.9  125s
 160842  4510  postponed   31      447788.666          -      -  44.9  130s
 165565  4656 infeasible   40      447788.666          -      -  45.4  135s
 169792  4694 infeasible   43      447788.666          -      -  45.8  140s
 175505  4787  postponed   30      447788.666          -      -  46.2  145s
 179963  4876 infeasible   45      447788.666          -      -  46.6  150s
 185710  4983 infeasible   41      447788.666          -      -  47.2  156s
 190377  5061 infeasible   38      447788.666          -      -  47.6  160s
 194881  5088  postponed   46      447788.666          -      -  48.1  165s
 200954  5225  postponed   35      447788.666          -      -  48.4  170s
 205670  5303 infeasible   37      447788.666          -      -  48.7  175s
 211579  5265  postponed   39      447788.666          -      -  49.1  181s
 216538  5318 infeasible   53      447788.666          -      -  49.3  185s
 221593  5291  postponed   36      447788.666          -      -  49.4  190s
 228314  5391  postponed   49      447788.666          -      -  49.4  195s
 233223  5520  postponed   39      447788.666          -      -  49.4  200s
 239256  5520 infeasible   41      447788.666          -      -  49.5  205s
 245328  5568  postponed   36      447788.666          -      -  49.5  211s
 250319  5672  postponed   35      447788.666          -      -  49.4  215s
 256445  5700 infeasible   40      447788.666          -      -  49.4  220s
 261421  5745  postponed   42      447788.666          -      -  49.4  225s
 268071  5811  postponed   34      447788.666          -      -  49.2  230s
 274879  5823  postponed   42      447788.666          -      -  48.8  235s
 280928  5806 infeasible   24      447788.666          -      -  48.6  240s
 288167  5905  postponed   52      447788.666          -      -  48.3  245s
 294092  6017 infeasible   39      447788.666          -      -  48.1  250s
 301472  6214  postponed   55      447788.666          -      -  48.0  255s
 306570  6302 infeasible   54      447788.666          -      -  48.0  260s
 312257  6329 infeasible   45      447788.666          -      -  47.9  265s
 318115  6427  postponed   56      447788.666          -      -  47.7  271s
 322726  6445  postponed   41      447788.666          -      -  47.6  275s
 328487  6412  postponed   41      447788.666          -      -  47.5  280s
 332878  6327 infeasible   54      447788.666          -      -  47.5  285s
 338930  6430  postponed   52      447788.666          -      -  47.4  290s
 344145  6383  postponed   45      447788.666          -      -  47.3  295s
 350008  6346  postponed   47      447788.666          -      -  47.3  300s
 355985  6298 infeasible   42      447788.666          -      -  47.2  305s
 361783  6370  postponed   46      447788.666          -      -  47.2  311s
 366352  6471 infeasible   53      447788.666          -      -  47.3  315s
 372752  6607 infeasible   35      447788.666          -      -  47.4  320s
 377989  6674  postponed   35      447788.666          -      -  47.7  325s
 382058  6867  postponed   38      447788.666          -      -  48.0  330s
 386650  7082  postponed   39      447788.666          -      -  48.2  335s
 392466  7194 infeasible   36      447788.666          -      -  48.5  341s
 396601  7163  postponed   42      447788.666          -      -  48.7  345s
 401206  7236 infeasible   39      447788.666          -      -  49.0  350s
 406080  7309 infeasible   43      447788.666          -      -  49.2  355s
 410583  7391 infeasible   40      447788.666          -      -  49.5  360s
 416115  7511  postponed   38      447788.666          -      -  49.6  365s
 423018  7740  postponed   25      447788.666          -      -  49.7  370s
 428490  7844  postponed   36      447788.666          -      -  49.9  375s
 433587  7969 infeasible   41      447788.666          -      -  50.0  380s
 438820  8041  postponed   39      447788.666          -      -  50.3  385s
 443784  8123 infeasible   34      447788.666          -      -  50.4  390s
 448307  8207  postponed   49      447788.666          -      -  50.6  395s
 453047  8246 infeasible   44      447788.666          -      -  50.7  400s
 459093  8377 infeasible   49      447788.666          -      -  50.8  405s
 464103  8446 infeasible   46      447788.666          -      -  50.9  410s
 470059  8556  postponed   49      447788.666          -      -  50.9  415s
 475248  8694  postponed   47      447788.666          -      -  50.8  420s
 481120  8721 infeasible   44      447788.666          -      -  50.8  425s
 485820  8768 infeasible   53      447788.666          -      -  50.8  430s
 493209  8863  postponed   52      447788.666          -      -  50.7  435s
 498974  8923  postponed   50      447788.666          -      -  50.7  440s
 503334  8942  postponed   49      447788.666          -      -  50.7  445s
 509012  9003 infeasible   50      447788.666          -      -  50.8  450s
 513554  9043 infeasible   54      447788.666          -      -  50.8  455s
 519453  9074  postponed   49      447788.666          -      -  50.8  460s
 524393  9049 infeasible   35      447788.666          -      -  50.8  465s
 530393  8962  postponed   49      447788.666          -      -  50.8  471s
 535266  8926 infeasible   47      447788.666          -      -  50.8  475s
 541001  8810 infeasible   53      447788.666          -      -  50.8  480s
 545831  8723 infeasible   54      447788.666          -      -  50.8  485s
 552178  8785 infeasible   56      447788.666          -      -  50.7  490s
 557755  8718 infeasible   55      447788.666          -      -  50.7  495s
 562281  8685  postponed   49      447788.666          -      -  50.7  500s
 568637  8656  postponed   54      447788.666          -      -  50.7  505s
 573349  8579 infeasible   50      447788.666          -      -  50.7  510s
 578138  8549 infeasible   49      447788.666          -      -  50.7  515s
 583944  8520  postponed   53      447788.666          -      -  50.7  520s
 588661  8501  postponed   53      447788.666          -      -  50.7  525s
 594784  8523  postponed   44      447788.666          -      -  50.7  530s
 599859  8498  postponed   46      447788.666          -      -  50.6  535s
 605583  8470  postponed   52      447788.666          -      -  50.7  540s
 611144  8491  postponed   53      447788.666          -      -  50.8  545s
 615107  8582  postponed   46      447788.666          -      -  50.9  550s
 619839  8463  postponed   48      447788.666          -      -  51.2  555s
 624439  8395  postponed   49      447788.666          -      -  51.3  560s
 629218  8413  postponed   49      447788.666          -      -  51.5  565s
 634115  8463 infeasible   52      447788.666          -      -  51.6  570s
 639027  8383  postponed   52      447788.666          -      -  51.7  575s
 644058  8405  postponed   44      447788.666          -      -  51.8  580s
 649159  8355  postponed   46      447788.666          -      -  51.9  585s
 654487  8353 infeasible   50      447788.666          -      -  51.9  590s
 659638  8268  postponed   42      447788.666          -      -  51.9  595s
 664106  8231 infeasible   46      447788.666          -      -  51.9  600s

Explored 665246 nodes (34563177 simplex iterations) in 600.03 seconds (173.83 work units)
Thread count was 8 (of 8 available processors)

Solution count 10: 447789 443319 440366 ... 428988

Time limit reached
Best objective 4.477886662709e+05, best bound -, gap -

User-callback calls 1334688, time in user-callback 13.74 sec
