
Gurobi 9.5.2 (win64) logging started Thu Apr  6 04:23:39 2023

Set parameter LogFile to value "2023-04-05_23hr-02min-04sec/Nodes100_Arcs8560_LocNodes75/Formulation-2Instance-1.log"
Set parameter TimeLimit to value 1200
Set parameter IntFeasTol to value 1e-09
Set parameter DualReductions to value 0
Set parameter NonConvex to value 2
Gurobi Optimizer version 9.5.2 build v9.5.2rc0 (win64)
Thread count: 4 physical cores, 8 logical processors, using up to 8 threads
Optimize a model with 8836 rows, 17570 columns and 52060 nonzeros
Model fingerprint: 0xfb074b10
Model has 8660 quadratic objective terms
Model has 8660 SOS constraints
Variable types: 17495 continuous, 75 integer (75 binary)
Coefficient statistics:
  Matrix range     [4e-04, 2e+02]
  Objective range  [1e-04, 1e+03]
  QObjective range [9e-04, 8e+00]
  Bounds range     [1e+00, 1e+00]
  RHS range        [1e-04, 7e+03]
Presolve time: 0.13s
Presolved: 8836 rows, 17570 columns, 52060 nonzeros
Presolved model has 8660 SOS constraint(s)
Presolved model has 8660 quadratic objective terms
Variable types: 17495 continuous, 75 integer (75 binary)

Root simplex log...

Iteration    Objective       Primal Inf.    Dual Inf.      Time
   14402    3.6443318e+05   3.493838e+04   0.000000e+00      5s
   21850    2.9873051e+05   8.750195e+02   0.000000e+00     10s
   24668    2.9818745e+05   0.000000e+00   0.000000e+00     12s

Root relaxation: objective 2.981875e+05, 24668 iterations, 11.91 seconds (16.30 work units)

    Nodes    |    Current Node    |     Objective Bounds      |     Work
 Expl Unexpl |  Obj  Depth IntInf | Incumbent    BestBd   Gap | It/Node Time

     0     0 298187.452    0  497          - 298187.452      -     -   12s
     0     0 298182.067    0  497          - 298182.067      -     -   36s
     0     2 298182.067    0  497          - 298182.067      -     -   83s
     1     4 298109.503    1  493          - 298182.067      -   108   85s
    11    16 297913.589    4  522          - 298067.730      -  74.6   90s
    39    44 297677.889   11  511          - 298067.730      -  65.4   95s
    54    63 297582.030   15  512          - 298067.730      -  63.9  104s
    62    71 297576.346   16  513          - 298067.730      -  64.0  105s
    80    91 297538.534   19  521          - 298067.730      -  66.9  119s
    90    97 297279.711   21  531          - 298067.730      -  75.2  124s
    96   108 297528.085   21  529          - 298067.730      -  80.2  130s
   123   139 297505.298   25  535          - 298067.730      -  84.9  141s
   138   146 297433.628   28  524          - 298067.730      -  85.0  145s
   145   162 297487.447   28  532          - 298067.730      -  88.1  150s
   161   171 296850.835   30  603          - 298067.730      -  90.2  161s
   170   183 297485.027   30  531          - 298067.730      -  95.0  166s
   182   197 297474.052   33  530          - 298067.730      -  97.7  171s
   196   209 297468.780   34  528          - 298067.730      -   100  175s
   208   239 297467.689   35  528          - 298067.730      -   101  182s
   238   265 297431.692   39  534          - 298067.730      -  98.5  188s
   264   292 297429.794   41  533          - 298067.730      -  97.2  192s
   291   321 297427.127   43  533          - 298067.730      -  97.7  198s
   320   353 297424.512   45  530          - 298067.730      -  98.1  203s
   352   376 297339.727   50  559          - 298067.730      -  99.1  208s
   375   397 297412.678   50  525          - 298067.730      -  97.6  214s
   396   420 296870.336   53  540          - 298067.730      -   102  219s
   419   442 297393.130   57  483          - 298067.730      -   104  226s
   441   472 297338.970   62  540          - 298067.730      -   104  237s
   471   513 297093.180   64  535          - 298067.730      -   105  244s
   512   550 297396.063   66  517          - 298067.730      -   106  253s
   549   588 297395.600   68  515          - 298067.730      -   106  261s
   587   618 297363.010   76  501          - 298067.730      -   106  269s
   617   661 297341.252   81  506          - 298067.730      -   106  278s
   660   717 296100.069   85  781          - 298067.730      -   106  288s
   716   763 297310.860   92  486          - 298067.730      -   105  299s
   762   811 297309.605   96  482          - 298067.730      -   106  308s
   810   862 297307.817  101  477          - 298067.730      -   109  320s
   865   898 297100.244  109  527          - 298067.730      -   110  328s
   903   959 297134.541  115  530          - 298067.730      -   112  340s
   964  1033 297045.884  122  568          - 298067.730      -   112  351s
  1040  1096 296921.665  133  537          - 298067.730      -   110  366s
  1107  1153 296912.597  138  531          - 298067.730      -   111  377s
  1166  1211 296890.751  145  533          - 298067.730      -   111  387s
  1228  1273 296718.726  157  534          - 298067.730      -   113  397s
  1300  1335 296879.172  164  522          - 298067.730      -   115  408s
  1370  1430 296874.065  172  516          - 298067.730      -   117  420s
  1465  1490 infeasible  188               - 298067.730      -   118  432s
  1545  1532 296865.925  193  498          - 298067.730      -   120  562s
  1593  1614 295583.146  199  712          - 298067.730      -   122  574s
  1679  1671 296852.428  209  504          - 298067.730      -   124  591s
  1750  1734 infeasible  219               - 298067.730      -   128  605s
  1839  1803 296694.050  228  542          - 298067.730      -   131  620s
  1926  1879 infeasible  241               - 298067.730      -   134  636s
  2032  1949 296629.008  252  571          - 298067.730      -   138  651s
  2132  2017 296807.635  265  505          - 298067.730      -   141  668s
  2234  2097 296711.036  280  550          - 298067.730      -   144  684s
  2354  2197 296796.369  298  501          - 298067.730      -   147  705s
  2492  2277 infeasible  319               - 298067.730      -   149  726s
  2616  2363 296784.659  337  480          - 298067.730      -   151  745s
  2766  2424 296763.660  355  483          - 298067.730      -   153  764s
  2897  2499 296758.031  370  468          - 298067.730      -   156  784s
  3030  2568 296592.848  386  487          - 298067.730      -   159  806s
  3157  2653 296750.257  401  450          - 298067.730      -   162  829s
  3304  2730 infeasible  419               - 298067.730      -   165  851s
  3471  2788 infeasible  444               - 298067.730      -   167  873s
  3599  2854 infeasible  462               - 298067.730      -   170  899s
  3749  2919 296703.669  481  444          - 298067.730      -   174  923s
  3890  3021 296695.665  499  434          - 298067.730      -   176  948s
  4088  3118 296690.674  520  427          - 298067.730      -   178  976s
  4287  3204 296650.172  547  417          - 298067.730      -   180 1003s
  4473  3270 296640.247  570  416          - 298067.730      -   182 1033s
  4639  3343 296630.805  586  421          - 298067.730      -   185 1062s
  4816  3397 infeasible  611               - 298067.730      -   189 1093s
  5014  3462 296410.329  642  456          - 298067.730      -   192 1125s
  5198  3464 296678.951  472   23          - 298067.730      -   194 1160s

Explored 5199 nodes (1057316 simplex iterations) in 1200.08 seconds (2476.82 work units)
Thread count was 8 (of 8 available processors)

Solution count 0

Time limit reached
Best objective -, best bound 2.980677299396e+05, gap -

User-callback calls 21836, time in user-callback 0.19 sec
