
Gurobi 9.5.2 (win64) logging started Mon Mar 27 20:45:34 2023

Set parameter LogFile to value "2023-03-27_20hr-25min-09sec/Nodes20_Arcs35_LocNodes15/Formulation-1Instance-4.log"
Set parameter TimeLimit to value 600
Set parameter IntFeasTol to value 1e-09
Set parameter DualReductions to value 0
Set parameter NonConvex to value 2
Gurobi Optimizer version 9.5.2 build v9.5.2rc0 (win64)
Thread count: 4 physical cores, 8 logical processors, using up to 8 threads
Optimize a model with 91 rows, 160 columns and 350 nonzeros
Model fingerprint: 0xe5a2a406
Model has 15 quadratic objective terms
Model has 55 SOS constraints
Variable types: 145 continuous, 15 integer (15 binary)
Coefficient statistics:
  Matrix range     [2e-02, 2e+02]
  Objective range  [3e+00, 2e+02]
  QObjective range [2e+00, 2e+00]
  Bounds range     [1e+00, 1e+00]
  RHS range        [6e-02, 1e+03]
Presolve time: 0.00s
Presolved: 122 rows, 177 columns, 428 nonzeros
Presolved model has 55 SOS constraint(s)
Presolved model has 15 bilinear constraint(s)
Variable types: 162 continuous, 15 integer (15 binary)

Root relaxation: unbounded, 72 iterations, 0.00 seconds (0.00 work units)

    Nodes    |    Current Node    |     Objective Bounds      |     Work
 Expl Unexpl |  Obj  Depth IntInf | Incumbent    BestBd   Gap | It/Node Time

     0     0  postponed    0               -          -      -     -    0s
     0     0  postponed    0               -          -      -     -    0s
Exploring 100 nodes in MinRel heuristic
No solution found by MinRel heuristic
     0     2  postponed    0               -          -      -     -    0s
Exploring 10000 nodes in MinRel heuristic
H 5761   958                    -5030.946025          -      -  15.5    2s
Feasible solution found by MinRel heuristic at node 1911
H 6648  1074                    -3595.946025          -      -  16.3    2s
* 6668  1021              54    374783.15657          -      -  16.3    2s
* 6681   974              66    375084.19541          -      -  16.2    2s
* 6718   921             102    375084.98993          -      -  16.1    2s
H 6719   881                    375085.02486          -      -  16.1    2s
* 6722   843             101    375085.06276          -      -  16.1    2s
* 6724   808             101    375085.10126          -      -  16.1    2s
* 7352   689              51    400499.48489          -      -  16.2    2s
H 8896   734                    402410.53551          -      -  16.1    3s
H13718  1184                    406188.01383          -      -  14.3    4s
H13756  1184                    406191.85849          -      -  14.2    4s
*13796  1184             110    406191.87151          -      -  14.2    4s
 17173  1340 infeasible   40      406191.872          -      -  13.7    5s
*17353  1232              68    406751.76008          -      -  13.7    5s
*17357  1232              71    406752.44349          -      -  13.7    5s
H17534  1228                    407276.24241          -      -  13.7    5s
 34675  1809  postponed   31      407276.242          -      -  13.2   10s
 53333  2268 infeasible   39      407276.242          -      -  13.5   15s
H58398  2327                    407362.43749          -      -  13.7   16s
 70064  2424 infeasible   36      407362.437          -      -  14.1   20s
 88939  2421  postponed   39      407362.437          -      -  14.3   25s
 108138  2326  postponed   43      407362.437          -      -  14.4   30s
*109640  2409              69    407365.70076          -      -  14.5   30s
H109656  2409                    407365.70515          -      -  14.5   30s
 126085  2480 infeasible   38      407365.705          -      -  14.6   35s
 144592  2526  postponed   32      407365.705          -      -  14.8   40s
 159509  2788 infeasible   40      407365.705          -      -  15.0   45s
 173469  2914  postponed   35      407365.705          -      -  15.5   50s
 188562  2926  postponed   34      407365.705          -      -  16.0   55s
 202895  2722 infeasible   40      407365.705          -      -  16.4   60s
 215488  2733  postponed   39      407365.705          -      -  16.7   65s
 230129  2662 infeasible   37      407365.705          -      -  16.9   70s
 244691  2632 infeasible   39      407365.705          -      -  17.3   75s
 259101  2651 infeasible   40      407365.705          -      -  17.6   80s
 273366  2619 infeasible   40      407365.705          -      -  17.8   85s
 286676  2582  postponed   39      407365.705          -      -  18.1   90s
 300692  2504 infeasible   43      407365.705          -      -  18.3   95s
 315142  2563 infeasible   43      407365.705          -      -  18.5  100s
 327685  2493  postponed   42      407365.705          -      -  18.7  105s
 342180  2508 infeasible   40      407365.705          -      -  18.9  110s
 357123  2571 infeasible   36      407365.705          -      -  18.9  115s
 369233  2684 infeasible   43      407365.705          -      -  19.1  120s
 382152  2537  postponed   39      407365.705          -      -  19.3  125s
 395257  2436  postponed   43      407365.705          -      -  19.5  130s
 410388  2488  postponed   37      407365.705          -      -  19.5  135s
 427549  2745  postponed   38      407365.705          -      -  19.4  140s
 444799  2762 infeasible   41      407365.705          -      -  19.3  145s
 461618  2619 infeasible   40      407365.705          -      -  19.3  150s
 478319  2649 infeasible   33      407365.705          -      -  19.2  155s
 493732  2639 infeasible   37      407365.705          -      -  19.2  160s
 508464  2697 infeasible   44      407365.705          -      -  19.2  165s
 524392  2591  postponed   42      407365.705          -      -  19.2  170s
 538314  2509 infeasible   43      407365.705          -      -  19.3  175s
 551866  2544 infeasible   33      407365.705          -      -  19.4  180s
 565143  2430  postponed   33      407365.705          -      -  19.4  185s
 582075  2433 infeasible   43      407365.705          -      -  19.3  190s
H595849  2782                    407523.92560          -      -  19.2  192s
 603928  3083 infeasible   43      407523.926          -      -  19.1  195s
 623497  3511  postponed   39      407523.926          -      -  18.9  200s
 642209  3591 infeasible   32      407523.926          -      -  18.8  205s
 662010  3697 infeasible   47      407523.926          -      -  18.6  210s
 682093  3699  postponed   34      407523.926          -      -  18.4  215s
 700698  3538  postponed   51      407523.926          -      -  18.3  220s
 719541  3568  postponed   48      407523.926          -      -  18.2  225s
 738665  3634 infeasible   38      407523.926          -      -  18.1  230s
 757140  3501  postponed   48      407523.926          -      -  18.0  235s
 773013  3483  postponed   43      407523.926          -      -  18.0  240s
 786949  3436  postponed   43      407523.926          -      -  18.0  245s
 799759  3374  postponed   37      407523.926          -      -  18.1  250s
 814294  3539  postponed   41      407523.926          -      -  18.1  255s
 828563  3544  postponed   30      407523.926          -      -  18.1  260s
 845386  3438  postponed   32      407523.926          -      -  18.1  265s
 860403  3379 infeasible   40      407523.926          -      -  18.1  270s
 875898  3420  postponed   38      407523.926          -      -  18.0  275s
 891230  3508  postponed   46      407523.926          -      -  18.0  280s
H895174  3522                    407596.64400          -      -  17.9  281s
 907909  3557  postponed   37      407596.644          -      -  17.8  285s
H919964  3601                    407598.34908          -      -  17.8  288s
 926073  3546 infeasible   29      407598.349          -      -  17.7  290s
 944151  3682 infeasible   41      407598.349          -      -  17.6  295s
 951731  2974 infeasible   40      407598.349          -      -  17.6  300s
H958433  3114                    407840.81658          -      -  17.5  302s
 964639  3094 infeasible   36      407840.817          -      -  17.5  305s
 977519  3165  postponed   28      407840.817          -      -  17.6  310s
 992407  2797  postponed   26      407840.817          -      -  17.7  315s
H1003311  2762                    407840.81826          -      -  17.7  318s
 1006835  2784  postponed   26      407840.818          -      -  17.7  320s
 1019678  3028  postponed   37      407840.818          -      -  17.7  325s
 1033292  3244  postponed   39      407840.818          -      -  17.8  330s
 1045693  3338  postponed   41      407840.818          -      -  17.8  335s
 1059181  3191 infeasible   38      407840.818          -      -  17.9  340s
 1071907  3109  postponed   31      407840.818          -      -  17.9  345s
 1089732  5816     cutoff   52      407840.818 422447.804  3.58%  17.8  350s
*1097321  6621             130    407841.17120 419732.290  2.92%  17.7  351s
*1097325  6621             127    407841.17129 419732.290  2.92%  17.7  351s
*1102098  6944              63    407845.09638 418434.107  2.60%  17.6  352s
*1102100  6943              64    407845.38721 418434.107  2.60%  17.6  352s
*1102102  6943              65    407845.45336 418434.107  2.60%  17.6  352s
*1102104  6943              66    407845.47789 418434.107  2.60%  17.6  352s
*1102106  6941              67    407845.48929 418434.107  2.60%  17.6  352s
*1102108  6941              68    407845.49538 418434.107  2.60%  17.6  352s
*1102110  6941              69    407845.49893 418434.107  2.60%  17.6  352s
*1102112  6941              70    407845.50115 418434.107  2.60%  17.6  352s
*1102115  6941              72    407845.50154 418434.107  2.60%  17.6  352s
*1102116  6941              72    407845.50260 418434.107  2.60%  17.6  352s
*1102119  6941              73    407845.50286 418434.107  2.60%  17.6  352s
*1102120  6941              73    407845.50359 418434.107  2.60%  17.6  352s
*1102124  6941              75    407845.50363 418434.107  2.60%  17.6  352s
H1102979  7031                    407845.50368 418262.435  2.55%  17.6  352s
H1107158  7031                    407933.26699 417430.794  2.33%  17.5  353s
H1108334  7234                    407940.76561 417269.950  2.29%  17.5  354s
*1108411  7231             107    407943.62213 417269.950  2.29%  17.5  354s
 1111792  7400 412732.589   62    6 407943.622 416681.672  2.14%  17.5  355s
H1111913  7311                    407960.53808 416681.672  2.14%  17.5  355s
*1111977  7256              94    407974.74282 416677.847  2.13%  17.5  355s
H1118772  7681                    407974.75688 415587.312  1.87%  17.4  356s
*1121029  7702              70    407975.39353 415110.834  1.75%  17.3  356s
*1121030  7702              70    407975.48700 415110.834  1.75%  17.3  356s
 1134592  7866     cutoff   56      407975.487 412997.620  1.23%  17.2  360s
H1137039  7846                    407975.49219 412722.951  1.16%  17.1  361s
H1138661  7778                    407975.56564 412491.160  1.11%  17.1  361s
H1139709  7715                    407975.56583 412374.953  1.08%  17.1  361s
*1143374  7336              86    407975.69049 411793.604  0.94%  17.0  362s
H1148836  6190                    407975.83178 410827.667  0.70%  17.0  364s
 1152466  5155     cutoff   45      407975.832 410166.294  0.54%  16.9  365s
H1167235   726                    407975.85963 408148.300  0.04%  16.7  368s
H1167253   722                    407975.87333 408148.300  0.04%  16.7  368s
H1168136   584                    407975.87425 408148.300  0.04%  16.7  368s

Explored 1169002 nodes (19536718 simplex iterations) in 368.38 seconds (71.79 work units)
Thread count was 8 (of 8 available processors)

Solution count 10: 407976 407976 407976 ... 407975

Optimal solution found (tolerance 1.00e-04)
Best objective 4.079758742475e+05, best bound 4.079995804389e+05, gap 0.0058%

User-callback calls 2345963, time in user-callback 24.42 sec
