
Gurobi 9.5.2 (win64) logging started Mon Mar 27 20:44:42 2023

Set parameter LogFile to value "2023-03-27_20hr-25min-09sec/Nodes20_Arcs35_LocNodes15/Formulation-1Instance-1.log"
Set parameter TimeLimit to value 600
Set parameter IntFeasTol to value 1e-09
Set parameter DualReductions to value 0
Set parameter NonConvex to value 2
Gurobi Optimizer version 9.5.2 build v9.5.2rc0 (win64)
Thread count: 4 physical cores, 8 logical processors, using up to 8 threads
Optimize a model with 91 rows, 160 columns and 350 nonzeros
Model fingerprint: 0x61cc3755
Model has 15 quadratic objective terms
Model has 55 SOS constraints
Variable types: 145 continuous, 15 integer (15 binary)
Coefficient statistics:
  Matrix range     [1e-01, 2e+02]
  Objective range  [3e+00, 2e+02]
  QObjective range [2e+00, 2e+00]
  Bounds range     [1e+00, 1e+00]
  RHS range        [4e-02, 1e+03]
Presolve time: 0.00s
Presolved: 122 rows, 177 columns, 426 nonzeros
Presolved model has 55 SOS constraint(s)
Presolved model has 15 bilinear constraint(s)
Variable types: 162 continuous, 15 integer (15 binary)

Root relaxation: unbounded, 61 iterations, 0.00 seconds (0.00 work units)

    Nodes    |    Current Node    |     Objective Bounds      |     Work
 Expl Unexpl |  Obj  Depth IntInf | Incumbent    BestBd   Gap | It/Node Time

     0     0  postponed    0               -          -      -     -    0s
     0     0  postponed    0               -          -      -     -    0s
Exploring 100 nodes in MinRel heuristic
No solution found by MinRel heuristic
     0     2  postponed    0               -          -      -     -    0s
H 2259   484                    166576.08388          -      -  18.0    0s
* 2301   482              41    186895.51539          -      -  17.7    0s
* 2312   482              47    186897.19263          -      -  17.7    0s
* 2315   482              48    186897.19266          -      -  17.6    0s
H 2561   481                    187258.19266          -      -  16.5    0s
H 2639   481                    187447.19266          -      -  16.3    0s
H 2791   470                    200764.87347          -      -  16.1    0s
H 4116   688                    201910.67862 254740.356  26.2%  12.9    0s
H 4467   679                    202646.43703 243966.698  20.4%  12.1    0s
H 4664   755                    203102.80389 242903.281  19.6%  11.7    1s
H 4833   772                    203140.81675 242307.545  19.3%  11.4    1s
H 5247   629                    203488.81675 241739.651  18.8%  10.7    1s
H 6578   920                    203684.75931 234214.122  15.0%   9.1    1s
H13055  2849                    203712.53311 226450.884  11.2%   5.6    2s
H13691  2973                    203798.22239 226093.864  10.9%   5.5    2s
*13726  2973              87    203798.22920 225877.122  10.8%   5.5    2s
 24734  4925 208080.541   48    6 203798.229 218143.988  7.04%   4.0    5s
H39388  6021                    203871.22337 213220.187  4.59%   3.3    8s
*39409  6021              99    203871.22341 213220.187  4.59%   3.3    8s
 47113  6038 204478.800   47    5 203871.223 210995.180  3.49%   3.1   10s
*54182  5804              60    203874.95058 209667.318  2.84%   3.0   11s
*56187  5585              47    203914.09464 209225.240  2.60%   3.0   11s
*56190  5575              49    203920.98947 209225.240  2.60%   3.0   11s
*56192  5567              50    203923.21454 209225.240  2.60%   3.0   11s
*56194  5566              51    203924.02828 209225.240  2.60%   3.0   11s
*56195  5566              51    203924.36297 209225.240  2.60%   3.0   11s
*65854  4627              51    203928.37768 207435.967  1.72%   2.8   14s
 70212  3850 205423.751   50    5 203928.378 206593.559  1.31%   2.8   15s
*79635   881              52    203932.28339 204698.260  0.38%   2.8   16s
*79641   881              53    203932.68987 204698.260  0.38%   2.8   16s
*79642   877              53    203932.94614 204698.260  0.38%   2.8   16s
*79646   877              55    203932.97743 204698.260  0.38%   2.8   16s
*79648   877              56    203932.99041 204698.260  0.38%   2.8   16s
*79651   877              58    203932.99304 204698.260  0.38%   2.8   16s
*79652   877              58    203932.99604 204698.260  0.38%   2.8   16s
*80331   339              58    203932.99878 204396.767  0.23%   2.8   17s
*80332   339              58    203933.00210 204396.767  0.23%   2.8   17s
*80946    69              57    203933.00617 204064.813  0.06%   2.7   17s
*81003    69              56    203933.00890 204064.146  0.06%   2.7   17s
*81005    69              57    203933.01072 204064.146  0.06%   2.7   17s
*81007    69              58    203933.01135 204064.146  0.06%   2.7   17s
*81009    69              59    203933.01160 204064.146  0.06%   2.7   17s
*81010    69              59    203933.01181 204064.146  0.06%   2.7   17s
*81019    69              58    203933.01198 204064.146  0.06%   2.7   17s
*81046    69              65    203933.01208 204064.146  0.06%   2.7   17s
*81208    69              72    203934.05504 204063.872  0.06%   2.7   17s

Explored 81401 nodes (222974 simplex iterations) in 17.22 seconds (2.97 work units)
Thread count was 8 (of 8 available processors)

Solution count 10: 203934 203933 203933 ... 203933

Optimal solution found (tolerance 1.00e-04)
Best objective 2.039340550364e+05, best bound 2.039364338686e+05, gap 0.0012%

User-callback calls 163919, time in user-callback 1.52 sec
