
Gurobi 9.5.2 (win64) logging started Mon Mar 27 20:38:08 2023

Set parameter LogFile to value "2023-03-27_20hr-25min-09sec/Nodes10_Arcs35_LocNodes8/Formulation-1Instance-4.log"
Set parameter TimeLimit to value 600
Set parameter IntFeasTol to value 1e-09
Set parameter DualReductions to value 0
Set parameter NonConvex to value 2
Gurobi Optimizer version 9.5.2 build v9.5.2rc0 (win64)
Thread count: 4 physical cores, 8 logical processors, using up to 8 threads
Optimize a model with 64 rows, 116 columns and 282 nonzeros
Model fingerprint: 0x8c532810
Model has 8 quadratic objective terms
Model has 45 SOS constraints
Variable types: 108 continuous, 8 integer (8 binary)
Coefficient statistics:
  Matrix range     [8e-02, 2e+02]
  Objective range  [3e+00, 2e+02]
  QObjective range [2e+00, 2e+00]
  Bounds range     [1e+00, 1e+00]
  RHS range        [8e-02, 1e+03]
Presolve time: 0.00s
Presolved: 81 rows, 126 columns, 323 nonzeros
Presolved model has 45 SOS constraint(s)
Presolved model has 8 bilinear constraint(s)
Variable types: 118 continuous, 8 integer (8 binary)

Root relaxation: unbounded, 34 iterations, 0.00 seconds (0.00 work units)

    Nodes    |    Current Node    |     Objective Bounds      |     Work
 Expl Unexpl |  Obj  Depth IntInf | Incumbent    BestBd   Gap | It/Node Time

     0     0  postponed    0               -          -      -     -    0s
     0     0  postponed    0               -          -      -     -    0s
Exploring 100 nodes in MinRel heuristic
No solution found by MinRel heuristic
     0     2  postponed    0               -          -      -     -    0s
Exploring 10000 nodes in MinRel heuristic
No solution found by MinRel heuristic
  9177  1629  postponed   29               -          -      -  28.2    5s
 24361  3617 infeasible   33               -          -      -  28.1   10s
 41786  5265 infeasible   38               -          -      -  27.8   15s
 59399  6681  postponed   36               -          -      -  27.9   20s
 72021  7531 229262.404   35   17          -          -      -  28.2   25s
 86687  8653 252255.098   30   21          -          -      -  28.0   30s
 103384  9609 423786.171   38   20          -          -      -  28.2   35s
 118593 10633  postponed   30               -          -      -  28.2   40s
 137236 12647 infeasible   36               -          -      -  28.2   45s
 155033 13999  postponed   32               -          -      -  28.1   50s
 171513 15282  postponed   36               -          -      -  28.2   55s
 189009 16406 infeasible   39               -          -      -  28.4   60s
 205744 17742  postponed   37               -          -      -  28.5   65s
 222246 18828  postponed   36               -          -      -  28.5   70s
 238752 19857 infeasible   37               -          -      -  28.5   75s
 255674 21007 infeasible   32               -          -      -  28.5   80s
 272641 22103 infeasible   36               -          -      -  28.4   85s
 289465 23435 infeasible   32               -          -      -  28.4   90s
 303989 24742 infeasible   39               -          -      -  28.3   95s
 320978 26097 261446.877   35   19          -          -      -  28.2  100s
 338700 27263  postponed   37               -          -      -  28.2  105s
 354999 28514 infeasible   39               -          -      -  28.2  110s
 370218 29639 2384933.22   38   17          -          -      -  28.3  115s
 387261 31126  postponed   31               -          -      -  28.2  120s
 402237 31988  postponed   33               -          -      -  28.2  125s
 417664 32699 infeasible   35               -          -      -  28.2  130s
 432629 33398  postponed   31               -          -      -  28.2  135s
 449371 34643 infeasible   36               -          -      -  28.1  140s
 464351 35698  postponed   31               -          -      -  28.1  145s
H478378 34115                    81967.456158          -      -  28.1  150s
*478461 33817              84    84485.006962          -      -  28.1  150s
H485607 33953                    85003.153985          -      -  28.2  153s
H485704 33470                    91944.488374          -      -  28.2  153s
H487231 33477                    92030.806921          -      -  28.3  153s
 490056 33644 infeasible   33      92030.8069          -      -  28.3  155s
H497958 33748                    92224.463678          -      -  28.5  158s
H499798 33705                    93185.013751          -      -  28.5  159s
H500073 33705                    93185.017379          -      -  28.5  159s
 501894 33744  postponed   31      93185.0174          -      -  28.6  160s
H505009 33745                    93342.013604          -      -  28.6  161s
 514041 34103 216555.355   39   24 93342.0136          -      -  28.8  165s
 522819 34223 infeasible   35      93342.0136          -      -  29.0  170s
 535552 34445 infeasible   35      93342.0136          -      -  29.2  175s
 549136 34736 476660.503   38   18 93342.0136          -      -  29.4  180s
 564681 33228 infeasible   27      93342.0136 966577.817   936%  29.5  185s
 588520 18367 infeasible   39      93342.0136 272444.525   192%  29.2  190s
 616325  2089 infeasible   40      93342.0136 118200.086  26.6%  28.8  195s

Explored 623008 nodes (17825306 simplex iterations) in 195.94 seconds (45.25 work units)
Thread count was 8 (of 8 available processors)

Solution count 9: 93342 93185 93185 ... 81967.5

Optimal solution found (tolerance 1.00e-04)
Best objective 9.334201360398e+04, best bound 9.334201360403e+04, gap 0.0000%

User-callback calls 1256786, time in user-callback 12.98 sec
