
Gurobi 9.5.2 (win64) logging started Thu Apr  6 01:00:56 2023

Set parameter LogFile to value "2023-04-05_23hr-02min-04sec/Nodes100_Arcs3860_LocNodes75/Formulation-2Instance-1.log"
Set parameter TimeLimit to value 1200
Set parameter IntFeasTol to value 1e-09
Set parameter DualReductions to value 0
Set parameter NonConvex to value 2
Gurobi Optimizer version 9.5.2 build v9.5.2rc0 (win64)
Thread count: 4 physical cores, 8 logical processors, using up to 8 threads
Optimize a model with 4136 rows, 8170 columns and 23860 nonzeros
Model fingerprint: 0x96184b6e
Model has 3960 quadratic objective terms
Model has 3960 SOS constraints
Variable types: 8095 continuous, 75 integer (75 binary)
Coefficient statistics:
  Matrix range     [4e-04, 2e+02]
  Objective range  [9e-04, 1e+03]
  QObjective range [9e-04, 8e+00]
  Bounds range     [1e+00, 1e+00]
  RHS range        [9e-04, 7e+03]
Presolve time: 0.01s
Presolved: 4136 rows, 8170 columns, 23860 nonzeros
Presolved model has 3960 SOS constraint(s)
Presolved model has 3960 quadratic objective terms
Variable types: 8095 continuous, 75 integer (75 binary)

Root relaxation: objective 3.474652e+05, 12373 iterations, 2.11 seconds (2.66 work units)

    Nodes    |    Current Node    |     Objective Bounds      |     Work
 Expl Unexpl |  Obj  Depth IntInf | Incumbent    BestBd   Gap | It/Node Time

     0     0 347465.231    0  229          - 347465.231      -     -    2s
H    0     0                    332832.84224 347465.231  4.40%     -    7s
     0     0 347465.231    0  229 332832.842 347465.231  4.40%     -    7s
H    0     2                    334293.09545 347465.231  3.94%     -   21s
     0     2 347465.231    0  229 334293.095 347465.231  3.94%     -   21s
    23    28 346983.792    7  224 334293.095 347301.527  3.89%  25.8   26s
H   57    62                    337882.62711 347301.527  2.79%  23.6   32s
H   64    68                    342474.94273 347301.527  1.41%  24.8   36s
    95   105 346572.947   21  212 342474.943 347301.527  1.41%  27.1   40s
H  149   153                    344136.40132 347301.527  0.92%  36.3   47s
   152   162 346370.710   28  228 344136.401 347301.527  0.92%  37.5   50s
   194   205 346302.913   35  224 344136.401 347301.527  0.92%  43.5   55s
H  229   235                    345687.57737 347301.527  0.47%  44.1   60s
   254   257 346263.303   44  220 345687.577 347301.527  0.47%  45.1   65s
H  263   251                    346066.21029 347301.527  0.36%  45.5   68s
H  268   251                    346072.84388 347301.527  0.36%  45.3   71s
H  301   240                    346206.23622 347301.527  0.32%  42.9   75s
   372   252 346981.510    8  231 346206.236 347273.731  0.31%  40.7   82s
   415   278 346711.391   20  233 346206.236 347273.731  0.31%  38.9   87s
   461   290 346557.082   31  249 346206.236 347273.731  0.31%  37.7   94s
   479   290 346651.427   65  221 346206.236 347273.731  0.31%  37.5   98s
   537   331 346472.801   44  252 346206.236 347273.731  0.31%  36.8  106s
H  564   233                    346561.60380 347273.731  0.21%  36.3  111s
H  569   233                    346561.74048 347273.731  0.21%  36.2  114s
   582   234     cutoff   50      346561.740 347253.630  0.20%  36.3  121s
   639   256 346840.920   10  238 346561.740 347226.146  0.19%  34.8  125s
   770   281 346696.247   13  259 346561.740 347194.949  0.18%  31.9  130s
   818   281 346589.880   34  242 346561.740 347188.973  0.18%  31.3  138s
   843   320 346867.114   10  236 346561.740 347188.973  0.18%  30.6  145s
   902   347 346708.287   15  231 346561.740 347188.973  0.18%  30.1  152s
   971   378     cutoff   20      346561.740 347151.836  0.17%  29.3  157s
  1052   378 346600.482   21  247 346561.740 347145.111  0.17%  28.5  168s
  1059   379 346709.028   21   29 346561.740 347145.111  0.17%  28.3  174s
  1061   380 346639.737   73  421 346561.740 347145.111  0.17%  28.3  198s
  1062   381 346622.111   30  240 346561.740 347145.111  0.17%  28.3  203s
H 1063   362                    346565.58575 347145.111  0.17%  28.2  381s
  1071   372 347145.111   16  449 346565.586 347145.111  0.17%  39.0  385s
  1095   388 346924.862   19  452 346565.586 347145.111  0.17%  38.8  390s
  1180   430 347056.185   17  445 346565.586 347145.111  0.17%  37.9  398s
  1193   436 346872.157   21  435 346565.586 347145.111  0.17%  37.8  400s
  1262   448 346614.235   36  439 346565.586 347145.111  0.17%  36.9  408s
  1271   449 346651.739   30  444 346565.586 347145.111  0.17%  36.7  410s
  1316   462 346991.060   18  464 346565.586 347144.360  0.17%  36.1  415s
  1361   461     cutoff   30      346565.586 347136.633  0.16%  35.5  428s
  1382   467 346802.415   20  465 346565.586 347136.633  0.16%  35.4  431s
  1421   466 346694.268   25  440 346565.586 347128.652  0.16%  35.0  437s
  1437   461 346626.472   29  458 346565.586 347128.652  0.16%  34.8  440s
  1478   480 346664.781   25  422 346565.586 347128.652  0.16%  34.4  449s
  1515   479 346585.619   27  442 346565.586 347118.259  0.16%  33.9  453s
  1549   481 346761.534   20  455 346565.586 347118.259  0.16%  33.7  459s
  1577   482 346600.646   23  441 346565.586 347108.386  0.16%  33.5  463s
  1611   471 346666.758   26  460 346565.586 347108.386  0.16%  33.2  469s
  1621   492 346795.747   24  457 346565.586 347108.386  0.16%  33.1  472s
  1649   482 346732.041   38  465 346565.586 347108.386  0.16%  32.8  484s
  1660   493     cutoff   34      346565.586 347107.034  0.16%  32.8  485s
  1708   507 346827.519   26  441 346565.586 347107.034  0.16%  32.2  497s
  1748   493     cutoff   39      346565.586 347107.034  0.16%  31.8  500s
  1818   516     cutoff   43      346565.586 347105.045  0.16%  31.3  505s
  1898   539 346823.570   24  460 346565.586 347093.849  0.15%  30.7  515s
  2000   556 346729.546   37  453 346565.586 347093.849  0.15%  29.9  522s
  2021   549 346596.992   39  463 346565.586 347093.849  0.15%  29.8  525s
  2083   553     cutoff   48      346565.586 347093.849  0.15%  29.7  628s
  2088   550 346691.785   49  445 346565.586 347093.849  0.15%  29.6  673s
  2154   556 346664.894   58  458 346565.586 347093.849  0.15%  29.3  681s
  2229   581 346862.226   22  435 346565.586 347093.849  0.15%  29.0  689s
  2246   612 346658.578   63  453 346565.586 347093.849  0.15%  28.9  693s
  2301   617     cutoff   70      346565.586 347093.849  0.15%  28.8  703s
  2388   663 346623.934   87  436 346565.586 347093.849  0.15%  28.4  713s
  2470   692     cutoff   96      346565.586 347093.849  0.15%  28.1  717s
  2488   692 346633.047   27  460 346565.586 347093.849  0.15%  28.0  720s
  2507   692 346657.983   27  441 346565.586 347093.849  0.15%  28.0  729s
  2553   725 346610.598  104  423 346565.586 347093.849  0.15%  27.8  736s
  2641   771     cutoff  115      346565.586 347093.849  0.15%  27.4  745s
  2741   815     cutoff  126      346565.586 347093.849  0.15%  27.0  756s
  2847   844     cutoff  140      346565.586 347093.849  0.15%  26.6  764s
  2894   844 346888.508   20  439 346565.586 347093.849  0.15%  26.4  773s
  2936   890 346734.110   22  427 346565.586 346997.920  0.12%  26.3  777s
  3016   956 346596.946   27  451 346565.586 346990.629  0.12%  26.2  784s
  3084   956 346717.718   33  460 346565.586 346986.772  0.12%  26.0  791s
  3158  1054 346850.680   27  440 346565.586 346984.799  0.12%  25.7  804s
  3241  1054 346676.181   33  445 346565.586 346984.799  0.12%  25.4  817s
  3284  1054 346641.473   46  462 346565.586 346984.799  0.12%  25.3  820s
  3332  1138 346572.213   64  471 346565.586 346980.684  0.12%  25.0  828s
  3431  1138 346890.881   25  442 346565.586 346976.546  0.12%  24.7  837s
  3501  1219 346726.066   27  436 346565.586 346974.501  0.12%  24.5  851s
  3548  1219 346892.785   19  463 346565.586 346974.501  0.12%  24.4  863s
  3647  1268 346584.559   42  443 346565.586 346966.507  0.12%  24.2  876s
  3784  1330 346577.477   33  452 346565.586 346962.050  0.11%  24.0  896s
  3817  1330 346813.387   24  463 346565.586 346962.050  0.11%  24.0  905s
  3887  1330 346659.520   46  446 346565.586 346960.591  0.11%  23.9  913s
  3951  1412 346746.873   27  457 346565.586 346957.724  0.11%  23.8  924s
  4120  1410     cutoff   26      346565.586 346948.794  0.11%  23.6  942s
  4285  1566 346567.433   31  461 346565.586 346948.306  0.11%  23.6  961s
  4328  1566 346816.681   23  467 346565.586 346948.306  0.11%  23.5  971s
  4486  1626 346728.641   24  472 346565.586 346936.641  0.11%  23.3  985s
  4557  1626 346673.266   53  440 346565.586 346936.641  0.11%  23.2  992s
  4664  1694 346658.598   27  460 346565.586 346933.499  0.11%  23.1 1006s
  4855  1764 346627.142   31  453 346565.586 346926.044  0.10%  23.0 1019s
  5062  1829 346746.060   27  460 346565.586 346922.811  0.10%  22.7 1042s
  5118  1829 346589.430  114  390 346565.586 346922.811  0.10%  22.6 1045s
  5144  1829 346579.801  126  380 346565.586 346922.811  0.10%  22.6 1053s
  5298  1881 346644.875   27  461 346565.586 346919.513  0.10%  22.3 1066s
  5515  1881 346726.460   37  456 346565.586 346914.487  0.10%  22.2 1084s
  5535  1948 346588.988   25  443 346565.586 346911.231  0.10%  22.2 1088s
  5590  1948 346570.582   30  455 346565.586 346911.231  0.10%  22.2 1096s
  5779  1996 346773.685   22  456 346565.586 346899.056  0.10%  22.0 1124s
  5831  1996 346585.685   31  443 346565.586 346899.056  0.10%  22.0 1133s
  6031  1996 346616.953   29  460 346565.586 346893.404  0.09%  21.9 1148s
  6052  2092 346698.165   24  470 346565.586 346893.053  0.09%  21.9 1157s
  6208  2092 346669.735   24  479 346565.586 346892.206  0.09%  21.8 1169s
  6331  2092 346585.481   29  437 346565.586 346883.320  0.09%  21.8 1175s
  6362  2189 346771.346   25  444 346565.586 346882.492  0.09%  21.8 1180s
  6597  2189 346566.681   37  476 346565.586 346880.380  0.09%  21.6 1203s

Explored 6687 nodes (156264 simplex iterations) in 1211.74 seconds (329.09 work units)
Thread count was 8 (of 8 available processors)

Solution count 10: 346566 346562 346206 ... 334293

Time limit reached
Best objective 3.465655857493e+05, best bound 3.468769647302e+05, gap 0.0898%

User-callback calls 23684, time in user-callback 702.23 sec
