
Gurobi 9.5.2 (win64) logging started Wed Apr  5 23:03:38 2023

Set parameter LogFile to value "2023-04-05_23hr-02min-04sec/Nodes100_Arcs1040_LocNodes75/Formulation-2Instance-1.log"
Set parameter TimeLimit to value 1200
Set parameter IntFeasTol to value 1e-09
Set parameter DualReductions to value 0
Set parameter NonConvex to value 2
Gurobi Optimizer version 9.5.2 build v9.5.2rc0 (win64)
Thread count: 4 physical cores, 8 logical processors, using up to 8 threads
Optimize a model with 1316 rows, 2530 columns and 6940 nonzeros
Model fingerprint: 0x26d02e9f
Model has 1140 quadratic objective terms
Model has 1140 SOS constraints
Variable types: 2455 continuous, 75 integer (75 binary)
Coefficient statistics:
  Matrix range     [4e-04, 2e+02]
  Objective range  [1e-03, 1e+03]
  QObjective range [9e-04, 8e+00]
  Bounds range     [1e+00, 1e+00]
  RHS range        [1e-03, 7e+03]
Presolve time: 0.00s
Presolved: 1316 rows, 2530 columns, 6940 nonzeros
Presolved model has 1140 SOS constraint(s)
Presolved model has 1140 quadratic objective terms
Variable types: 2455 continuous, 75 integer (75 binary)

Root relaxation: objective 5.093314e+05, 3631 iterations, 0.17 seconds (0.26 work units)

    Nodes    |    Current Node    |     Objective Bounds      |     Work
 Expl Unexpl |  Obj  Depth IntInf | Incumbent    BestBd   Gap | It/Node Time

     0     0 509331.424    0   98          - 509331.424      -     -    0s
H    0     0                    484192.79432 509331.424  5.19%     -    1s
     0     0 509331.424    0   98 484192.794 509331.424  5.19%     -    1s
H    0     2                    489718.97971 509331.424  4.00%     -    4s
     0     2 509331.424    0   98 489718.980 509331.424  4.00%     -    4s
H   23    32                    493087.32992 508978.590  3.22%   9.0    5s
H   31    36                    498740.49926 508978.590  2.05%   7.9    5s
H  149   161                    503520.97904 508978.590  1.08%  10.9    8s
H  231   226                    503532.68778 508978.590  1.08%  11.7   10s
H  234   226                    505724.64782 508978.590  0.64%  11.8   10s
H  273   233                    506434.42607 508978.590  0.50%  11.2   12s
H  440   237                    506806.10719 508915.240  0.42%  10.2   15s
   581   292 506993.081   42   63 506806.107 508915.240  0.42%   9.3   20s
H  774   353                    506812.37689 508703.662  0.37%   8.2   22s
   952   432     cutoff   24      506812.377 508624.926  0.36%   7.7   25s
H 1073   445                    506883.79136 508586.005  0.34%   7.4   32s
  1077   447 507540.077    9   67 506883.791 508586.005  0.34%   7.3   50s
  1345   524 507837.736   28  122 506883.791 508586.005  0.34%   9.9   55s
  1437   548     cutoff   38      506883.791 508586.005  0.34%   9.7   60s
  1606   555 508235.217   27  126 506883.791 508586.005  0.34%   9.3   66s
  1703   553 507958.125   31  120 506883.791 508586.005  0.34%   9.0   70s
  2051   549 507239.497   48  119 506883.791 508586.005  0.34%   8.5   75s
  2104   537 507272.797   49  112 506883.791 508586.005  0.34%   8.4  104s
  2114   540 507212.019   49  119 506883.791 508586.005  0.34%   8.4  109s
  2189   547 507206.161   53  110 506883.791 508586.005  0.34%   8.3  111s
  2400   602     cutoff   59      506883.791 508586.005  0.34%   8.2  115s
  2543   659     cutoff   71      506883.791 508385.984  0.30%   8.1  121s
  2800   732 507145.351   37  120 506883.791 508272.239  0.27%   7.9  126s
  3051   827 506995.409   40  119 506883.791 508182.485  0.26%   7.7  131s
  3268   883     cutoff   41      506883.791 508169.963  0.25%   7.6  137s
  3469   959 507001.662   39  116 506883.791 508083.143  0.24%   7.5  140s
  3701  1033 507021.723   31  123 506883.791 508054.040  0.23%   7.4  148s
  3835  1086 507179.566   31  128 506883.791 508036.120  0.23%   7.4  152s
  3976  1133 506946.000   32  124 506883.791 508015.966  0.22%   7.4  156s
  4114  1193 507710.491   35  114 506883.791 508004.680  0.22%   7.3  160s
  4421  1297 507333.190   48  110 506883.791 508004.680  0.22%   7.2  166s
  4721  1424     cutoff   60      506883.791 507956.928  0.21%   7.2  173s
  5102  1558     cutoff   42      506883.791 507944.682  0.21%   7.1  178s
  5300  1626 506908.785   38  120 506883.791 507932.249  0.21%   7.0  181s
  5710  1771 507243.690   33  124 506883.791 507913.630  0.20%   7.0  189s
  5915  1771     cutoff   42      506883.791 507903.177  0.20%   6.9  194s
  6283  1907 507216.692   34  117 506883.791 507873.267  0.20%   6.8  200s
  6770  2106 507654.444   38  115 506883.791 507856.742  0.19%   6.8  208s
  7047  2169 507356.156   43  117 506883.791 507856.742  0.19%   6.8  212s
  7337  2231     cutoff   49      506883.791 507856.742  0.19%   6.7  219s
  7637  2338 506924.426   54  108 506883.791 507843.855  0.19%   6.6  225s
  7952  2460 506937.524   40  114 506883.791 507807.271  0.18%   6.6  232s
  8245  2586 507488.076   38  117 506883.791 507793.928  0.18%   6.6  237s
  8631  2749     cutoff   44      506883.791 507787.836  0.18%   6.6  243s
  9052  2846 507037.110   37  117 506883.791 507764.103  0.17%   6.5  248s
  9430  2983 507641.700   34  115 506883.791 507754.176  0.17%   6.5  254s
  9857  3114 507410.089   34  125 506883.791 507748.093  0.17%   6.5  262s
 10322  3130 507379.337   41  119 506883.791 507740.144  0.17%   6.5  268s
 10410  3245 507379.337   42   94 506883.791 507740.057  0.17%   6.5  271s
 10898  3456 506967.114   35  119 506883.791 507704.920  0.16%   6.4  278s
 11392  3619 507402.461   41  116 506883.791 507693.415  0.16%   6.4  285s
 11917  3825 506964.936   47  109 506883.791 507682.489  0.16%   6.4  292s
 12464  4055 507590.223   35  119 506883.791 507668.877  0.15%   6.4  303s
 13045  4286 507161.871   47  114 506883.791 507654.222  0.15%   6.4  314s
 13665  4490 507208.675   42  109 506883.791 507639.099  0.15%   6.4  323s
 14365  4701 506999.409   45  115 506883.791 507629.043  0.15%   6.4  335s
 15054  4966 507390.492   36  120 506883.791 507613.712  0.14%   6.4  349s
 15757  5207     cutoff   53      506883.791 507593.238  0.14%   6.3  365s
 16523  5466 507223.853   48  111 506883.791 507585.119  0.14%   6.3  378s
 17230  5769 507203.612   24  130 506883.791 507570.950  0.14%   6.3  390s
 18100  6071 507145.447   39  109 506883.791 507558.532  0.13%   6.3  399s
 19062  6395 507425.390   43  114 506883.791 507549.923  0.13%   6.3  413s
 19813  6395 507014.525   39  130 506883.791 507547.251  0.13%   6.3  427s
 20101  6796     cutoff   33      506883.791 507536.778  0.13%   6.3  433s
 21200  7092     cutoff   54      506883.791 507522.626  0.13%   6.3  454s
 21442  7092 507454.399   43  111 506883.791 507521.959  0.13%   6.2  459s
 22398  7409 507235.842   43  120 506883.791 507514.066  0.12%   6.2  471s
 23379  7409 506892.440   50  120 506883.791 507504.967  0.12%   6.2  488s
 23416  7770     cutoff   65      506883.791 507504.212  0.12%   6.2  490s
 24575  8140 507334.539   44  110 506883.791 507496.003  0.12%   6.2  507s
 25741  8520     cutoff   49      506883.791 507478.678  0.12%   6.2  524s
 26319  8520 507113.873   49  119 506883.791 507477.736  0.12%   6.2  532s
 26982  8921 507208.144   42  118 506883.791 507469.532  0.12%   6.2  548s
 27266  8921 507398.980   44  113 506883.791 507469.472  0.12%   6.2  554s
 28222  9337 507173.185   49  114 506883.791 507458.892  0.11%   6.2  567s
 28491  9337 507050.363   47  120 506883.791 507458.597  0.11%   6.2  572s
 29482  9747 506884.398   62   92 506883.791 507453.561  0.11%   6.2  589s
 30167  9747 507067.046   53  104 506883.791 507449.454  0.11%   6.2  599s
 30626 10151 506898.371   57  101 506883.791 507443.671  0.11%   6.1  609s
 30904 10151 507333.479   42  112 506883.791 507443.077  0.11%   6.1  615s
H31012 10002                    506895.26213 507442.608  0.11%   6.1  618s
H31041  9975                    506897.09730 507442.608  0.11%   6.1  619s
 31881  9962     cutoff   34      506897.097 507438.538  0.11%   6.1  662s
H31882  9169                    506950.23475 507438.538  0.10%   6.1  662s
 31891  9161     cutoff   40      506950.235 507438.197  0.10%   6.1  669s
H31892  9113                    506951.99783 507438.197  0.10%   6.1  669s
H31895  8634                    506979.30481 507437.747  0.09%   6.1  669s
 31915  9000 507340.644   44  108 506979.305 507437.369  0.09%   6.1  671s
 32203  9000 506999.555   47  112 506979.305 507437.322  0.09%   6.1  677s
 33208  9318 507011.365   46  108 506979.305 507427.499  0.09%   6.1  694s
 33642  9318 507360.086   41  116 506979.305 507427.250  0.09%   6.1  699s
 34539  9665 507322.535   40  112 506979.305 507419.073  0.09%   6.1  717s
 35762  9965 507057.533   56  115 506979.305 507412.455  0.09%   6.1  735s
 37019 10253 507070.394   34  120 506979.305 507405.211  0.08%   6.0  757s
 37615 10253 507005.713   47  117 506979.305 507404.479  0.08%   6.0  768s
 38265 10563 507147.076   45  119 506979.305 507397.590  0.08%   6.0  779s
 38846 10563 507304.038   42  109 506979.305 507397.263  0.08%   6.0  790s
 39571 10903 507152.158   44  105 506979.305 507390.689  0.08%   6.0  803s
 39659 10903 507044.846   57  106 506979.305 507390.689  0.08%   6.0  807s
 40843 11214 507184.451   47  114 506979.305 507382.206  0.08%   6.0  825s
 42132 11518     cutoff   45      506979.305 507377.735  0.08%   5.9  843s
 42279 11518 507356.632   48  106 506979.305 507377.735  0.08%   5.9  847s
 43337 11802     cutoff   60      506979.305 507373.790  0.08%   5.9  867s
 44355 11802 506987.049   46  108 506979.305 507372.672  0.08%   5.9  884s
 44596 12060     cutoff   40      506979.305 507368.200  0.08%   5.9  889s
 45814 12321 506990.268   45  106 506979.305 507363.595  0.08%   5.9  907s
 46729 12321 506986.295   47  110 506979.305 507362.902  0.08%   5.9  923s
 47076 12565 506980.786   71   93 506979.305 507356.181  0.07%   5.9  930s
 47334 12565 507044.069   43  114 506979.305 507356.171  0.07%   5.9  936s
 48359 12848 507239.709   44  110 506979.305 507352.171  0.07%   5.8  957s
 49105 12848 507014.824   45  124 506979.305 507351.210  0.07%   5.8  970s
 49566 13145 507252.293   43  111 506979.305 507348.119  0.07%   5.8  978s
 50117 13145 506979.818   47  119 506979.305 507347.883  0.07%   5.8  984s
 50745 13409     cutoff   56      506979.305 507345.423  0.07%   5.8  998s
 52008 13667     cutoff   23      506979.305 507339.304  0.07%   5.8 1018s
 53247 13934 507204.781   44  117 506979.305 507335.341  0.07%   5.8 1036s
 54526 14186 506996.879   44  115 506979.305 507331.863  0.07%   5.7 1053s
 55687 14186 507119.911   43  107 506979.305 507327.746  0.07%   5.7 1069s
 55740 14418 507054.719   46  112 506979.305 507327.536  0.07%   5.7 1072s
 56174 14418 507186.678   49  103 506979.305 507327.210  0.07%   5.7 1079s
 56933 14642 507017.083   57  105 506979.305 507324.510  0.07%   5.7 1094s
 58195 14887 507046.256   54  112 506979.305 507320.860  0.07%   5.7 1117s
 58334 14887 507026.009   57  116 506979.305 507320.860  0.07%   5.7 1121s
 59423 15165 507218.516   51  111 506979.305 507316.509  0.07%   5.7 1147s
 59506 15165 507180.625   50  109 506979.305 507316.509  0.07%   5.7 1151s
 60667 15426 507002.636   40  122 506979.305 507313.018  0.07%   5.7 1169s
 60829 15426 506992.662   47  113 506979.305 507313.018  0.07%   5.7 1173s
 61881 15654 506990.118   47  113 506979.305 507310.550  0.07%   5.6 1189s

Explored 63133 nodes (358931 simplex iterations) in 1208.30 seconds (94.14 work units)
Thread count was 8 (of 8 available processors)

Solution count 10: 506979 506952 506950 ... 505725

Time limit reached
Best objective 5.069793048124e+05, best bound 5.073075635050e+05, gap 0.0647%

User-callback calls 133632, time in user-callback 1006.80 sec
