
Gurobi 9.5.2 (win64) logging started Mon Mar 27 20:25:25 2023

Set parameter LogFile to value "2023-03-27_20hr-25min-09sec/Nodes10_Arcs15_LocNodes8/Formulation-2Instance-2.log"
Set parameter TimeLimit to value 600
Set parameter IntFeasTol to value 1e-09
Set parameter DualReductions to value 0
Set parameter NonConvex to value 2
Gurobi Optimizer version 9.5.2 build v9.5.2rc0 (win64)
Thread count: 4 physical cores, 8 logical processors, using up to 8 threads
Optimize a model with 44 rows, 76 columns and 162 nonzeros
Model fingerprint: 0x914633d1
Model has 25 quadratic objective terms
Model has 25 SOS constraints
Variable types: 68 continuous, 8 integer (8 binary)
Coefficient statistics:
  Matrix range     [1e-01, 2e+02]
  Objective range  [3e-03, 1e+03]
  QObjective range [2e-01, 8e+00]
  Bounds range     [1e+00, 1e+00]
  RHS range        [3e-03, 1e+03]
Presolve removed 4 rows and 6 columns
Presolve time: 0.00s
Presolved: 40 rows, 70 columns, 145 nonzeros
Presolved model has 22 SOS constraint(s)
Presolved model has 22 quadratic objective terms
Variable types: 62 continuous, 8 integer (8 binary)

Root relaxation: objective 1.895300e+05, 85 iterations, 0.00 seconds (0.00 work units)

    Nodes    |    Current Node    |     Objective Bounds      |     Work
 Expl Unexpl |  Obj  Depth IntInf | Incumbent    BestBd   Gap | It/Node Time

     0     0 189530.000    0    1          - 189530.000      -     -    0s
H    0     0                    189462.88716 189530.000  0.04%     -    0s
H    0     0                    189463.30539 189530.000  0.04%     -    0s

Cutting planes:
  Implied bound: 1
  Flow cover: 1

Explored 1 nodes (85 simplex iterations) in 0.02 seconds (0.00 work units)
Thread count was 8 (of 8 available processors)

Solution count 1: 189463 

Optimal solution found (tolerance 1.00e-04)
Best objective 1.894633053896e+05, best bound 1.894633053896e+05, gap 0.0000%

User-callback calls 226, time in user-callback 0.00 sec
