
Gurobi 9.5.2 (win64) logging started Mon Mar 27 21:01:33 2023

Set parameter LogFile to value "2023-03-27_20hr-25min-09sec/Nodes20_Arcs45_LocNodes15/Formulation-1Instance-3.log"
Set parameter TimeLimit to value 600
Set parameter IntFeasTol to value 1e-09
Set parameter DualReductions to value 0
Set parameter NonConvex to value 2
Gurobi Optimizer version 9.5.2 build v9.5.2rc0 (win64)
Thread count: 4 physical cores, 8 logical processors, using up to 8 threads
Optimize a model with 101 rows, 180 columns and 410 nonzeros
Model fingerprint: 0xcb3c3c70
Model has 15 quadratic objective terms
Model has 65 SOS constraints
Variable types: 165 continuous, 15 integer (15 binary)
Coefficient statistics:
  Matrix range     [1e-01, 2e+02]
  Objective range  [3e+00, 2e+02]
  QObjective range [2e+00, 2e+00]
  Bounds range     [1e+00, 1e+00]
  RHS range        [4e-02, 1e+03]
Presolve removed 2 rows and 6 columns
Presolve time: 0.00s
Presolved: 128 rows, 190 columns, 463 nonzeros
Presolved model has 60 SOS constraint(s)
Presolved model has 14 bilinear constraint(s)
Variable types: 175 continuous, 15 integer (15 binary)

Root relaxation: unbounded, 69 iterations, 0.00 seconds (0.00 work units)

    Nodes    |    Current Node    |     Objective Bounds      |     Work
 Expl Unexpl |  Obj  Depth IntInf | Incumbent    BestBd   Gap | It/Node Time

     0     0  postponed    0               -          -      -     -    0s
     0     0  postponed    0               -          -      -     -    0s
Exploring 100 nodes in MinRel heuristic
No solution found by MinRel heuristic
     0     2  postponed    0               -          -      -     -    0s
Exploring 10000 nodes in MinRel heuristic
H 4085   838                    -7315.370434          -      -  23.5    3s
Feasible solution found by MinRel heuristic at node 4263
  8628  1079  postponed   44      -7315.3704          -      -  20.5    5s
 23149  2109  postponed   50      -7315.3704          -      -  18.3   10s
 37797  2683 infeasible   51      -7315.3704          -      -  17.4   15s
 54030  3020 infeasible   46      -7315.3704          -      -  17.0   20s
 70754  2954  postponed   44      -7315.3704          -      -  16.8   25s
 88069  2894 infeasible   44      -7315.3704          -      -  16.5   30s
 104699  2784  postponed   50      -7315.3704          -      -  16.3   35s
 121905  2751 infeasible   53      -7315.3704          -      -  16.4   40s
H125033  2770                    -7153.370434          -      -  16.3   41s
H125954  2638                    144537.61789          -      -  16.3   41s
H126119  2638                    270037.29714          -      -  16.4   41s
H130645  1732                    276272.88055          -      -  16.8   43s
 133650  1721  postponed   34      276272.881          -      -  17.2   45s
H136911  1739                    282630.57250          -      -  17.7   46s
 142517  1835 infeasible   24      282630.573          -      -  18.5   50s
H149789  1900                    282641.07222          -      -  19.5   53s
 151035  1879  postponed   34      282641.072          -      -  19.7   55s
 161068  1967  postponed   34      282641.072          -      -  20.8   60s
 167926  1955 infeasible   35      282641.072          -      -  21.7   65s
 177147  1988  postponed   34      282641.072          -      -  22.7   70s
 186135  2004  postponed   30      282641.072          -      -  23.6   75s
 195138  2016  postponed   36      282641.072          -      -  24.3   80s
 205549  2115 infeasible   36      282641.072          -      -  25.1   85s
 215375  2221 infeasible   36      282641.072          -      -  25.6   90s
 225869  2339  postponed   34      282641.072          -      -  26.1   95s
 235737  2494  postponed   33      282641.072          -      -  26.5  100s
 246060  2534  postponed   34      282641.072          -      -  26.9  105s
 258017  2656  postponed   32      282641.072          -      -  27.2  110s
 268953  2682  postponed   31      282641.072          -      -  27.5  115s
 278494  2818 infeasible   36      282641.072          -      -  27.8  120s
 287357  2943 infeasible   26      282641.072          -      -  28.0  125s
 297839  3201 infeasible   35      282641.072          -      -  28.2  130s
 308571  3399 infeasible   36      282641.072          -      -  28.4  135s
 318427  3636  postponed   35      282641.072          -      -  28.6  140s
 330378  3829 infeasible   37      282641.072          -      -  28.8  145s
 340623  3886  postponed   25      282641.072          -      -  29.0  150s
 350829  3932 infeasible   41      282641.072          -      -  29.3  155s
 359987  3972  postponed   33      282641.072          -      -  29.5  160s
 369984  4136  postponed   30      282641.072          -      -  29.7  165s
 380937  4256  postponed   26      282641.072          -      -  29.8  170s
 390608  4362 infeasible   37      282641.072          -      -  29.9  175s
 400282  4349  postponed   33      282641.072          -      -  30.1  180s
 409553  4426 infeasible   41      282641.072          -      -  30.2  185s
 417943  4460 infeasible   33      282641.072          -      -  30.3  190s
 429614  4458 infeasible   36      282641.072          -      -  30.5  195s
 438628  4532 infeasible   28      282641.072          -      -  30.6  200s
 446925  4764  postponed   31      282641.072          -      -  30.7  205s
 454919  4880 297521.147   35   24 282641.072          -      -  30.7  210s
 464331  4966 infeasible   33      282641.072          -      -  30.7  215s
 474060  5168  postponed   34      282641.072          -      -  30.8  220s
 483311  5257 infeasible   43      282641.072          -      -  30.9  225s
 492850  5523 387845.542   33   32 282641.072          -      -  31.1  230s
 502734  5730 infeasible   34      282641.072          -      -  31.2  235s
 512006  5785  postponed   34      282641.072          -      -  31.3  240s
 520081  5772  postponed   33      282641.072          -      -  31.5  245s
 529500  5878  postponed   40      282641.072          -      -  31.6  250s
 540104  5974  postponed   35      282641.072          -      -  31.8  255s
 548012  5910 infeasible   36      282641.072          -      -  31.9  260s
 557197  6006 infeasible   35      282641.072          -      -  32.1  265s
 565881  6138 infeasible   34      282641.072          -      -  32.2  270s
 574631  6357  postponed   34      282641.072          -      -  32.2  275s
 585169  6475 infeasible   34      282641.072          -      -  32.2  280s
 595839  6619  postponed   26      282641.072          -      -  32.3  285s
 604775  6658  postponed   35      282641.072          -      -  32.3  290s
 615233  6692  postponed   35      282641.072          -      -  32.4  295s
H622927  6710                    282641.07226          -      -  32.5  299s
 624567  6640 infeasible   35      282641.072          -      -  32.5  300s
 632609  6670 infeasible   37      282641.072          -      -  32.7  305s
 641794  6728  postponed   34      282641.072          -      -  32.8  310s
 650007  6776  postponed   34      282641.072          -      -  32.9  315s
 660414  6787  postponed   28      282641.072          -      -  33.2  320s
 669777  6722 infeasible   36      282641.072          -      -  33.3  325s
 679999  6785  postponed   34      282641.072          -      -  33.4  330s
 687914  6691 infeasible   34      282641.072          -      -  33.5  335s
 697693  6773  postponed   35      282641.072          -      -  33.6  340s
 706907  6834 infeasible   36      282641.072          -      -  33.7  345s
 716538  6830  postponed   37      282641.072          -      -  33.8  350s
 725972  6884  postponed   32      282641.072          -      -  33.9  355s
 734707  6911  postponed   35      282641.072          -      -  34.0  360s
 743292  6929 infeasible   36      282641.072          -      -  34.0  365s
 753336  6931 infeasible   36      282641.072          -      -  34.0  370s
 765132  7088 infeasible   38      282641.072          -      -  34.1  375s
 774870  7127 1122613.90   36   31 282641.072          -      -  34.1  380s
 784549  7287  postponed   30      282641.072          -      -  34.0  385s
 798844  7526 infeasible   43      282641.072          -      -  34.0  390s
 808521  7788 infeasible   43      282641.072          -      -  34.0  395s
 818175  7859  postponed   36      282641.072          -      -  34.0  400s
 829063  7940 infeasible   36      282641.072          -      -  34.0  405s
 840170  8010 infeasible   36      282641.072          -      -  33.9  410s
 850900  8028 infeasible   37      282641.072          -      -  33.9  415s
 860389  8106  postponed   40      282641.072          -      -  33.9  420s
 869984  8087 infeasible   41      282641.072          -      -  33.9  425s
 880759  8076 infeasible   36      282641.072          -      -  33.9  430s
 890071  8076 infeasible   32      282641.072          -      -  33.9  435s
 899528  8216  postponed   44      282641.072          -      -  34.0  440s
 909239  8203 infeasible   37      282641.072          -      -  34.0  445s
 919556  8368 infeasible   32      282641.072          -      -  34.0  450s
 929961  8451 infeasible   37      282641.072          -      -  34.0  455s
 940353  8498 infeasible   36      282641.072          -      -  34.1  460s
 950731  8640  postponed   35      282641.072          -      -  34.1  465s
 961993  8809  postponed   32      282641.072          -      -  34.1  470s
 971123  8842 infeasible   37      282641.072          -      -  34.1  475s
H972381  8810                    282641.07229          -      -  34.1  475s
 980495  8944  postponed   30      282641.072          -      -  34.2  480s
 989538  9072 infeasible   36      282641.072          -      -  34.2  485s
 1000280  9244  postponed   29      282641.072          -      -  34.2  490s
 1009255  9384 infeasible   32      282641.072          -      -  34.2  495s
 1020105  9568  postponed   33      282641.072          -      -  34.2  500s
 1028573  9636  postponed   33      282641.072          -      -  34.2  505s
 1039528  9671 infeasible   35      282641.072          -      -  34.2  510s
 1049217  9739  postponed   34      282641.072          -      -  34.2  515s
 1057851  9699  postponed   46      282641.072          -      -  34.2  520s
 1067090  9688 infeasible   36      282641.072          -      -  34.2  525s
 1076185  9672  postponed   35      282641.072          -      -  34.3  530s
 1084746  9640 infeasible   34      282641.072          -      -  34.3  535s
 1093841  9639  postponed   37      282641.072          -      -  34.4  540s
 1101111  9684 infeasible   37      282641.072          -      -  34.4  545s
 1109647  9648 infeasible   43      282641.072          -      -  34.4  550s
 1118684  9627  postponed   33      282641.072          -      -  34.4  555s
 1128481  9764 infeasible   36      282641.072          -      -  34.5  560s
 1140467 10077  postponed   31      282641.072          -      -  34.4  565s
 1151381 10270 infeasible   37      282641.072          -      -  34.3  570s
 1160742 10395 infeasible   49      282641.072          -      -  34.3  575s
H1166964 10379                    282641.07233          -      -  34.3  577s
 1173095 10436 338163.812   33   17 282641.072          -      -  34.2  580s
 1184450 10609 infeasible   37      282641.072          -      -  34.2  585s
 1194888 10594 infeasible   37      282641.072          -      -  34.2  590s
 1204943 10671  postponed   39      282641.072          -      -  34.1  595s
 1214822 10733 infeasible   35      282641.072          -      -  34.1  600s

Explored 1215462 nodes (41446802 simplex iterations) in 600.02 seconds (138.46 work units)
Thread count was 8 (of 8 available processors)

Solution count 9: 282641 282641 282641 ... -7315.37

Time limit reached
Best objective 2.826410723300e+05, best bound -, gap -

User-callback calls 2458550, time in user-callback 25.09 sec
