
Gurobi 9.5.2 (win64) logging started Mon Mar 27 20:53:06 2023

Set parameter LogFile to value "2023-03-27_20hr-25min-09sec/Nodes20_Arcs45_LocNodes15/Formulation-1Instance-1.log"
Set parameter TimeLimit to value 600
Set parameter IntFeasTol to value 1e-09
Set parameter DualReductions to value 0
Set parameter NonConvex to value 2
Gurobi Optimizer version 9.5.2 build v9.5.2rc0 (win64)
Thread count: 4 physical cores, 8 logical processors, using up to 8 threads
Optimize a model with 101 rows, 180 columns and 410 nonzeros
Model fingerprint: 0x0e4ed0e1
Model has 15 quadratic objective terms
Model has 65 SOS constraints
Variable types: 165 continuous, 15 integer (15 binary)
Coefficient statistics:
  Matrix range     [1e-01, 2e+02]
  Objective range  [3e+00, 2e+02]
  QObjective range [2e+00, 2e+00]
  Bounds range     [1e+00, 1e+00]
  RHS range        [4e-02, 1e+03]
Presolve time: 0.00s
Presolved: 132 rows, 197 columns, 486 nonzeros
Presolved model has 65 SOS constraint(s)
Presolved model has 15 bilinear constraint(s)
Variable types: 182 continuous, 15 integer (15 binary)

Root relaxation: unbounded, 67 iterations, 0.00 seconds (0.00 work units)

    Nodes    |    Current Node    |     Objective Bounds      |     Work
 Expl Unexpl |  Obj  Depth IntInf | Incumbent    BestBd   Gap | It/Node Time

     0     0  postponed    0               -          -      -     -    0s
     0     0  postponed    0               -          -      -     -    0s
Exploring 100 nodes in MinRel heuristic
No solution found by MinRel heuristic
     0     2  postponed    0               -          -      -     -    0s
Exploring 10000 nodes in MinRel heuristic
H 1109   544                    -2650.302224          -      -  35.1    1s
Feasible solution found by MinRel heuristic at node 7377
H 1183   566                    68582.671675          -      -  36.1    1s
  7209  2731  postponed   27      68582.6717          -      -  57.1    5s
H15263  5047                    76336.855004          -      -  55.5    9s
H15732  5105                    109675.38518          -      -  55.6    9s
H15748  5105                    116839.29591          -      -  55.6    9s
H15771  5101                    136896.26173          -      -  55.7    9s
H15780  5099                    139318.39174          -      -  55.7    9s
H15799  5099                    139953.43581          -      -  55.7    9s
 15877  5427 315175.267   30   44 139953.436          -      -  55.8   10s
H21189  6690                    140196.55363          -      -  56.6   12s
 25060  7872 infeasible   30      140196.554          -      -  57.3   15s
H26732  8124                    140229.81277          -      -  57.3   16s
H32493  9286                    140741.87254          -      -  57.6   19s
 33980  9828 310740.283   29   47 140741.873          -      -  57.6   20s
 43084 11592  postponed   26      140741.873          -      -  58.2   25s
H43134 11592                    140824.68024          -      -  58.2   25s
H43227 11592                    141176.46450          -      -  58.2   25s
H49041 12777                    141468.74126          -      -  58.1   29s
 50500 13370  postponed   27      141468.741          -      -  58.1   30s
 59410 15165 infeasible   29      141468.741          -      -  58.3   35s
 68084 16949 293943.830   29   41 141468.741          -      -  57.8   40s
 82588 16117 infeasible   31      141468.741 872989.681   517%  53.1   45s
 103086 13935 253270.514   31   35 141468.741 782902.469   453%  46.1   50s
 120689 11486 449815.540   30   38 141468.741 548470.090   288%  41.9   55s
 140687  7177 312507.779   34   43 141468.741 376578.287   166%  38.2   60s
 162012  3527 infeasible   34      141468.741 269805.029  90.7%  34.8   65s
H179831  2436                    141493.73442 197864.545  39.8%  32.3   68s
H179954  2776                    141659.73442 195699.692  38.1%  32.3   68s
H180071  2776                    141659.73443 195159.835  37.8%  32.3   68s
H181014  2764                    141738.03062 194094.513  36.9%  32.2   68s
 185789  4956 181929.934   51   10 141738.031 187787.236  32.5%  31.4   70s
H204765 10974                    142055.38070 179405.917  26.3%  28.8   73s
*204806 10974             119    142055.44210 179405.917  26.3%  28.8   73s
 209249 12585 148636.781   58    7 142055.442 178166.621  25.4%  28.2   75s
 232312 18460 142300.601   67    5 142055.442 173495.411  22.1%  25.7   80s
 255048 23440 145934.153   60    8 142055.442 170352.293  19.9%  23.8   86s
 270655 26702     cutoff   59      142055.442 168645.799  18.7%  22.6   90s
 291809 30874 145810.093   57    6 142055.442 166598.019  17.3%  21.2   95s
 313281 34329     cutoff   68      142055.442 164893.142  16.1%  20.0  100s
 336325 37941 153536.264   47    9 142055.442 163248.887  14.9%  18.9  105s
 358357 41103     cutoff   56      142055.442 161835.681  13.9%  17.9  110s
 380573 43928 144393.889   57    7 142055.442 160635.899  13.1%  17.1  115s
 401255 46201 143377.730   67    9 142055.442 159688.501  12.4%  16.4  120s
 422673 48013     cutoff   64      142055.442 158708.302  11.7%  15.7  125s
 444171 49866 143747.160   56    4 142055.442 157823.025  11.1%  15.1  130s
 465952 51897 142771.812   60    7 142055.442 157078.413  10.6%  14.6  135s
 488389 53571     cutoff   59      142055.442 156343.854  10.1%  14.1  140s
H503161 54492                    142055.44214 155893.797  9.74%  13.8  143s
 509781 55070     cutoff   65      142055.442 155678.203  9.59%  13.6  145s
 530127 56255 142092.254   64    7 142055.442 155077.389  9.17%  13.2  150s
 550312 57195     cutoff   65      142055.442 154505.169  8.76%  12.9  155s
 572312 57987     cutoff   59      142055.442 153911.387  8.35%  12.5  160s
 594416 58600 149105.364   58    8 142055.442 153341.792  7.95%  12.2  165s
 616648 58985 150124.325   63   10 142055.442 152784.738  7.55%  11.9  170s
 638704 59352     cutoff   62      142055.442 152256.826  7.18%  11.6  175s
 660174 59715 142424.581   66    6 142055.442 151783.091  6.85%  11.3  180s
 681596 59849 142413.812   64    4 142055.442 151303.471  6.51%  11.1  185s
 703069 59975     cutoff   70      142055.442 150853.537  6.19%  10.8  190s
 724734 59797 144732.548   61    7 142055.442 150391.262  5.87%  10.6  195s
 747260 59271 143262.492   63    7 142055.442 149936.389  5.55%  10.4  200s
 769160 58969 146104.421   56    6 142055.442 149510.837  5.25%  10.2  205s
H778672 58780                    142055.44224 149320.427  5.11%  10.1  207s
 788921 58638 144243.167   59    5 142055.442 149129.433  4.98%  10.0  210s
 808283 58216 146471.792   59    6 142055.442 148729.951  4.70%   9.9  215s
H811831 58209                    142055.44226 148663.050  4.65%   9.8  215s
 830219 57895 142354.041   64    4 142055.442 148321.020  4.41%   9.7  220s
 852590 57418 145223.584   63    9 142055.442 147922.179  4.13%   9.5  225s
 874939 56882     cutoff   63      142055.442 147555.224  3.87%   9.3  230s
 897466 56120 142788.058   66    6 142055.442 147195.245  3.62%   9.2  235s
 919373 55330     cutoff   65      142055.442 146867.492  3.39%   9.0  240s
 941355 54359     cutoff   71      142055.442 146538.863  3.16%   8.9  245s
 963373 53243 142082.368   70    4 142055.442 146209.512  2.92%   8.8  250s
 983808 52014 145521.465   61    7 142055.442 145914.579  2.72%   8.6  255s
 1007257 50494 143061.312   68    6 142055.442 145585.437  2.48%   8.5  260s
 1028811 48859     cutoff   67      142055.442 145280.316  2.27%   8.4  265s
*1041225 47802              88    142055.79008 145109.927  2.15%   8.3  267s
*1041228 47802              90    142055.80412 145109.927  2.15%   8.3  267s
*1041230 47802              91    142055.80469 145109.927  2.15%   8.3  267s
 1049581 47064 142432.727   71    7 142055.805 145008.086  2.08%   8.3  270s
 1070001 45008 143354.735   66    7 142055.805 144754.229  1.90%   8.2  275s
H1078397 44211                    142055.80472 144661.201  1.83%   8.1  276s
 1092581 42461     cutoff   64      142055.805 144496.830  1.72%   8.1  280s
 1115625 39070     cutoff   71      142055.805 144224.833  1.53%   8.0  285s
 1138072 35073 142554.150   66    5 142055.805 143952.075  1.33%   7.9  290s
 1160976 30411     cutoff   70      142055.805 143669.546  1.14%   7.8  295s
H1171570 27598                    142065.39877 143530.420  1.03%   7.7  297s
H1172781 27392                    142065.39880 143515.022  1.02%   7.7  297s
 1183752 24330     cutoff   71      142065.399 143358.472  0.91%   7.7  300s
*1189132 22852              92    142065.40624 143278.910  0.85%   7.6  301s
*1189144 22852             103    142065.40638 143278.910  0.85%   7.6  301s
*1189146 22852             102    142065.40640 143278.910  0.85%   7.6  301s
*1189148 22852             100    142065.40642 143278.910  0.85%   7.6  301s
 1207637 16555     cutoff   66      142065.406 142940.260  0.62%   7.6  305s
*1228287  5955              92    142065.53479 142382.559  0.22%   7.5  309s
H1230273  4920                    142068.83752 142307.921  0.17%   7.5  309s
 1231649  3882     cutoff   64      142068.838 142263.733  0.14%   7.5  310s
H1232351  2973                    142069.73084 142242.943  0.12%   7.5  310s
H1236006  1036                    142069.87079 142139.679  0.05%   7.5  311s
H1236143  1036                    142069.87619 142139.679  0.05%   7.5  311s
*1236893  1020              94    142069.88212 142137.035  0.05%   7.5  311s
*1236895  1020              95    142069.88242 142137.035  0.05%   7.5  311s
*1236897  1020              96    142069.88262 142137.035  0.05%   7.5  311s
*1236899  1020              97    142069.88277 142137.035  0.05%   7.5  311s
*1236901  1020              98    142069.88288 142137.035  0.05%   7.5  311s
*1236903  1020              99    142069.88296 142137.035  0.05%   7.5  311s
*1236905  1020             100    142069.88302 142137.035  0.05%   7.5  311s
*1236907  1020             101    142069.88307 142137.035  0.05%   7.5  311s
*1236911  1020             103    142069.88311 142137.035  0.05%   7.5  311s
*1236915  1020             104    142069.88314 142137.035  0.05%   7.5  311s
*1236917  1020             104    142069.88317 142137.035  0.05%   7.5  311s
*1236919  1020             105    142069.88319 142137.035  0.05%   7.5  311s
*1236921  1020             106    142069.88320 142137.035  0.05%   7.5  311s
*1236926  1020             109    142069.88322 142137.035  0.05%   7.5  311s
*1236964  1020             105    142070.11439 142134.803  0.05%   7.5  311s
H1237590  1020                    142070.11560 142123.699  0.04%   7.5  311s
*1237716  1020             126    142070.12585 142123.699  0.04%   7.5  311s
*1238034   874             103    142070.12812 142105.593  0.02%   7.5  311s

Explored 1238778 nodes (9225448 simplex iterations) in 311.67 seconds (66.04 work units)
Thread count was 8 (of 8 available processors)

Solution count 10: 142070 142070 142070 ... 142070

Optimal solution found (tolerance 1.00e-04)
Best objective 1.420701281205e+05, best bound 1.420748687957e+05, gap 0.0033%

User-callback calls 2490742, time in user-callback 24.53 sec
