
Gurobi 9.5.2 (win64) logging started Mon Mar 27 21:22:13 2023

Set parameter LogFile to value "2023-03-27_20hr-25min-09sec/Nodes20_Arcs45_LocNodes15/Formulation-1Instance-5.log"
Set parameter TimeLimit to value 600
Set parameter IntFeasTol to value 1e-09
Set parameter DualReductions to value 0
Set parameter NonConvex to value 2
Gurobi Optimizer version 9.5.2 build v9.5.2rc0 (win64)
Thread count: 4 physical cores, 8 logical processors, using up to 8 threads
Optimize a model with 101 rows, 180 columns and 410 nonzeros
Model fingerprint: 0x3709c9cd
Model has 15 quadratic objective terms
Model has 65 SOS constraints
Variable types: 165 continuous, 15 integer (15 binary)
Coefficient statistics:
  Matrix range     [2e-02, 2e+02]
  Objective range  [3e+00, 2e+02]
  QObjective range [2e+00, 2e+00]
  Bounds range     [1e+00, 1e+00]
  RHS range        [2e-01, 1e+03]
Presolve removed 4 rows and 10 columns
Presolve time: 0.00s
Presolved: 126 rows, 186 columns, 453 nonzeros
Presolved model has 57 SOS constraint(s)
Presolved model has 14 bilinear constraint(s)
Variable types: 171 continuous, 15 integer (15 binary)

Root relaxation: unbounded, 63 iterations, 0.00 seconds (0.00 work units)

    Nodes    |    Current Node    |     Objective Bounds      |     Work
 Expl Unexpl |  Obj  Depth IntInf | Incumbent    BestBd   Gap | It/Node Time

     0     0  postponed    0               -          -      -     -    0s
     0     0  postponed    0               -          -      -     -    0s
Exploring 100 nodes in MinRel heuristic
No solution found by MinRel heuristic
     0     2  postponed    0               -          -      -     -    0s
Exploring 10000 nodes in MinRel heuristic
H 4394   891                    -5758.645264          -      -  20.1    1s
Feasible solution found by MinRel heuristic at node 3760
 11314  1338  postponed   46      -5758.6453          -      -  20.3    5s
 25862  2033 infeasible   45      -5758.6453          -      -  19.1   10s
 39875  2410 infeasible   45      -5758.6453          -      -  19.0   15s
 51982  2695  postponed   43      -5758.6453          -      -  19.6   20s
 64416  2835  postponed   44      -5758.6453          -      -  19.9   25s
 78749  2812  postponed   42      -5758.6453          -      -  20.1   30s
 93112  2746 infeasible   44      -5758.6453          -      -  20.2   35s
 105719  2721 infeasible   45      -5758.6453          -      -  20.5   40s
 119835  2671  postponed   43      -5758.6453          -      -  20.8   45s
 133373  2613  postponed   41      -5758.6453          -      -  20.9   50s
 148032  2617 infeasible   45      -5758.6453          -      -  20.9   55s
 162668  2477 infeasible   52      -5758.6453          -      -  20.8   60s
 177268  2598 infeasible   42      -5758.6453          -      -  20.7   65s
 193236  2780 infeasible   47      -5758.6453          -      -  20.6   70s
 207442  2847 infeasible   45      -5758.6453          -      -  20.7   75s
 222017  2902  postponed   44      -5758.6453          -      -  20.6   80s
 235395  3052  postponed   35      -5758.6453          -      -  20.5   85s
 249473  2960  postponed   42      -5758.6453          -      -  20.5   90s
 265387  2858 infeasible   44      -5758.6453          -      -  20.3   95s
 280733  2731  postponed   41      -5758.6453          -      -  20.3  100s
 296515  2679 infeasible   50      -5758.6453          -      -  20.2  105s
 311824  2709 infeasible   44      -5758.6453          -      -  20.3  110s
 327479  2750 infeasible   52      -5758.6453          -      -  20.1  115s
 343416  2832  postponed   46      -5758.6453          -      -  19.8  120s
 360007  2743  postponed   48      -5758.6453          -      -  19.6  125s
 374951  2624 infeasible   51      -5758.6453          -      -  19.4  130s
 390969  2512  postponed   39      -5758.6453          -      -  19.3  135s
 404571  2418  postponed   49      -5758.6453          -      -  19.4  140s
 416961  2467 infeasible   52      -5758.6453          -      -  19.5  145s
 430032  2399 infeasible   52      -5758.6453          -      -  19.6  150s
 443013  2331 infeasible   43      -5758.6453          -      -  19.7  155s
 456297  2556  postponed   46      -5758.6453          -      -  19.7  160s
 470848  2591 infeasible   45      -5758.6453          -      -  19.7  165s
 483943  2470  postponed   42      -5758.6453          -      -  19.8  170s
 496914  2414 infeasible   41      -5758.6453          -      -  19.9  175s
 510769  2476 infeasible   51      -5758.6453          -      -  20.0  180s
 525294  2439 infeasible   51      -5758.6453          -      -  20.0  185s
 540118  2343  postponed   46      -5758.6453          -      -  20.0  190s
 554823  2319  postponed   47      -5758.6453          -      -  19.9  195s
 570942  2380  postponed   35      -5758.6453          -      -  19.9  200s
 584662  2530 infeasible   52      -5758.6453          -      -  19.8  205s
 600359  2536  postponed   36      -5758.6453          -      -  19.7  210s
 616359  2551  postponed   51      -5758.6453          -      -  19.5  215s
 632745  2533  postponed   50      -5758.6453          -      -  19.4  220s
 647212  2519 infeasible   52      -5758.6453          -      -  19.3  225s
 664421  2467 infeasible   46      -5758.6453          -      -  19.2  230s
 679943  2385  postponed   49      -5758.6453          -      -  19.0  235s
 696655  2338 infeasible   52      -5758.6453          -      -  18.9  240s
 713603  2262 infeasible   52      -5758.6453          -      -  18.8  245s
 730147  2332  postponed   49      -5758.6453          -      -  18.8  250s
 746001  2516 infeasible   52      -5758.6453          -      -  18.7  255s
H754302  2594                    68529.913438          -      -  18.7  257s
 761613  1212 infeasible   38      68529.9134          -      -  18.6  260s
 774324  1231  postponed   44      68529.9134          -      -  18.7  265s
 786938  1314  postponed   35      68529.9134          -      -  18.8  270s
 800794   782 infeasible   41      68529.9134          -      -  18.8  275s
H806866   879                    138026.89813          -      -  18.8  277s
H812712   997                    138388.89813          -      -  18.8  279s
H812718   981                    233482.66269          -      -  18.8  279s
 813782   868  postponed   39      233482.663          -      -  18.8  280s
H817569   918                    244739.86528          -      -  18.7  281s
H817590   918                    244909.02348          -      -  18.7  281s
H817618   918                    244979.63835          -      -  18.7  281s
H818488   891                    245175.63835          -      -  18.7  282s
H820171  1331                    258832.37632          -      -  18.7  283s
 823083  1003  postponed   37      258832.376          -      -  18.7  285s
*829733  1030              70    259756.23446          -      -  18.7  287s
H832493  1114                    266394.94848          -      -  18.7  288s
 834180   992  postponed   35      266394.948          -      -  18.7  290s
H839817   920                    294607.92508          -      -  18.7  291s
H842931   942                    294608.00542          -      -  18.7  293s
H846254   952                    305238.88408          -      -  18.7  294s
 846444   931  postponed   30      305238.884          -      -  18.7  295s
H851895   903                    305238.89485          -      -  18.7  297s
 857638   887 infeasible   34      305238.895          -      -  18.7  300s
H866463   965                    305282.69734          -      -  18.7  303s
 869136   994  postponed   46      305282.697          -      -  18.7  305s
H873306  1067                    305282.70721          -      -  18.7  307s
 880348  1232 infeasible   41      305282.707          -      -  18.7  310s
 894209  1185 345038.770   59   10 305282.707          -      -  18.7  315s
H896844  1217                    305284.88036          -      -  18.7  316s
H903842  1051                    313617.63537          -      -  18.7  319s
 905822  1049  postponed   35      313617.635          -      -  18.7  320s
H911011   999                    318153.65663          -      -  18.7  321s
 915244  1211  postponed   43      318153.657          -      -  18.7  325s
 926101  1450 infeasible   38      318153.657          -      -  18.8  330s
H929150  1551                    318300.33591          -      -  18.8  331s
 937638  1786  postponed   44      318300.336          -      -  18.8  335s
 952509  2223     cutoff   63      318300.336 369493.313  16.1%  18.8  340s
 967861  4159 347215.161   57   10 318300.336 352036.976  10.6%  18.5  345s
 983673  5433     cutoff   61      318300.336 344330.122  8.18%  18.3  350s
 1000121  5914 335914.459   60    5 318300.336 339159.390  6.55%  18.0  355s
H1014832  5891                    318300.87288 334871.351  5.21%  17.8  359s
 1016796  5868 332119.693   59    7 318300.873 334283.366  5.02%  17.8  360s
H1025153  5668                    318320.50354 332087.995  4.33%  17.7  362s
 1034070  5485 325772.218   54    8 318320.504 329463.691  3.50%  17.5  365s
 1051583  5218 323606.047   53    8 318320.504 325351.064  2.21%  17.3  370s
 1067923  3966     cutoff   67      318320.504 321338.817  0.95%  17.1  375s
H1088687  1909                    318347.00055 318884.797  0.17%  16.8  379s
 1089109  1851 318389.749   70    3 318347.001 318848.233  0.16%  16.8  380s
*1090760  1536              83    318347.17179 318757.189  0.13%  16.7  380s
*1090762  1533              84    318347.27863 318757.189  0.13%  16.7  380s
*1090764  1531              85    318347.30436 318757.189  0.13%  16.7  380s
*1090766  1531              86    318347.31029 318757.189  0.13%  16.7  380s
*1090768  1531              87    318347.31153 318757.189  0.13%  16.7  380s
*1090770  1531              88    318347.31172 318757.189  0.13%  16.7  380s
*1093593   729              81    318349.50815 318530.253  0.06%  16.7  381s
*1093595   727              82    318349.68978 318530.253  0.06%  16.7  381s
*1093597   725              83    318349.81616 318530.253  0.06%  16.7  381s
*1093599   725              84    318349.89503 318530.253  0.06%  16.7  381s
*1093601   725              85    318349.92551 318530.253  0.06%  16.7  381s
*1093604   725              87    318349.92694 318530.253  0.06%  16.7  381s
*1093606   725              88    318349.92809 318530.253  0.06%  16.7  381s
*1093608   725              89    318349.92901 318530.253  0.06%  16.7  381s
*1093610   725              90    318349.92975 318530.253  0.06%  16.7  381s
*1093612   725              91    318349.93036 318530.253  0.06%  16.7  381s
*1093614   725              92    318349.93086 318530.253  0.06%  16.7  381s
*1093617   725              94    318349.93090 318530.253  0.06%  16.7  381s
*1093619   725              95    318349.93093 318530.253  0.06%  16.7  381s
*1093623   725              97    318349.93099 318530.253  0.06%  16.7  381s
*1093627   725              99    318349.93104 318530.253  0.06%  16.7  381s
*1093631   725             101    318349.93108 318530.253  0.06%  16.7  381s
*1093635   725             103    318349.93111 318530.253  0.06%  16.7  381s
*1093652   725             112    318349.93115 318530.253  0.06%  16.7  381s

Explored 1096482 nodes (18261511 simplex iterations) in 381.94 seconds (74.43 work units)
Thread count was 8 (of 8 available processors)

Solution count 10: 318350 318350 318350 ... 318350

Optimal solution found (tolerance 1.00e-04)
Best objective 3.183499311471e+05, best bound 3.183792837468e+05, gap 0.0092%

User-callback calls 2203305, time in user-callback 23.76 sec
