
Gurobi 9.5.2 (win64) logging started Mon Mar 27 21:11:44 2023

Set parameter LogFile to value "2023-03-27_20hr-25min-09sec/Nodes20_Arcs45_LocNodes15/Formulation-1Instance-4.log"
Set parameter TimeLimit to value 600
Set parameter IntFeasTol to value 1e-09
Set parameter DualReductions to value 0
Set parameter NonConvex to value 2
Gurobi Optimizer version 9.5.2 build v9.5.2rc0 (win64)
Thread count: 4 physical cores, 8 logical processors, using up to 8 threads
Optimize a model with 101 rows, 180 columns and 410 nonzeros
Model fingerprint: 0x998db260
Model has 15 quadratic objective terms
Model has 65 SOS constraints
Variable types: 165 continuous, 15 integer (15 binary)
Coefficient statistics:
  Matrix range     [2e-02, 2e+02]
  Objective range  [3e+00, 2e+02]
  QObjective range [2e+00, 2e+00]
  Bounds range     [1e+00, 1e+00]
  RHS range        [3e-02, 1e+03]
Presolve time: 0.00s
Presolved: 132 rows, 197 columns, 488 nonzeros
Presolved model has 65 SOS constraint(s)
Presolved model has 15 bilinear constraint(s)
Variable types: 182 continuous, 15 integer (15 binary)

Root relaxation: unbounded, 97 iterations, 0.00 seconds (0.00 work units)

    Nodes    |    Current Node    |     Objective Bounds      |     Work
 Expl Unexpl |  Obj  Depth IntInf | Incumbent    BestBd   Gap | It/Node Time

     0     0  postponed    0               -          -      -     -    0s
     0     0  postponed    0               -          -      -     -    0s
Exploring 100 nodes in MinRel heuristic
No solution found by MinRel heuristic
     0     2  postponed    0               -          -      -     -    0s
Exploring 10000 nodes in MinRel heuristic
H 4406   910                    -5490.901834          -      -  15.1    2s
Feasible solution found by MinRel heuristic at node 5835
H 6927   848                    121002.76680          -      -  16.3    2s
 16008  1531 infeasible   36      121002.767          -      -  14.8    5s
 30990  2138 infeasible   42      121002.767          -      -  16.7   10s
 44541  2628 infeasible   44      121002.767          -      -  20.3   15s
 57988  2677 infeasible   44      121002.767          -      -  22.1   20s
 70617  2710  postponed   43      121002.767          -      -  23.5   25s
 83482  2551 infeasible   45      121002.767          -      -  24.7   30s
 96805  2469  postponed   42      121002.767          -      -  25.5   35s
 108597  2363  postponed   44      121002.767          -      -  25.9   40s
H113884  2306                    121878.76680          -      -  26.2   42s
H113884  2306                    122244.76680          -      -  26.2   42s
 120521  2266 infeasible   44      122244.767          -      -  26.3   45s
 133038  2305  postponed   40      122244.767          -      -  26.2   50s
 144194  2326 infeasible   41      122244.767          -      -  26.5   55s
 156300  2260 infeasible   44      122244.767          -      -  26.4   60s
 168490  2243 infeasible   48      122244.767          -      -  26.7   65s
 181263  2143 infeasible   36      122244.767          -      -  27.1   70s
 194146  2154  postponed   44      122244.767          -      -  27.2   75s
 207488  2359  postponed   41      122244.767          -      -  27.3   80s
 220118  2376 infeasible   44      122244.767          -      -  27.5   85s
 232564  2387 infeasible   37      122244.767          -      -  27.7   90s
 243658  2385  postponed   42      122244.767          -      -  28.0   95s
 255320  2255 infeasible   45      122244.767          -      -  28.3  100s
H261325  2165                    353432.73741          -      -  28.5  102s
 266699  2087  postponed   41      353432.737          -      -  28.6  105s
H275216  2052                    361656.54775          -      -  28.5  108s
 279338  1999  postponed   48      361656.548          -      -  28.5  110s
H282162  1996                    369817.34743          -      -  28.5  111s
 289311  2006 infeasible   45      369817.347          -      -  28.5  115s
H296490  1986                    370087.22683          -      -  28.4  117s
 303184  1982  postponed   41      370087.227          -      -  28.4  120s
H303838  1982                    380693.82534          -      -  28.4  120s
H311676  1989                    380719.29338          -      -  28.4  124s
 313510  2014  postponed   45      380719.293          -      -  28.4  125s
 325926  1963 infeasible   36      380719.293          -      -  28.5  130s
H328675  2403                    395342.46258          -      -  28.5  131s
H328812  2403                    395362.54655          -      -  28.5  131s
*328996  2403             112    395362.54709          -      -  28.5  131s
*329005  2403             113    395362.54713          -      -  28.5  131s
*333453  2193              84    395795.13842          -      -  28.5  133s
*333458  2193              86    395795.40166          -      -  28.5  133s
*333460  2193              86    395795.41257          -      -  28.5  133s
H335503  2117                    401115.53614          -      -  28.4  134s
 337719  2108 infeasible   42      401115.536          -      -  28.4  135s
 351045  2125  postponed   36      401115.536          -      -  28.2  140s
H356178  2158                    402121.68824          -      -  28.2  141s
 365855  2335 infeasible   28      402121.688          -      -  28.0  145s
 377334  2440 infeasible   39      402121.688          -      -  28.1  150s
H386704  2414                    402804.64487          -      -  28.2  154s
H386928  2395                    406046.46986          -      -  28.2  154s
 387539  2367 infeasible   37      406046.470          -      -  28.2  155s
H393015  2418                    406300.31961          -      -  28.2  157s
 397288  2408  postponed   43      406300.320          -      -  28.2  160s
 409850  2422 infeasible   45      406300.320          -      -  28.2  165s
 422135  2511 infeasible   47      406300.320          -      -  28.1  170s
 433778  2608 infeasible   36      406300.320          -      -  28.1  175s
 448166  2637  postponed   34      406300.320          -      -  28.0  180s
 461386  2610  postponed   37      406300.320          -      -  27.9  185s
 475944  2643 infeasible   27      406300.320          -      -  27.8  190s
 490357  2724 infeasible   38      406300.320          -      -  27.6  195s
 503027  2745 infeasible   42      406300.320          -      -  27.5  200s
 516398  2621 infeasible   37      406300.320          -      -  27.4  205s
 530866  2636 infeasible   37      406300.320          -      -  27.4  210s
 546135  2754 infeasible   38      406300.320          -      -  27.2  215s
 560630  2836  postponed   28      406300.320          -      -  27.1  220s
 574384  2915 infeasible   38      406300.320          -      -  27.1  225s
 587278  2872 infeasible   36      406300.320          -      -  27.0  230s
 600696  2684  postponed   37      406300.320          -      -  27.0  235s
 613953  2624  postponed   36      406300.320          -      -  26.9  240s
 628367  2462 infeasible   44      406300.320          -      -  26.9  245s
 641144  2397  postponed   35      406300.320          -      -  26.8  250s
 654722  2327 infeasible   39      406300.320          -      -  26.8  255s
 668598  2369  postponed   33      406300.320          -      -  26.8  260s
 684281  2542  postponed   31      406300.320          -      -  26.7  265s
 701024  2642 infeasible   38      406300.320          -      -  26.4  270s
 720036  2627  postponed   35      406300.320          -      -  26.1  275s
 735271  2813  postponed   32      406300.320          -      -  26.0  280s
 750825  2878  postponed   33      406300.320          -      -  25.9  285s
 766062  2775  postponed   39      406300.320          -      -  25.8  290s
 780346  2732 infeasible   36      406300.320          -      -  25.7  295s
 793979  2679  postponed   42      406300.320          -      -  25.7  300s
 809262  2724  postponed   38      406300.320          -      -  25.7  305s
 823844  2609 infeasible   43      406300.320          -      -  25.7  310s
 839123  2473  postponed   40      406300.320          -      -  25.6  315s
 855145  2382 infeasible   41      406300.320          -      -  25.5  320s
 870450  2329  postponed   40      406300.320          -      -  25.4  325s
 886062  2227 infeasible   34      406300.320          -      -  25.3  330s
 898954  2299  postponed   41      406300.320          -      -  25.3  335s
 912089  2205  postponed   40      406300.320          -      -  25.3  340s
 925466  2121 infeasible   41      406300.320          -      -  25.3  345s
 940587  2199  postponed   37      406300.320          -      -  25.3  350s
 954680  2303  postponed   37      406300.320          -      -  25.2  355s
H964224  2377                    406302.66459          -      -  25.2  358s
 970506  2320  postponed   49      406302.665          -      -  25.1  360s
 985840  2409  postponed   31      406302.665          -      -  25.0  365s
 1001663  2377 infeasible   38      406302.665          -      -  24.9  370s
 1017730  2466  postponed   40      406302.665          -      -  24.8  375s
 1033157  2370  postponed   38      406302.665          -      -  24.7  380s
 1045789  2331 infeasible   37      406302.665          -      -  24.7  385s
 1057873  2202  postponed   35      406302.665          -      -  24.7  390s
 1069206  2116 infeasible   36      406302.665          -      -  24.7  395s
 1082759  2234 infeasible   41      406302.665          -      -  24.7  400s
 1100456  2081 infeasible   36      406302.665          -      -  24.6  405s
 1115064  2105 infeasible   41      406302.665          -      -  24.6  410s
 1129446  2281  postponed   31      406302.665          -      -  24.5  415s
 1144537  2300 infeasible   44      406302.665          -      -  24.4  420s
 1159936  2390  postponed   43      406302.665          -      -  24.4  425s
 1172946  2384 infeasible   47      406302.665          -      -  24.3  430s
 1186631  2256 infeasible   38      406302.665          -      -  24.2  435s
 1202404  2208 infeasible   42      406302.665          -      -  24.1  440s
 1217627  2233  postponed   46      406302.665          -      -  24.0  445s
 1230630  2222 infeasible   49      406302.665          -      -  23.9  450s
 1242824  2160  postponed   36      406302.665          -      -  23.9  455s
 1256472  2215  postponed   41      406302.665          -      -  23.9  460s
 1270966  2054  postponed   49      406302.665          -      -  23.8  465s
 1284116  1989 infeasible   40      406302.665          -      -  23.8  470s
 1295583  1892  postponed   45      406302.665          -      -  23.8  475s
 1308149  2037  postponed   45      406302.665          -      -  23.8  480s
 1320585  2231 infeasible   45      406302.665          -      -  23.8  485s
 1332758  2251  postponed   45      406302.665          -      -  23.8  490s
 1344273  2328 infeasible   46      406302.665          -      -  23.8  495s
 1354633  2247  postponed   37      406302.665          -      -  23.8  500s
 1364442  2233 infeasible   45      406302.665          -      -  23.8  505s
 1375009  2217  postponed   43      406302.665          -      -  23.9  510s
 1385418  2207 infeasible   39      406302.665          -      -  23.9  515s
 1395732  2176  postponed   44      406302.665          -      -  24.0  520s
 1406867  2121 infeasible   46      406302.665          -      -  24.0  525s
 1417805  2083 infeasible   46      406302.665          -      -  24.0  530s
 1429848  2000  postponed   45      406302.665          -      -  24.0  535s
 1441596  1835  postponed   37      406302.665          -      -  24.0  540s
 1454898  1961 infeasible   43      406302.665          -      -  24.0  545s
 1466458  2028  postponed   32      406302.665          -      -  23.9  550s
 1476982  2051 infeasible   36      406302.665          -      -  23.9  555s
 1487906  1988 infeasible   44      406302.665          -      -  24.0  560s
 1499048  2070 infeasible   43      406302.665          -      -  24.0  565s
 1511585  2081  postponed   36      406302.665          -      -  24.0  570s
 1523713  1962  postponed   44      406302.665          -      -  24.0  575s
 1533898  1923  postponed   38      406302.665          -      -  24.0  580s
 1545910  1845  postponed   41      406302.665          -      -  24.0  585s
 1557176  1940  postponed   35      406302.665          -      -  24.0  590s
 1569036  1931  postponed   45      406302.665          -      -  24.0  595s
 1580827  1963 infeasible   49      406302.665          -      -  24.1  600s

Explored 1580883 nodes (38040147 simplex iterations) in 600.00 seconds (122.36 work units)
Thread count was 8 (of 8 available processors)

Solution count 10: 406303 406300 406046 ... 395363

Time limit reached
Best objective 4.063026645851e+05, best bound -, gap -

User-callback calls 3164997, time in user-callback 32.91 sec
