
Gurobi 9.5.2 (win64) logging started Thu Apr  6 03:23:09 2023

Set parameter LogFile to value "2023-04-05_23hr-02min-04sec/Nodes100_Arcs7150_LocNodes75/Formulation-2Instance-1.log"
Set parameter TimeLimit to value 1200
Set parameter IntFeasTol to value 1e-09
Set parameter DualReductions to value 0
Set parameter NonConvex to value 2
Gurobi Optimizer version 9.5.2 build v9.5.2rc0 (win64)
Thread count: 4 physical cores, 8 logical processors, using up to 8 threads
Optimize a model with 7426 rows, 14750 columns and 43600 nonzeros
Model fingerprint: 0x876c04f6
Model has 7250 quadratic objective terms
Model has 7250 SOS constraints
Variable types: 14675 continuous, 75 integer (75 binary)
Coefficient statistics:
  Matrix range     [4e-04, 2e+02]
  Objective range  [1e-04, 1e+03]
  QObjective range [9e-04, 8e+00]
  Bounds range     [1e+00, 1e+00]
  RHS range        [1e-04, 7e+03]
Presolve time: 0.04s
Presolved: 7426 rows, 14750 columns, 43600 nonzeros
Presolved model has 7250 SOS constraint(s)
Presolved model has 7250 quadratic objective terms
Variable types: 14675 continuous, 75 integer (75 binary)

Root simplex log...

Iteration    Objective       Primal Inf.    Dual Inf.      Time
   20284    3.0345793e+05   1.518611e+03   0.000000e+00      5s
   22678    3.0195162e+05   0.000000e+00   0.000000e+00      7s

Root relaxation: objective 3.019516e+05, 22678 iterations, 7.14 seconds (8.88 work units)

    Nodes    |    Current Node    |     Objective Bounds      |     Work
 Expl Unexpl |  Obj  Depth IntInf | Incumbent    BestBd   Gap | It/Node Time

     0     0 301951.622    0  430          - 301951.622      -     -    7s
     0     0 301951.025    0  430          - 301951.025      -     -   21s
     0     2 301951.025    0  430          - 301951.025      -     -   60s
    23    28 301559.268    7  467          - 301860.272      -  55.4   65s
    59    66 301344.379   15  497          - 301860.272      -  52.5   71s
    71    78 301318.209   17  501          - 301860.272      -  57.1   75s
   117   126 301236.250   23  523          - 301860.272      -  70.1   88s
   125   139 301231.387   25  528          - 301860.272      -  77.4   91s
   159   172 301189.701   31  534          - 301860.272      -  78.0   97s
   171   184 301187.115   32  534          - 301860.272      -  80.0  102s
   183   202 301181.119   34  533          - 301860.272      -  83.6  106s
   216   234 301174.134   39  531          - 301860.272      -  85.0  110s
   277   290 301158.485   45  532          - 301860.272      -  85.8  121s
   311   337 301126.063   49  524          - 301860.272      -  86.0  128s
   336   354 300446.733   51  523          - 301860.272      -  86.9  134s
   353   374 301133.694   53  524          - 301860.272      -  89.4  138s
   373   401 301132.429   55  535          - 301860.272      -  89.7  143s
   400   434 301058.277   57  571          - 301860.272      -  88.3  148s
   433   460 300900.022   64  535          - 301860.272      -  87.5  156s
   459   495 301088.347   67  531          - 301860.272      -  88.4  163s
   494   527 300301.988   77  538          - 301860.272      -  87.2  169s
   526   563 301047.182   79  524          - 301860.272      -  86.6  173s
   562   599 300899.950   84  565          - 301860.272      -  86.8  179s
   598   625 301036.469   89  524          - 301860.272      -  87.2  184s
   624   657 300780.660   94  536          - 301860.272      -  87.9  190s
   656   694 300715.846   98  533          - 301860.272      -  89.8  196s
   693   727 301007.385  104  523          - 301860.272      -  90.4  201s
   726   774 300998.664  107  526          - 301860.272      -  91.3  209s
   773   831 300991.929  111  523          - 301860.272      -  91.0  217s
   830   870 300955.933  118  537          - 301860.272      -  91.0  224s
   869   905 300573.491  124  560          - 301860.272      -  92.8  231s
   904   935 299644.736  128  615          - 301860.272      -  93.9  237s
   936   980 300944.137  128  536          - 301860.272      -  94.7  243s
   985  1031 300856.127  135  548          - 301860.272      -  97.0  249s
  1036  1075 300907.731  145  526          - 301860.272      -  97.2  255s
  1088  1128 300926.094  149  525          - 301860.272      -  98.5  266s
  1141  1196 300581.376  160  535          - 301860.272      -   101  277s
  1211  1255 300897.065  162  528          - 301860.272      -   102  285s
  1278  1332 300889.497  173  524          - 301860.272      -   103  293s
  1357  1357 300844.366  182  555          - 301860.272      -   104  359s
  1382  1425 300874.739  186  518          - 301860.272      -   104  366s
  1460  1506 300222.688  196  607          - 301860.272      -   106  374s
  1547  1581 300864.137  207  501          - 301860.272      -   108  385s
  1640  1644 299826.586  219  658          - 301860.272      -   110  394s
  1723  1716 299902.681  230  570          - 301860.272      -   112  404s
  1813  1765 300685.701  240  541          - 301860.272      -   113  414s
  1882  1812 300663.915  252  533          - 301860.272      -   116  426s
  1943  1866 300649.584  258  535          - 301860.272      -   120  437s
  2023  1911 300593.839  267  548          - 301860.272      -   124  449s
  2094  1981 300627.596  274  525          - 301860.272      -   128  462s
  2188  2043 300572.935  284  543          - 301860.272      -   131  476s
  2280  2109 300438.283  295  549          - 301860.272      -   134  488s
  2380  2183 298272.174  311  736          - 301860.272      -   138  504s
  2494  2227 299727.419  325  593          - 301860.272      -   141  518s
  2604  2285 299606.579  340  574          - 301860.272      -   144  532s
  2714  2335 infeasible  356               - 301860.272      -   148  546s
  2808  2429 299542.763  366  573          - 301860.272      -   151  561s
  2960  2505 299520.795  384  564          - 301860.272      -   153  577s
  3092  2575 299503.396  401  561          - 301860.272      -   155  593s
  3224  2667 299396.298  416  597          - 301860.272      -   158  616s
  3394  2723 299465.916  437  543          - 301860.272      -   160  633s
  3506  2772 299463.536  449  533          - 301860.272      -   164  654s
  3599  2832 299458.372  462  523          - 301860.272      -   169  673s
  3743  2921 299437.203  477  511          - 301860.272      -   173  693s
  3910  2973 299416.053  491  501          - 301860.272      -   175  713s
  4052  3035 infeasible  512               - 301860.272      -   179  843s
  4166  3113 infeasible  525               - 301860.272      -   180  867s
  4326  3223 299121.320  539  545          - 301860.272      -   184  889s
  4534  3300 299117.503  557  517          - 301860.272      -   186  913s
  4705  3389 infeasible  576               - 301860.272      -   189  939s
  4916  3460 298936.252  596  545          - 301860.272      -   191  967s
  5110  3462 299493.388  404   22          - 301860.272      -   195  993s
  5112  3464 299458.417  434   22          - 301860.272      -   194 1033s
  5113  3467 301827.332   10  429          - 301860.272      -   199 1100s
  5115  3471 301768.619   11  449          - 301850.645      -   199 1121s
  5119  3473 301718.634   12  453          - 301799.652      -   199 1126s
  5127  3479 301355.605   13  442          - 301795.660      -   199 1132s
  5139  3489 301617.943   14  460          - 301774.240      -   198 1137s
  5151  3496 301587.088   16  474          - 301774.240      -   198 1140s
  5171  3512 301467.247   18  485          - 301774.240      -   197 1146s
  5185  3519 301439.320   21  516          - 301774.240      -   197 1153s
  5191  3529 301415.414   22  506          - 301774.240      -   197 1157s
  5203  3539 301390.060   23  504          - 301774.240      -   197 1161s
  5227  3555 301310.993   26  515          - 301774.240      -   196 1172s
  5241  3571 301304.449   28  506          - 301774.240      -   196 1178s
  5261  3573 300962.108   31  486          - 301774.240      -   195 1183s
  5270  3588 301252.148   31  510          - 301774.240      -   195 1188s
  5288  3603 301221.083   33  532          - 301774.240      -   195 1192s
  5309  3626 301085.176   36  543          - 301774.240      -   194 1197s
  5339  3636 301190.351   39  530          - 301774.240      -   193 1200s

Explored 5359 nodes (1056802 simplex iterations) in 1200.16 seconds (2329.84 work units)
Thread count was 8 (of 8 available processors)

Solution count 0

Time limit reached
Best objective -, best bound 3.017742395163e+05, gap -

User-callback calls 28522, time in user-callback 0.33 sec
