
Gurobi 9.5.2 (win64) logging started Thu Apr  6 00:20:21 2023

Set parameter LogFile to value "2023-04-05_23hr-02min-04sec/Nodes100_Arcs2920_LocNodes75/Formulation-2Instance-1.log"
Set parameter TimeLimit to value 1200
Set parameter IntFeasTol to value 1e-09
Set parameter DualReductions to value 0
Set parameter NonConvex to value 2
Gurobi Optimizer version 9.5.2 build v9.5.2rc0 (win64)
Thread count: 4 physical cores, 8 logical processors, using up to 8 threads
Optimize a model with 3196 rows, 6290 columns and 18220 nonzeros
Model fingerprint: 0xe7ec58c1
Model has 3020 quadratic objective terms
Model has 3020 SOS constraints
Variable types: 6215 continuous, 75 integer (75 binary)
Coefficient statistics:
  Matrix range     [4e-04, 2e+02]
  Objective range  [1e-03, 1e+03]
  QObjective range [9e-04, 8e+00]
  Bounds range     [1e+00, 1e+00]
  RHS range        [1e-03, 7e+03]
Presolve time: 0.01s
Presolved: 3196 rows, 6290 columns, 18220 nonzeros
Presolved model has 3020 SOS constraint(s)
Presolved model has 3020 quadratic objective terms
Variable types: 6215 continuous, 75 integer (75 binary)

Root relaxation: objective 3.646792e+05, 9572 iterations, 1.00 seconds (1.55 work units)

    Nodes    |    Current Node    |     Objective Bounds      |     Work
 Expl Unexpl |  Obj  Depth IntInf | Incumbent    BestBd   Gap | It/Node Time

     0     0 364679.169    0  198          - 364679.169      -     -    1s
H    0     0                    352100.54777 364669.902  3.57%     -    5s
     0     0 364669.902    0  198 352100.548 364669.902  3.57%     -    5s
H    0     2                    353598.91257 364669.902  3.13%     -   18s
     0     2 364669.902    0  198 353598.913 364669.902  3.13%     -   18s
    23    28 364036.862    5  191 353598.913 364412.410  3.06%  20.2   20s
H   57    60                    356495.44799 364412.410  2.22%  24.4   25s
H   64    69                    358015.20314 364412.410  1.79%  23.8   27s
   105   115 363446.926   20  195 358015.203 364412.410  1.79%  26.0   30s
H  149   152                    361154.33901 364412.410  0.90%  31.0   34s
   151   160 363194.166   30  194 361154.339 364412.410  0.90%  31.2   35s
H  229   230                    362364.12976 364412.410  0.57%  33.9   40s
   274   253 363443.514   43  191 362364.130 364412.410  0.57%  34.2   46s
   315   278 363361.738   51  196 362364.130 364412.410  0.57%  33.6   50s
H  325   292                    362373.81509 364412.410  0.56%  34.1   52s
   348   323 362774.858   55  179 362373.815 364412.410  0.56%  34.9   56s
   424   382 362999.424   66  169 362373.815 364412.410  0.56%  35.6   60s
   443   382 363632.397   65  195 362373.815 364412.410  0.56%  35.8   65s
   486   434 362979.137   75  161 362373.815 364412.410  0.56%  36.2   71s
   519   455 362976.115   78  159 362373.815 364412.410  0.56%  36.4   77s
   531   455 362809.081   83  198 362373.815 364412.410  0.56%  36.3   80s
H  541   391                    362777.79702 364412.410  0.45%  36.5   84s
   552   418 362955.034   85  158 362777.797 364412.410  0.45%  36.7   85s
   721   488 362823.856  112  146 362777.797 364412.410  0.45%  34.2   91s
H  760   480                    362816.72768 364412.410  0.44%  33.6   95s
   779   499 362883.096  119  138 362816.728 364412.410  0.44%  33.6  100s
   848   526     cutoff  132      362816.728 364412.410  0.44%  32.7  105s
   978   566 363185.883  125  143 362816.728 364405.231  0.44%  31.6  113s
  1017   604     cutoff  120      362816.728 364405.231  0.44%  31.6  120s
  1058   634 363773.105   31  204 362816.728 364405.231  0.44%  31.2  125s
H 1182   320                    363309.18885 364405.231  0.30%  31.0  152s
  1278   378     cutoff   60      363309.189 364405.231  0.30%  30.3  157s
  1313   378 363621.265   20  199 363309.189 364405.231  0.30%  30.0  161s
  1431   466 363600.384   81  179 363309.189 364405.231  0.30%  29.0  179s
  1456   466 363456.242   39  192 363309.189 364405.231  0.30%  28.8  181s
H 1508   383                    363415.71756 364405.231  0.27%  28.4  187s
  1555   440 363589.822   94  170 363415.718 364405.231  0.27%  28.0  191s
H 1569   393                    363467.14645 364405.231  0.26%  27.9  194s
  1631   393     cutoff   43      363467.146 364405.231  0.26%  27.3  204s
  1717   449 363516.061  112  157 363467.146 364405.231  0.26%  26.6  214s
  1853   511 363519.765  127  141 363467.146 364405.231  0.26%  25.7  222s
  2007   565 363484.057  150  126 363467.146 364405.231  0.26%  24.8  232s
  2142   566 363640.467   41   27 363467.146 364405.231  0.26%  24.3  245s
  2144   567 363743.756    7  322 363467.146 364405.231  0.26%  24.3  262s
  2147   569 363497.927  131  162 363467.146 364405.231  0.26%  24.2  398s
  2148   571 364262.924   10  341 363467.146 364405.231  0.26%  28.4  404s
  2150   572 364260.450   11  300 363467.146 364405.231  0.26%  28.4  412s
  2200   610 363980.080   16  322 363467.146 364405.231  0.26%  28.4  416s
  2219   612 363699.216   19  306 363467.146 364405.231  0.26%  28.4  421s
  2324   650 364300.876   16  327 363467.146 364405.231  0.26%  28.2  427s
  2342   658 363720.609   27  322 363467.146 364405.231  0.26%  28.1  432s
  2411   689     cutoff   31      363467.146 364405.231  0.26%  27.8  435s
  2453   700 363676.730   36  326 363467.146 364405.231  0.26%  27.6  446s
  2565   698 364094.101   20  325 363467.146 364352.531  0.24%  27.1  453s
  2601   704 363724.116   51  343 363467.146 364352.531  0.24%  27.0  456s
  2687   737     cutoff   29      363467.146 364322.680  0.24%  26.7  461s
  2732   745 364022.767   18  341 363467.146 364322.680  0.24%  26.5  465s
  2794   744 363490.538   54  342 363467.146 364322.680  0.24%  26.2  473s
  2817   763 363691.062   26  341 363467.146 364322.680  0.24%  26.1  475s
  2907   773 363491.869   37  345 363467.146 364294.252  0.23%  25.9  480s
  3012   768 363752.220   24  322 363467.146 364294.252  0.23%  25.5  487s
  3067   815     cutoff   32      363467.146 364198.024  0.20%  25.4  499s
  3123   824 363946.820   19  336 363467.146 364198.024  0.20%  25.3  504s
  3151   815 363635.341   85  327 363467.146 364198.024  0.20%  25.2  507s
  3176   814 363704.714   27  329 363467.146 364198.024  0.20%  25.1  589s
  3184   817     cutoff   28      363467.146 364198.024  0.20%  25.1  629s
  3195   839 363679.409   29  330 363467.146 364198.024  0.20%  25.0  631s
  3262   845 363498.101   35  330 363467.146 364194.167  0.20%  24.9  635s
  3337   872 363852.616   19  327 363467.146 364185.560  0.20%  24.7  642s
  3377   858     cutoff   94      363467.146 364185.560  0.20%  24.6  650s
  3451   860     cutoff   96      363467.146 364140.021  0.19%  24.5  657s
  3519   888     cutoff   26      363467.146 364140.021  0.19%  24.3  662s
  3586   873 363701.221   32  335 363467.146 364140.021  0.19%  24.1  675s
  3688   926 363524.375   46  356 363467.146 364122.193  0.18%  23.8  686s
  3783   894 363531.559   28  316 363467.146 364122.193  0.18%  23.7  695s
  3887   951 363601.631   35  338 363467.146 364122.193  0.18%  23.4  702s
  3992   995 363689.042   25  328 363467.146 364122.193  0.18%  23.2  707s
  4102  1039     cutoff   36      363467.146 364111.283  0.18%  23.0  716s
  4205  1075     cutoff   28      363467.146 364097.278  0.17%  22.8  722s
  4329  1140 363794.492   25  329 363467.146 364071.679  0.17%  22.6  732s
  4479  1225 363789.854   26  335 363467.146 364057.646  0.16%  22.3  740s
  4522  1225 363956.547   19  331 363467.146 364057.646  0.16%  22.2  749s
  4645  1305     cutoff   46      363467.146 364057.481  0.16%  22.0  754s
  4755  1305 363766.626   21  331 363467.146 364057.481  0.16%  21.9  758s
  4783  1385 363532.508   37  333 363467.146 364044.076  0.16%  21.9  761s
  4827  1385 363519.399   39  342 363467.146 364044.076  0.16%  21.9  766s
  4931  1457 363718.592   25  332 363467.146 364044.076  0.16%  21.7  774s
  4981  1457     cutoff   45      363467.146 364044.076  0.16%  21.6  776s
  5128  1535 363482.603   39  350 363467.146 364040.990  0.16%  21.4  788s
  5322  1623 363531.351   43  341 363467.146 364032.286  0.16%  21.2  801s
  5535  1723 363499.031   43  350 363467.146 364025.582  0.15%  21.0  822s
  5765  1795 363812.254   24  332 363467.146 364023.347  0.15%  20.7  835s
  5828  1795 363799.816   24  328 363467.146 364015.614  0.15%  20.6  845s
  6004  1869     cutoff   27      363467.146 364011.310  0.15%  20.3  857s
  6126  1869 363526.092   23  350 363467.146 364007.731  0.15%  20.2  861s
  6253  1992     cutoff   26      363467.146 364006.134  0.15%  20.0  868s
  6356  1992 363544.745   35  316 363467.146 364002.606  0.15%  20.0  877s
  6470  2057     cutoff   22      363467.146 363998.953  0.15%  19.9  888s
  6718  2119     cutoff   37      363467.146 363997.935  0.15%  19.6  907s
  6855  2119 363613.702   25  348 363467.146 363994.603  0.15%  19.5  927s
  6982  2232 363844.654   21  318 363467.146 363992.969  0.14%  19.3  938s
  7063  2232 363583.816   31  326 363467.146 363992.969  0.14%  19.3  946s
  7081  2232 363686.539   26  326 363467.146 363992.969  0.14%  19.3  951s
  7257  2291     cutoff   29      363467.146 363985.341  0.14%  19.1  963s
  7311  2291 363838.078   22  342 363467.146 363982.851  0.14%  19.1  968s
  7386  2413     cutoff   29      363467.146 363977.672  0.14%  19.1  974s
  7465  2413 363706.753   25  322 363467.146 363977.672  0.14%  19.0  979s
  7490  2413 363584.920   33  311 363467.146 363977.672  0.14%  19.0  984s
  7682  2576 363858.064   20  337 363467.146 363977.351  0.14%  18.9 1001s
  7730  2576     cutoff   50      363467.146 363977.351  0.14%  18.9 1005s
  8043  2749 363847.791   33  319 363467.146 363977.351  0.14%  18.6 1018s
  8386  2864 363490.451   65  349 363467.146 363970.923  0.14%  18.4 1049s
  8453  2864 363556.040   95  313 363467.146 363970.923  0.14%  18.3 1054s
  8734  2945     cutoff   53      363467.146 363961.912  0.14%  18.2 1063s
H 8775  2921                    363476.39385 363961.912  0.13%  18.1 1067s
  8854  2921     cutoff   46      363476.394 363961.912  0.13%  18.1 1070s
  8998  3069     cutoff   30      363476.394 363956.076  0.13%  18.0 1078s
  9069  3069 363476.813  135  296 363476.394 363955.854  0.13%  17.9 1087s
  9202  3069 363725.559   25  321 363476.394 363954.158  0.13%  17.9 1099s
  9420  3221 363641.316   31  313 363476.394 363950.057  0.13%  17.8 1118s
  9526  3221     cutoff   40      363476.394 363948.138  0.13%  17.7 1122s
  9566  3221 363639.836   31  344 363476.394 363948.138  0.13%  17.7 1128s
  9827  3430 363840.865   21  337 363476.394 363946.061  0.13%  17.5 1145s
 10132  3430 363667.152   38  325 363476.394 363943.807  0.13%  17.4 1158s
 10318  3677     cutoff   27      363476.394 363936.954  0.13%  17.3 1170s
 10447  3677 363916.519   24  320 363476.394 363936.625  0.13%  17.2 1177s
 10813  3677 363489.074   54  349 363476.394 363932.782  0.13%  17.0 1199s

Explored 10865 nodes (194634 simplex iterations) in 1203.87 seconds (234.61 work units)
Thread count was 8 (of 8 available processors)

Solution count 10: 363476 363467 363416 ... 358015

Time limit reached
Best objective 3.634763938523e+05, best bound 3.639327823527e+05, gap 0.1256%

User-callback calls 34705, time in user-callback 773.56 sec
