
Gurobi 9.5.2 (win64) logging started Wed Apr  5 23:02:12 2023

Set parameter LogFile to value "2023-04-05_23hr-02min-04sec/Nodes100_Arcs570_LocNodes75/Formulation-2Instance-1.log"
Set parameter TimeLimit to value 1200
Set parameter IntFeasTol to value 1e-09
Set parameter DualReductions to value 0
Set parameter NonConvex to value 2
Gurobi Optimizer version 9.5.2 build v9.5.2rc0 (win64)
Thread count: 4 physical cores, 8 logical processors, using up to 8 threads
Optimize a model with 846 rows, 1590 columns and 4120 nonzeros
Model fingerprint: 0xf06a3b94
Model has 670 quadratic objective terms
Model has 670 SOS constraints
Variable types: 1515 continuous, 75 integer (75 binary)
Coefficient statistics:
  Matrix range     [4e-04, 2e+02]
  Objective range  [1e-02, 1e+03]
  QObjective range [9e-04, 8e+00]
  Bounds range     [1e+00, 1e+00]
  RHS range        [1e-02, 7e+03]
Presolve time: 0.00s
Presolved: 846 rows, 1590 columns, 4120 nonzeros
Presolved model has 670 SOS constraint(s)
Presolved model has 670 quadratic objective terms
Variable types: 1515 continuous, 75 integer (75 binary)

Root relaxation: objective 6.533149e+05, 2429 iterations, 0.09 seconds (0.12 work units)

    Nodes    |    Current Node    |     Objective Bounds      |     Work
 Expl Unexpl |  Obj  Depth IntInf | Incumbent    BestBd   Gap | It/Node Time

     0     0 653314.919    0   68          - 653314.919      -     -    0s
H    0     0                    631854.24719 653314.919  3.40%     -    0s
     0     0 653314.919    0   68 631854.247 653314.919  3.40%     -    0s
H    0     2                    633386.12418 653314.919  3.15%     -    1s
     0     2 653314.919    0   68 633386.124 653314.919  3.15%     -    1s
H   75    41                    638859.17700 652161.372  2.08%  18.1    2s
H  173   127                    640276.56270 652161.372  1.86%  16.9    3s
H  261   203                    649360.67719 652161.372  0.43%  15.3    3s
   386   243 650525.888   62   26 649360.677 652161.372  0.43%  12.8    5s
H  530   235                    649436.00301 652161.372  0.42%  10.8    5s
*  587   236              91    650307.43965 652161.372  0.29%  10.3    6s
   917   217     cutoff   31      650307.440 651367.250  0.16%   8.4   10s
  1575   369 650335.001   31   46 650307.440 650982.020  0.10%   6.8   15s
H 1727   348                    650368.63362 650960.485  0.09%   6.6   18s
* 1733   347              86    650371.47143 650960.485  0.09%   6.6   18s
  1833   376 650422.582   40   42 650371.471 650898.848  0.08%   6.5   20s
  2590   553     cutoff   48      650371.471 650784.655  0.06%   5.8   26s
H 3170   559                    650423.31869 650726.914  0.05%   5.4   32s
  3176   558 650630.414   28   86 650423.319 650726.914  0.05%   5.4   36s
  3186   567 650643.905   39  223 650423.319 650726.914  0.05%   7.1   40s
H 3273   552                    650423.31882 650726.914  0.05%   8.5   44s
H 3274   524                    650423.31923 650726.914  0.05%   8.5   44s
  3347   525 650726.914   73  137 650423.319 650726.914  0.05%   8.5   45s
  3651   536 650618.966   86  132 650423.319 650726.914  0.05%   8.3   50s
  4066   505 650633.648   64  149 650423.319 650726.914  0.05%   8.0   55s
H 4129   462                    650436.06994 650726.914  0.04%   8.0   55s
  4580   391 650586.251   85  130 650436.070 650726.914  0.04%   7.8   60s
  4967   453 650555.904   84  127 650436.070 650696.489  0.04%   7.6   65s
  5418   486     cutoff  107      650436.070 650650.825  0.03%   7.3   70s
H 5907   412                    650466.69938 650590.024  0.02%   7.1   75s

Explored 6564 nodes (47173 simplex iterations) in 80.30 seconds (16.98 work units)
Thread count was 8 (of 8 available processors)

Solution count 10: 650467 650436 650423 ... 638859

Optimal solution found (tolerance 1.00e-04)
Best objective 6.504666993797e+05, best bound 6.505084068753e+05, gap 0.0064%

User-callback calls 15686, time in user-callback 54.79 sec
