
Gurobi 9.5.2 (win64) logging started Wed Apr  5 23:59:43 2023

Set parameter LogFile to value "2023-04-05_23hr-02min-04sec/Nodes100_Arcs2450_LocNodes75/Formulation-2Instance-1.log"
Set parameter TimeLimit to value 1200
Set parameter IntFeasTol to value 1e-09
Set parameter DualReductions to value 0
Set parameter NonConvex to value 2
Gurobi Optimizer version 9.5.2 build v9.5.2rc0 (win64)
Thread count: 4 physical cores, 8 logical processors, using up to 8 threads
Optimize a model with 2726 rows, 5350 columns and 15400 nonzeros
Model fingerprint: 0xd85c1cdf
Model has 2550 quadratic objective terms
Model has 2550 SOS constraints
Variable types: 5275 continuous, 75 integer (75 binary)
Coefficient statistics:
  Matrix range     [4e-04, 2e+02]
  Objective range  [1e-03, 1e+03]
  QObjective range [9e-04, 8e+00]
  Bounds range     [1e+00, 1e+00]
  RHS range        [1e-03, 7e+03]
Presolve time: 0.02s
Presolved: 2726 rows, 5350 columns, 15400 nonzeros
Presolved model has 2550 SOS constraint(s)
Presolved model has 2550 quadratic objective terms
Variable types: 5275 continuous, 75 integer (75 binary)

Root relaxation: objective 3.907648e+05, 7773 iterations, 1.48 seconds (1.26 work units)

    Nodes    |    Current Node    |     Objective Bounds      |     Work
 Expl Unexpl |  Obj  Depth IntInf | Incumbent    BestBd   Gap | It/Node Time

     0     0 390764.842    0  171          - 390764.842      -     -    1s
H    0     0                    377805.81945 390757.374  3.43%     -    6s
     0     0 390757.374    0  171 377805.819 390757.374  3.43%     -    6s
H    0     2                    380668.18254 390757.374  2.65%     -   16s
     0     2 390757.374    0  171 380668.183 390757.374  2.65%     -   16s
    47    56 389683.573   12  175 380668.183 390606.393  2.61%  17.6   20s
H   57    63                    383942.60387 390606.393  1.74%  17.1   21s
H   64    70                    384550.53334 390606.393  1.57%  19.0   25s
H  149   156                    388878.58036 390606.393  0.44%  28.5   31s
   238   235 389300.607   40  156 388878.580 390606.393  0.44%  28.1   35s
H  272   235                    389298.59442 390606.393  0.34%  27.8   38s
   323   244 390262.851    6  160 389298.594 390522.701  0.31%  26.7   41s
   361   231 389909.476   17  157 389298.594 390522.701  0.31%  25.1   45s
   473   272 389743.723   35  149 389298.594 390522.701  0.31%  23.6   51s
   512   296 389714.908   40  156 389298.594 390522.701  0.31%  23.1   55s
H  541   285                    389339.77075 390522.701  0.30%  22.5   57s
   605   321 389687.010   52  146 389339.771 390522.701  0.30%  21.8   66s
H  735   350                    389358.87047 390522.701  0.30%  20.7   71s
H  845   255                    389493.08097 390522.701  0.26%  19.8   78s
   873   281 389616.581   82  120 389493.081 390522.701  0.26%  19.4   81s
H  915   254                    389643.81203 390522.701  0.23%  19.2   82s
  1023   241 389795.230   21  167 389643.812 390414.960  0.20%  18.3   85s
H 1089   241                    389643.83389 390414.960  0.20%  17.7   93s
  1195   315 389884.066   14  172 389643.834 390355.336  0.18%  16.8   96s
  1383   381 389686.820   27  172 389643.834 390295.325  0.17%  15.7  103s
H 1449   381                    389643.87136 390287.624  0.17%  15.4  111s
H 1559   416                    389643.87267 390285.708  0.16%  14.8  120s
H 1645   455                    389643.87301 390281.277  0.16%  14.5  127s
  1690   499 389749.629   17  181 389643.873 390261.143  0.16%  14.5  131s
  1745   499 389865.224   11  192 389643.873 390261.143  0.16%  14.2  137s
  1798   536     cutoff   10      389643.873 390243.508  0.15%  14.1  145s
  2035   612 389683.477   29  168 389643.873 390216.980  0.15%  13.7  154s
  2109   612 389968.712   10  164 389643.873 390195.357  0.14%  13.7  156s
  2135   613 389923.716   18   27 389643.873 390195.357  0.14%  13.7  164s
  2137   614 389644.998  182  292 389643.873 390195.357  0.14%  13.7  179s
  2140   616 389996.893    7  118 389643.873 390195.357  0.14%  13.6  284s
  2141   618 390195.357   14  271 389643.873 390195.357  0.14%  17.3  287s
  2143   619 390195.357   15  257 389643.873 390195.357  0.14%  17.3  294s
  2175   645 390195.357   19  276 389643.873 390195.357  0.14%  17.4  296s
  2238   668 390163.145   22  253 389643.873 390195.357  0.14%  17.4  300s
  2310   697 389739.752   27  270 389643.873 390195.357  0.14%  17.3  305s
  2444   718     cutoff   25      389643.873 390195.357  0.14%  17.1  312s
  2476   730 389883.453   25  273 389643.873 390195.357  0.14%  17.0  316s
  2578   737     cutoff   32      389643.873 390195.357  0.14%  16.9  323s
  2596   731 389819.205   52  241 389643.873 390195.357  0.14%  16.8  326s
  2721   755 389803.353   32  255 389643.873 390195.357  0.14%  16.7  333s
  2758   750 389744.237   28  249 389643.873 390195.357  0.14%  16.6  336s
  2815   770 389936.531   29  275 389643.873 390195.357  0.14%  16.5  340s
  2911   785 389730.095   34  273 389643.873 390195.357  0.14%  16.4  346s
  2954   771 389725.920   30  264 389643.873 390195.357  0.14%  16.3  355s
  3068   807 389790.292   34  242 389643.873 390195.357  0.14%  16.2  360s
  3127   796 389722.725   39  241 389643.873 390195.357  0.14%  16.1  366s
  3256   815 389747.301   30  268 389643.873 390195.357  0.14%  16.0  376s
  3320   825 389712.479   34  263 389643.873 390192.011  0.14%  15.9  381s
  3394   821     cutoff   28      389643.873 390192.011  0.14%  15.8  386s
  3521   801 389860.648   29  264 389643.873 390147.462  0.13%  15.6  392s
  3593   811 389991.809   24  272 389643.873 390147.462  0.13%  15.6  399s
  3612   828 389726.241   28  262 389643.873 390147.462  0.13%  15.6  401s
  3698   814 389827.498   33  249 389643.873 390147.462  0.13%  15.5  407s
  3773   824 389678.882   37  256 389643.873 390147.462  0.13%  15.4  412s
  3785   820 389945.175   29  256 389643.873 390147.462  0.13%  15.4  417s
  3855   814     cutoff   42      389643.873 390147.462  0.13%  15.4  422s
  3959   799 389666.537   49  246 389643.873 390130.616  0.12%  15.2  431s
  4047   819 390022.166   22  260 389643.873 390122.299  0.12%  15.2  437s
  4117   819 389707.071   29  261 389643.873 390122.299  0.12%  15.1  444s
  4232   856 389729.805   34  249 389643.873 390108.495  0.12%  15.0  447s
  4352   895 389766.431   22  275 389643.873 390098.198  0.12%  14.8  452s
  4489   943     cutoff   34      389643.873 390085.676  0.11%  14.6  460s
  4637   982 389857.083   26  270 389643.873 390079.754  0.11%  14.5  469s
  4777  1041 389712.964   31  268 389643.873 390079.754  0.11%  14.4  475s
  4938  1078     cutoff   35      389643.873 390072.115  0.11%  14.3  486s
  5110  1170 389864.741   23  256 389643.873 390058.157  0.11%  14.1  491s
  5299  1241 389703.385   35  279 389643.873 390054.305  0.11%  13.9  503s
  5493  1319     cutoff   30      389643.873 390042.372  0.10%  13.8  513s
  5703  1362 389692.078   35  263 389643.873 390034.787  0.10%  13.7  521s
  5914  1435 389953.920   28  268 389643.873 390026.585  0.10%  13.7  538s
  6032  1435 389707.404   36  275 389643.873 390024.112  0.10%  13.6  543s
  6146  1487     cutoff   28      389643.873 390023.457  0.10%  13.6  547s
  6387  1560     cutoff   46      389643.873 390016.884  0.10%  13.5  564s
  6425  1560 389748.949   37  278 389643.873 390016.789  0.10%  13.5  566s
  6689  1649 389729.255   35  251 389643.873 390012.548  0.09%  13.3  576s
  6824  1649 389681.341   31  254 389643.873 390009.814  0.09%  13.3  583s
  7009  1746 389743.429   34  250 389643.873 390001.125  0.09%  13.2  590s
  7324  1835 389648.659   32  277 389643.873 389989.869  0.09%  13.1  614s
  7666  1870 389730.388   36  275 389643.873 389983.113  0.09%  13.0  636s
  7687  1870 389785.601   20  279 389643.873 389981.821  0.09%  13.0  641s
  7828  1972 389688.239   35  265 389643.873 389978.678  0.09%  12.9  646s
  8231  1977     cutoff   29      389643.873 389967.271  0.08%  12.8  688s
  8419  2088 389661.215   53  238 389643.873 389963.161  0.08%  12.8  696s
  8699  2166     cutoff   80      389643.873 389958.648  0.08%  12.7  706s
  8842  2166 389896.554   20  261 389643.873 389956.703  0.08%  12.6  712s
  9167  2243     cutoff   37      389643.873 389953.504  0.08%  12.6  727s
  9649  2299 389764.189   32  261 389643.873 389944.219  0.08%  12.5  743s
  9833  2299 389725.404   37  264 389643.873 389942.025  0.08%  12.4  752s
 10121  2429 389671.018   38  252 389643.873 389936.263  0.08%  12.4  774s
 10275  2429 389781.069   29  270 389643.873 389934.641  0.07%  12.4  782s
 10686  2491 389762.806   28  258 389643.873 389927.764  0.07%  12.3  801s
 10934  2491 389892.168   31  270 389643.873 389926.699  0.07%  12.2  809s
 11281  2595 389646.706   33  241 389643.873 389922.432  0.07%  12.2  820s
 11717  2595     cutoff   36      389643.873 389918.477  0.07%  12.1  836s
 11853  2671     cutoff   38      389643.873 389909.541  0.07%  12.1  849s
 12206  2671 389891.448   27  256 389643.873 389908.996  0.07%  12.0  858s
 12567  2815 389722.299   39  244 389643.873 389903.419  0.07%  11.9  872s
 13068  2815 389654.081   26  244 389643.873 389901.063  0.07%  11.8  889s
 13112  2815 389653.223   31  254 389643.873 389901.063  0.07%  11.8  894s
 13332  2921     cutoff   36      389643.873 389893.171  0.06%  11.8  913s
 13415  2921 389686.758   35  271 389643.873 389893.171  0.06%  11.7  920s
 14143  3055 389675.419   40  241 389643.873 389885.846  0.06%  11.6  964s
 14432  3055 389676.197   38  255 389643.873 389882.799  0.06%  11.6  972s
 15012  3059 389682.698   49  262 389643.873 389872.614  0.06%  11.6 1072s
 15024  3173 389660.887   50  258 389643.873 389871.989  0.06%  11.6 1077s
 15126  3173 389699.873   62  239 389643.873 389871.989  0.06%  11.5 1084s
 15945  3334 389667.854   68  238 389643.873 389865.537  0.06%  11.4 1126s
 16030  3334 389704.595   34  260 389643.873 389865.537  0.06%  11.4 1134s
 16049  3334 389692.713   44  251 389643.873 389865.537  0.06%  11.4 1140s
 16894  3424 389706.386   34  251 389643.873 389853.883  0.05%  11.2 1191s
 16960  3424 389735.231   45  240 389643.873 389853.883  0.05%  11.2 1199s
 17130  3424     cutoff   44      389643.873 389853.257  0.05%  11.2 1203s

Explored 17861 nodes (207098 simplex iterations) in 1229.78 seconds (182.05 work units)
Thread count was 8 (of 8 available processors)

Solution count 7: 389644 389359 388879 ... 377806

Time limit reached
Best objective 3.896438730124e+05, best bound 3.898451399267e+05, gap 0.0517%

User-callback calls 43588, time in user-callback 890.08 sec
