
Gurobi 9.5.2 (win64) logging started Thu Apr  6 00:40:33 2023

Set parameter LogFile to value "2023-04-05_23hr-02min-04sec/Nodes100_Arcs3390_LocNodes75/Formulation-2Instance-1.log"
Set parameter TimeLimit to value 1200
Set parameter IntFeasTol to value 1e-09
Set parameter DualReductions to value 0
Set parameter NonConvex to value 2
Gurobi Optimizer version 9.5.2 build v9.5.2rc0 (win64)
Thread count: 4 physical cores, 8 logical processors, using up to 8 threads
Optimize a model with 3666 rows, 7230 columns and 21040 nonzeros
Model fingerprint: 0xbd31f751
Model has 3490 quadratic objective terms
Model has 3490 SOS constraints
Variable types: 7155 continuous, 75 integer (75 binary)
Coefficient statistics:
  Matrix range     [4e-04, 2e+02]
  Objective range  [9e-04, 1e+03]
  QObjective range [9e-04, 8e+00]
  Bounds range     [1e+00, 1e+00]
  RHS range        [9e-04, 7e+03]
Presolve time: 0.01s
Presolved: 3666 rows, 7230 columns, 21040 nonzeros
Presolved model has 3490 SOS constraint(s)
Presolved model has 3490 quadratic objective terms
Variable types: 7155 continuous, 75 integer (75 binary)

Root relaxation: objective 3.552777e+05, 10012 iterations, 2.20 seconds (2.37 work units)

    Nodes    |    Current Node    |     Objective Bounds      |     Work
 Expl Unexpl |  Obj  Depth IntInf | Incumbent    BestBd   Gap | It/Node Time

     0     0 355277.690    0  230          - 355277.690      -     -    2s
H    0     0                    336578.61919 355253.776  5.55%     -    9s
     0     0 355253.776    0  230 336578.619 355253.776  5.55%     -    9s
H    0     2                    337756.22992 355253.776  5.18%     -   23s
     0     2 355253.776    0  230 337756.230 355253.776  5.18%     -   23s
H   23    28                    344244.09281 355114.896  3.16%  21.7   27s
H   27    32                    346517.40738 355114.896  2.48%  21.7   28s
H   57    63                    348286.35757 355114.896  1.96%  23.6   31s
H   64    71                    349160.82936 355114.896  1.71%  23.6   34s
   106   113 353338.634   23  273 349160.829 355114.896  1.71%  23.9   36s
   135   150 354031.342   29  242 349160.829 355114.896  1.71%  33.1   41s
H  149   158                    352545.46746 355114.896  0.73%  37.8   45s
   207   214 353965.150   37  241 352545.467 355114.896  0.73%  43.0   50s
H  232   229                    353320.28364 355114.896  0.51%  42.4   54s
H  235   229                    353749.38280 355114.896  0.39%  42.3   56s
H  279   234                    353948.73379 355114.896  0.33%  40.9   63s
   320   236     cutoff   49      353948.734 355101.039  0.33%  38.5   66s
H  362   242                    354212.30319 355101.039  0.25%  36.5   72s
   423   240 354307.067   28  236 354212.303 355101.039  0.25%  34.6   76s
   483   254     cutoff   68      354212.303 355101.039  0.25%  32.7   83s
   500   243     cutoff   41      354212.303 355101.039  0.25%  32.5   86s
   582   253 354229.323   22  233 354212.303 355101.039  0.25%  29.4   94s
   621   276 354216.161   59  203 354212.303 355033.993  0.23%  28.7  105s
   839   392     cutoff   11      354212.303 354951.267  0.21%  26.6  119s
   852   392 354498.853    9  214 354212.303 354951.267  0.21%  26.4  123s
   862   392 354311.926  113  154 354212.303 354951.267  0.21%  26.5  126s
   949   435 354303.298   18  252 354212.303 354911.131  0.20%  25.9  132s
  1061   486 354720.940    7  249 354212.303 354910.521  0.20%  25.2  142s
  1079   487 354295.943   31   28 354212.303 354910.521  0.20%  25.2  149s
  1081   488 354337.804   22  337 354212.303 354910.521  0.20%  25.1  181s
H 1083   465                    354226.93217 354910.521  0.19%  25.1  349s
  1085   469 354901.366   11  393 354226.932 354910.521  0.19%  34.6  350s
  1170   522 354519.495   23  384 354226.932 354910.521  0.19%  34.0  356s
  1237   542 354512.211   21  393 354226.932 354910.521  0.19%  33.4  361s
  1249   557 354458.232   22  386 354226.932 354910.521  0.19%  33.3  365s
  1282   556 354470.325   26  381 354226.932 354910.521  0.19%  32.8  390s
  1318   579 354257.794   36  379 354226.932 354910.521  0.19%  32.5  399s
  1341   590 354910.521   15  380 354226.932 354910.521  0.19%  32.1  404s
  1351   586 354290.859   39  377 354226.932 354910.521  0.19%  32.1  406s
  1399   592 354414.948   30  370 354226.932 354910.521  0.19%  31.7  412s
  1406   599 354857.141   17  377 354226.932 354910.521  0.19%  31.6  415s
  1430   601 354616.487   21  377 354226.932 354910.521  0.19%  31.4  420s
  1482   612     cutoff   57      354226.932 354910.521  0.19%  31.2  426s
  1545   615 354278.004   24  386 354226.932 354910.521  0.19%  30.5  434s
  1586   623 354408.765   25  401 354226.932 354910.521  0.19%  30.1  439s
  1598   619 354297.572   65  355 354226.932 354910.521  0.19%  30.1  444s
  1608   627 354407.455   22  394 354226.932 354910.521  0.19%  30.0  445s
  1651   633     cutoff   24      354226.932 354910.521  0.19%  29.6  455s
H 1677   611                    354242.34500 354910.521  0.19%  29.5  460s
H 1715   608                    354242.35811 354910.521  0.19%  29.2  466s
  1822   609     cutoff   26      354242.358 354910.521  0.19%  28.3  470s
  1904   594     cutoff   99      354242.358 354910.521  0.19%  27.5  476s
  1980   606     cutoff   32      354242.358 354910.521  0.19%  27.2  483s
  2037   623 354528.551   23  402 354242.358 354910.521  0.19%  26.8  488s
  2086   621 354284.564   38  392 354242.358 354910.521  0.19%  26.7  491s
  2191   642 354371.666   23  376 354242.358 354896.735  0.18%  26.3  498s
  2240   647     cutoff   27      354242.358 354848.903  0.17%  26.1  503s
  2299   649 354568.701   24  389 354242.358 354848.903  0.17%  25.9  506s
  2372   652 354425.060   35  385 354242.358 354848.903  0.17%  25.5  510s
  2454   654 354260.338   49  399 354242.358 354837.146  0.17%  25.1  518s
  2540   645 354574.545   19  405 354242.358 354826.694  0.16%  24.7  528s
  2544   677 354429.229   23  368 354242.358 354826.694  0.16%  24.7  530s
  2617   700     cutoff   27      354242.358 354823.563  0.16%  24.4  535s
  2707   727 354576.192   18  393 354242.358 354816.960  0.16%  23.9  547s
  2801   731 354680.808   17  390 354242.358 354799.495  0.16%  23.7  629s
H 2802   730                    354243.01477 354799.495  0.16%  23.7  629s
  2805   734 354711.530   16  389 354243.015 354799.495  0.16%  23.7  630s
  2904   824     cutoff   32      354243.015 354792.249  0.16%  23.5  637s
  2925   824 354530.085   21  400 354243.015 354792.249  0.16%  23.5  645s
  3034   869 354301.847   30  382 354243.015 354786.991  0.15%  23.3  653s
  3099   937 354272.843   33  389 354243.015 354777.830  0.15%  23.1  657s
  3223   998 354596.684   20  370 354243.015 354769.095  0.15%  22.8  674s
  3336  1040 354365.884   24  381 354243.015 354759.676  0.15%  22.7  688s
  3366  1040 354667.327   23  376 354243.015 354759.676  0.15%  22.6  690s
  3462  1099     cutoff   33      354243.015 354747.637  0.14%  22.4  695s
  3487  1099 354480.382   31  399 354243.015 354747.637  0.14%  22.4  701s
  3606  1157 354669.674   20  393 354243.015 354736.522  0.14%  22.1  721s
  3710  1157 354309.061   26  389 354243.015 354736.176  0.14%  21.9  729s
  3752  1209 354264.235   22  391 354243.015 354733.041  0.14%  21.9  734s
  3826  1209 354257.571   32  399 354243.015 354733.041  0.14%  21.8  742s
  3888  1203 354410.473   27  391 354243.015 354733.041  0.14%  21.7  756s
  4021  1342 354362.411   25  397 354243.015 354721.984  0.14%  21.8  775s
  4162  1342 354528.348   28  392 354243.015 354721.984  0.14%  21.6  782s
  4179  1408 354252.284   28  399 354243.015 354721.984  0.14%  21.6  785s
  4351  1462 354330.902   26  393 354243.015 354713.587  0.13%  21.4  799s
  4386  1462 354328.154   21  386 354243.015 354713.587  0.13%  21.3  806s
  4514  1529 354447.096   19  371 354243.015 354700.087  0.13%  21.2  814s
H 4605  1510                    354248.47456 354699.961  0.13%  21.1  819s
H 4626  1502                    354250.99770 354699.961  0.13%  21.1  821s
  4681  1601     cutoff   26      354250.998 354697.978  0.13%  21.1  830s
  4825  1601 354306.192  128  310 354250.998 354697.549  0.13%  21.0  838s
  4902  1601     cutoff   32      354250.998 354689.729  0.12%  20.8  849s
  4910  1708 354596.998   18  367 354250.998 354685.579  0.12%  20.8  851s
  5004  1708 354305.777   30  362 354250.998 354683.462  0.12%  20.8  864s
  5128  1778 354330.127   45  395 354250.998 354683.462  0.12%  20.7  874s
  5192  1778 354251.021   36  370 354250.998 354683.462  0.12%  20.6  880s
  5396  1830 354302.150   81  360 354250.998 354683.462  0.12%  20.3  894s
  5475  1830     cutoff   18      354250.998 354683.462  0.12%  20.1  900s
  5697  1921     cutoff  121      354250.998 354682.284  0.12%  19.7  923s
  5730  1921 354252.746  138  310 354250.998 354682.284  0.12%  19.6  931s
  5945  2013 354501.909   24  378 354250.998 354673.370  0.12%  19.5  951s
  6067  2013 354423.792   26  391 354250.998 354673.102  0.12%  19.4  958s
  6228  2171 354430.370   26  381 354250.998 354665.728  0.12%  19.3  979s
  6540  2250 354275.246   35  381 354250.998 354662.234  0.12%  19.2 1000s
  6585  2250 354297.601   31  398 354250.998 354662.234  0.12%  19.1 1008s
  6691  2250 354272.750   93  350 354250.998 354662.234  0.12%  19.0 1017s
  6837  2395 354330.025   27  395 354250.998 354659.326  0.12%  19.0 1026s
  6913  2395 354267.581   37  369 354250.998 354659.326  0.12%  18.9 1033s
  6920  2395 354535.195   24  387 354250.998 354659.326  0.12%  18.9 1040s
  7184  2569 354501.820   26  385 354250.998 354646.123  0.11%  18.7 1074s
  7421  2569 354432.164   24  380 354250.998 354644.548  0.11%  18.7 1103s
  7532  2697 354295.923   24  386 354250.998 354638.565  0.11%  18.6 1114s
  7706  2697 354251.797   52  388 354250.998 354636.532  0.11%  18.5 1135s
  7900  2873 354492.219   21  380 354250.998 354632.037  0.11%  18.5 1151s
  8079  2873 354273.033   38  390 354250.998 354631.868  0.11%  18.3 1167s
  8324  3034 354461.328   23  379 354250.998 354624.356  0.11%  18.2 1187s
  8477  3034 354288.267   24  386 354250.998 354623.515  0.11%  18.1 1194s
  8626  3034 354504.801   21  386 354250.998 354623.046  0.11%  18.0 1211s

Explored 8750 nodes (167803 simplex iterations) in 1215.40 seconds (268.27 work units)
Thread count was 8 (of 8 available processors)

Solution count 10: 354251 354248 354243 ... 353320

Time limit reached
Best objective 3.542509976978e+05, best bound 3.546175355560e+05, gap 0.1035%

User-callback calls 29467, time in user-callback 752.94 sec
