
Gurobi 9.5.2 (win64) logging started Wed Apr  5 23:39:15 2023

Set parameter LogFile to value "2023-04-05_23hr-02min-04sec/Nodes100_Arcs1980_LocNodes75/Formulation-2Instance-1.log"
Set parameter TimeLimit to value 1200
Set parameter IntFeasTol to value 1e-09
Set parameter DualReductions to value 0
Set parameter NonConvex to value 2
Gurobi Optimizer version 9.5.2 build v9.5.2rc0 (win64)
Thread count: 4 physical cores, 8 logical processors, using up to 8 threads
Optimize a model with 2256 rows, 4410 columns and 12580 nonzeros
Model fingerprint: 0x14c88f4b
Model has 2080 quadratic objective terms
Model has 2080 SOS constraints
Variable types: 4335 continuous, 75 integer (75 binary)
Coefficient statistics:
  Matrix range     [4e-04, 2e+02]
  Objective range  [1e-03, 1e+03]
  QObjective range [9e-04, 8e+00]
  Bounds range     [1e+00, 1e+00]
  RHS range        [1e-03, 7e+03]
Presolve time: 0.01s
Presolved: 2256 rows, 4410 columns, 12580 nonzeros
Presolved model has 2080 SOS constraint(s)
Presolved model has 2080 quadratic objective terms
Variable types: 4335 continuous, 75 integer (75 binary)

Root relaxation: objective 4.118574e+05, 7077 iterations, 0.53 seconds (0.83 work units)

    Nodes    |    Current Node    |     Objective Bounds      |     Work
 Expl Unexpl |  Obj  Depth IntInf | Incumbent    BestBd   Gap | It/Node Time

     0     0 411857.374    0  135          - 411857.374      -     -    0s
H    0     0                    398949.17246 411857.374  3.24%     -    2s
     0     0 411857.374    0  135 398949.172 411857.374  3.24%     -    2s
H    0     2                    403326.90216 411857.374  2.12%     -    8s
     0     2 411857.374    0  135 403326.902 411857.374  2.12%     -    8s
    23    28 410944.474    6  138 403326.902 411697.637  2.08%  14.7   10s
H   57    66                    405725.64635 411697.637  1.47%  14.0   11s
   130   140 410381.821   26  127 405725.646 411697.637  1.47%  17.0   15s
H  149   157                    410306.10703 411697.637  0.34%  20.2   17s
H  259   198                    410640.94867 411697.637  0.26%  16.7   21s
   371   224 411004.999   14  128 410640.949 411493.318  0.21%  14.9   27s
   505   214 410711.631   33  130 410640.949 411493.318  0.21%  13.2   30s
H  538   214                    410644.08865 411493.318  0.21%  12.8   33s
   591   222 411329.204    6  141 410644.089 411412.702  0.19%  12.5   35s
   657   264 410810.384   21  129 410644.089 411412.483  0.19%  12.4   42s
   884   357 411080.849    8  149 410644.089 411345.728  0.17%  11.5   48s
   944   373 410837.567   12  144 410644.089 411345.728  0.17%  11.3   52s
  1009   398 410707.904   21  140 410644.089 411338.282  0.17%  11.0   55s
  1140   445 410704.745   15  137 410644.089 411326.862  0.17%  10.7   61s
  1316   508 410790.501   16  132 410644.089 411305.610  0.16%  10.7   65s
  1459   544 410801.259   19  133 410644.089 411279.282  0.15%  10.6   73s
  1541   584 410668.806   20  136 410644.089 411274.407  0.15%  10.5   88s
  1545   586 410645.982   21  138 410644.089 411274.407  0.15%  10.5   97s
H 1548   584                    410644.57155 411274.407  0.15%  10.5   97s
  1605   643     cutoff   15      410644.572 411236.350  0.14%  10.6  100s
  1694   686 411020.935   14  128 410644.572 411235.216  0.14%  10.4  106s
  1790   722 410705.198   34  122 410644.572 411230.232  0.14%  10.4  115s
  2008   838 410661.951   29  134 410644.572 411204.929  0.14%  10.2  123s
  2117   839 410758.317   25   24 410644.572 411197.575  0.13%  10.1  130s
  2119   840 411169.699   10  222 410644.572 411197.575  0.13%  10.1  144s
  2122   842 411183.569   10   73 410644.572 411197.575  0.13%  10.1  228s
  2123   844 411197.575   15  196 410644.572 411197.575  0.13%  13.0  230s
  2155   869 410886.010   20  178 410644.572 411197.575  0.13%  13.1  240s
H 2161   824                    410644.62224 411197.575  0.13%  13.1  240s
  2258   851 411197.575   24  175 410644.622 411197.575  0.13%  13.2  245s
  2430   885     cutoff   43      410644.622 411197.575  0.13%  12.9  251s
  2581   878 411144.490   25  178 410644.622 411197.575  0.13%  12.6  259s
  2614   883 410945.901   29  168 410644.622 411197.575  0.13%  12.6  262s
  2718   898 410765.320   41  169 410644.622 411197.575  0.13%  12.4  266s
  2803   896     cutoff   66      410644.622 411197.575  0.13%  12.3  270s
  2960   928 410759.228   38  172 410644.622 411197.575  0.13%  12.1  279s
  3047   936 410980.844   24  188 410644.622 411197.575  0.13%  12.1  280s
  3142   935     cutoff   46      410644.622 411197.575  0.13%  12.0  285s
  3198   922 411004.999   29  172 410644.622 411197.575  0.13%  12.0  326s
  3289   948 410826.338   38  168 410644.622 411197.575  0.13%  11.9  332s
  3401   956     cutoff   54      410644.622 411197.575  0.13%  11.8  339s
  3412   984 410651.278   55  168 410644.622 411197.575  0.13%  11.8  340s
  3567  1011 410667.720   33  158 410644.622 411197.575  0.13%  11.7  349s
  3662  1022 410808.824   28  180 410644.622 411197.575  0.13%  11.6  355s
  3751  1033     cutoff   30      410644.622 411197.575  0.13%  11.5  360s
  3945  1040 410844.609   38  162 410644.622 411197.575  0.13%  11.3  371s
  4034  1010     cutoff   45      410644.622 411197.575  0.13%  11.2  379s
  4046  1046 410749.641   49  163 410644.622 411197.575  0.13%  11.2  380s
  4270  1037 410736.778   40  178 410644.622 411197.061  0.13%  11.0  387s
  4379  1058 410658.444   31  170 410644.622 411181.542  0.13%  10.9  393s
  4502  1069 410652.463   36  173 410644.622 411172.200  0.13%  10.9  399s
  4581  1063 410945.327   26  192 410644.622 411164.925  0.13%  10.9  402s
  4793  1196     cutoff   53      410644.622 411161.736  0.13%  10.7  410s
  5092  1278 411005.160   26  185 410644.622 411137.735  0.12%  10.6  420s
H 5114  1266                    410649.51909 411137.735  0.12%  10.6  422s
  5247  1371     cutoff   34      410649.519 411137.735  0.12%  10.6  428s
  5405  1428 410667.497   48  178 410649.519 411135.477  0.12%  10.6  433s
  5587  1525     cutoff   39      410649.519 411127.470  0.12%  10.5  442s
  5624  1525 410729.868   33  161 410649.519 411125.875  0.12%  10.5  446s
  5794  1630 410827.713   28  191 410649.519 411112.648  0.11%  10.4  453s
  5996  1697 410649.555   30  170 410649.519 411104.806  0.11%  10.3  465s
  6188  1765 410732.722   33  171 410649.519 411097.301  0.11%  10.3  471s
  6407  1859 410785.644   45  170 410649.519 411093.958  0.11%  10.2  479s
  6623  1910     cutoff   35      410649.519 411082.091  0.11%  10.2  489s
  6826  1910 410829.466   32  179 410649.519 411082.091  0.11%  10.2  495s
  7123  2000 410736.001   63  150 410649.519 411082.091  0.11%  10.1  515s
  7400  2179     cutoff   80      410649.519 411082.091  0.11%  10.1  531s
  7691  2293 410679.637  101  113 410649.519 411082.091  0.11%  10.0  545s
  7974  2371 410667.672  120   95 410649.519 411082.091  0.11%  10.0  554s
  8162  2371 410800.335   33  183 410649.519 411082.091  0.11%   9.9  561s
  8524  2567     cutoff  157      410649.519 411043.709  0.10%   9.8  576s
H 8696  2486                    410663.20782 411037.630  0.09%   9.8  582s
  9165  2598 410701.320   42  195 410663.208 411026.784  0.09%   9.7  594s
  9212  2693 410792.971   34  170 410663.208 411026.717  0.09%   9.7  596s
  9424  2693 410727.378   30  190 410663.208 411024.404  0.09%   9.7  607s
  9659  2866 410718.723   32  191 410663.208 411016.906  0.09%   9.7  618s
 10166  3032 410793.271   28  194 410663.208 411006.077  0.08%   9.6  636s
 10685  3153 410799.343   34  179 410663.208 410999.119  0.08%   9.5  652s
 10937  3153 410877.402   30  177 410663.208 410999.119  0.08%   9.5  660s
 11232  3222     cutoff   37      410663.208 410990.317  0.08%   9.5  670s
 11535  3222 410787.065   31  165 410663.208 410986.476  0.08%   9.4  678s
 11642  3398 410671.841   31  172 410663.208 410983.842  0.08%   9.4  680s
 12245  3574 410711.343   42  172 410663.208 410973.236  0.08%   9.3  698s
 12294  3574 410669.259   59  157 410663.208 410970.827  0.07%   9.3  705s
 12882  3738     cutoff   27      410663.208 410965.937  0.07%   9.3  732s
 13065  3738 410673.327   46  179 410663.208 410963.758  0.07%   9.2  739s
 13563  3932 410685.992   49  172 410663.208 410956.049  0.07%   9.2  755s
 13855  3932 410670.844   37  190 410663.208 410955.103  0.07%   9.2  768s
 14330  4107     cutoff   36      410663.208 410943.335  0.07%   9.1  788s
 14542  4107 410689.809   32  168 410663.208 410942.586  0.07%   9.1  795s
 14876  4107 410775.242   33  176 410663.208 410942.203  0.07%   9.1  811s
 15218  4322 410771.319   32  187 410663.208 410932.868  0.07%   9.0  828s
 15454  4322 410819.038   35  175 410663.208 410932.857  0.07%   9.0  836s
 16188  4493 410827.162   32  187 410663.208 410924.832  0.06%   9.0  874s
 16296  4493 410711.829   27  186 410663.208 410924.832  0.06%   8.9  880s
 17172  4695 410762.857   40  161 410663.208 410914.256  0.06%   8.9  910s
 17675  4695 410775.327   32  161 410663.208 410913.756  0.06%   8.8  928s
 18258  4801 410744.063   38  177 410663.208 410907.851  0.06%   8.8  939s
 18532  4801 410732.024   30  194 410663.208 410907.194  0.06%   8.8  945s
 18849  4889     cutoff   42      410663.208 410904.955  0.06%   8.8  960s
 19952  5015 410728.213   33  169 410663.208 410892.567  0.06%   8.8 1000s
 20054  5015 410776.064   36  172 410663.208 410892.567  0.06%   8.8 1005s
 20749  5015 410685.423   46  180 410663.208 410890.783  0.06%   8.8 1033s
 21128  5078 410665.910   39  171 410663.208 410881.633  0.05%   8.8 1048s
 21214  5078 410702.708   46  152 410663.208 410881.633  0.05%   8.8 1054s
 21423  5078 410736.568   37  160 410663.208 410880.485  0.05%   8.8 1064s
H22347  5058                    410665.28059 410868.024  0.05%   8.8 1141s
 22357  5060     cutoff   35      410665.281 410866.943  0.05%   8.8 1167s
H22360  5058                    410665.42373 410866.943  0.05%   8.8 1167s
 22368  5119     cutoff   28      410665.424 410866.510  0.05%   8.8 1172s
 22487  5119 410669.734   55  164 410665.424 410866.379  0.05%   8.8 1177s
 22561  5119 410672.062   30  199 410665.424 410866.379  0.05%   8.8 1182s
 23078  5156 410793.877   33  174 410665.424 410864.468  0.05%   8.8 1200s

Explored 23913 nodes (216054 simplex iterations) in 1219.80 seconds (166.31 work units)
Thread count was 8 (of 8 available processors)

Solution count 10: 410665 410665 410663 ... 405726

Time limit reached
Best objective 4.106654237308e+05, best bound 4.108557832193e+05, gap 0.0464%

User-callback calls 60023, time in user-callback 878.35 sec
