
Gurobi 9.5.2 (win64) logging started Thu Apr  6 04:03:28 2023

Set parameter LogFile to value "2023-04-05_23hr-02min-04sec/Nodes100_Arcs8090_LocNodes75/Formulation-2Instance-1.log"
Set parameter TimeLimit to value 1200
Set parameter IntFeasTol to value 1e-09
Set parameter DualReductions to value 0
Set parameter NonConvex to value 2
Gurobi Optimizer version 9.5.2 build v9.5.2rc0 (win64)
Thread count: 4 physical cores, 8 logical processors, using up to 8 threads
Optimize a model with 8366 rows, 16630 columns and 49240 nonzeros
Model fingerprint: 0x86058c2e
Model has 8190 quadratic objective terms
Model has 8190 SOS constraints
Variable types: 16555 continuous, 75 integer (75 binary)
Coefficient statistics:
  Matrix range     [4e-04, 2e+02]
  Objective range  [1e-04, 1e+03]
  QObjective range [9e-04, 8e+00]
  Bounds range     [1e+00, 1e+00]
  RHS range        [1e-04, 7e+03]
Presolve time: 0.09s
Presolved: 8366 rows, 16630 columns, 49240 nonzeros
Presolved model has 8190 SOS constraint(s)
Presolved model has 8190 quadratic objective terms
Variable types: 16555 continuous, 75 integer (75 binary)

Root simplex log...

Iteration    Objective       Primal Inf.    Dual Inf.      Time
   19688    3.4883689e+05   1.823420e+04   0.000000e+00      5s
   25256    2.9891665e+05   1.102645e+01   0.000000e+00     10s
   25524    2.9891157e+05   0.000000e+00   0.000000e+00     10s

Root relaxation: objective 2.989116e+05, 25524 iterations, 9.94 seconds (11.26 work units)

    Nodes    |    Current Node    |     Objective Bounds      |     Work
 Expl Unexpl |  Obj  Depth IntInf | Incumbent    BestBd   Gap | It/Node Time

     0     0 298911.575    0  465          - 298911.575      -     -   10s
     0     0 298911.210    0  465          - 298911.210      -     -   26s
     0     2 298911.210    0  465          - 298911.210      -     -   61s
     3     8 298740.696    2  482          - 298852.696      -  77.0   65s
    23    28 298522.106    6  486          - 298796.142      -  64.4   70s
    48    55 298381.254   10  502          - 298796.142      -  63.4   75s
    60    67 298350.807   12  528          - 298796.142      -  60.5   80s
    72    79 298304.952   14  547          - 298796.142      -  63.4   85s
    94   104 298147.762   19  505          - 298796.142      -  69.3   95s
   112   124 297999.451   22  528          - 298796.142      -  75.7  104s
   123   137 298235.257   24  529          - 298796.142      -  74.7  105s
   156   161 298092.195   31  504          - 298796.142      -  68.8  115s
   160   174 298194.720   31  523          - 298796.142      -  72.6  121s
   173   189 298169.737   33  484          - 298796.142      -  74.1  129s
   188   208 298187.075   35  524          - 298796.142      -  75.2  134s
   207   228 298185.432   37  526          - 298796.142      -  76.7  139s
   227   240 298175.303   40  530          - 298796.142      -  77.5  145s
   260   276 298059.182   45  528          - 298796.142      -  80.9  153s
   275   294 298168.408   45  529          - 298796.142      -  81.0  158s
   293   319 298163.786   48  527          - 298796.142      -  81.9  168s
   318   346 298157.957   51  522          - 298796.142      -  85.9  173s
   345   364 298045.932   55  571          - 298796.142      -  88.9  179s
   363   386 298148.285   57  513          - 298796.142      -  91.1  186s
   385   410 298145.002   59  511          - 298796.142      -  95.1  190s
   409   428 297974.701   61  526          - 298796.142      -  96.0  195s
   427   460 298136.366   62  506          - 298796.142      -  97.2  201s
   459   482 297959.325   68  556          - 298796.142      -  97.2  206s
   481   515 298129.380   68  502          - 298796.142      -  98.4  212s
   514   550 298127.535   73  499          - 298796.142      -   100  218s
   549   584 298123.866   78  497          - 298796.142      -   100  225s
   583   639 298114.240   84  501          - 298796.142      -   101  233s
   638   697 298105.465   91  499          - 298796.142      -  98.6  241s
   696   738 297945.216  100  539          - 298796.142      -  96.4  250s
   737   774 298077.318  105  479          - 298796.142      -  96.6  257s
   773   819 298080.256  111  489          - 298796.142      -  97.0  264s
   820   853 298075.938  117  489          - 298796.142      -  98.2  273s
   854   892 298074.126  122  487          - 298796.142      -   101  282s
   897   945 297080.923  125  632          - 298796.142      -   104  291s
   952  1020 298059.537  127  496          - 298796.142      -   104  299s
  1027  1067 297986.791  137  484          - 298796.142      -   103  310s
  1078  1106 297860.477  142  491          - 298796.142      -   104  319s
  1119  1172 298018.288  150  498          - 298796.142      -   105  328s
  1191  1235 297605.231  164  596          - 298796.142      -   105  338s
  1254  1281 infeasible  174               - 298796.142      -   106  381s
  1302  1334 298000.567  180  487          - 298796.142      -   107  393s
  1371  1397 297805.363  188  548          - 298796.142      -   111  406s
  1444  1468 297944.043  192  507          - 298796.142      -   114  417s
  1519  1548 297916.959  196  508          - 298796.142      -   115  429s
  1611  1631 297931.777  211  507          - 298796.142      -   116  440s
  1716  1713 297543.516  227  574          - 298796.142      -   118  456s
  1818  1803 297913.371  240  495          - 298796.142      -   121  469s
  1920  1883 297909.601  252  490          - 298796.142      -   123  480s
  2024  1946 297845.940  267  525          - 298796.142      -   125  494s
  2111  2014 infeasible  280               - 298796.142      -   129  516s
  2207  2083 infeasible  293               - 298796.142      -   131  531s
  2314  2185 297290.573  306  652          - 298796.142      -   134  545s
  2446  2282 297878.394  325  467          - 298796.142      -   136  561s
  2563  2345 294953.739  340  641          - 298796.142      -   139  577s
  2694  2401 297760.060  350  522          - 298796.142      -   142  593s
  2812  2472 297852.610  362  469          - 298796.142      -   145  613s
  2941  2534 infeasible  383               - 298796.142      -   148  631s
  3071  2603 infeasible  398               - 298796.142      -   152  677s
  3210  2671 infeasible  416               - 298796.142      -   155  697s
  3356  2760 infeasible  434               - 298796.142      -   158  718s
  3511  2843 297807.469  451  459          - 298796.142      -   161  743s
  3666  2894 297795.214  468  454          - 298796.142      -   163  765s
  3805  2969 infeasible  486               - 298796.142      -   167  789s
  3970  3073 infeasible  503               - 298796.142      -   171  812s
  4154  3159 297662.953  522  425          - 298796.142      -   173  839s
  4336  3240 297683.954  546  408          - 298796.142      -   176  995s
  4475  3349 297678.391  563  394          - 298796.142      -   178 1022s
  4702  3458 297664.182  594  386          - 298796.142      -   180 1055s
  4897  3525 infeasible  614               - 298796.142      -   183 1089s
  5062  3567 297657.238  632  356          - 298796.142      -   187 1122s
  5209  3569 298002.804  158   23          - 298796.142      -   192 1147s

Explored 5210 nodes (1050674 simplex iterations) in 1200.18 seconds (2354.87 work units)
Thread count was 8 (of 8 available processors)

Solution count 0

Time limit reached
Best objective -, best bound 2.987961419178e+05, gap -

User-callback calls 24782, time in user-callback 0.23 sec
